<?xml version="1.0" encoding="utf-8"?><testsuites name="pytest tests"><testsuite name="pytest" errors="0" failures="12" skipped="3" tests="1394" time="200.739" timestamp="2026-04-06T12:44:48.578788-03:00" hostname="DESKTOP-LMMSA34"><testcase classname="" name="tests.e2e.test_diagnostic" time="0.000"><skipped message="collection skipped">('C:\\Users\\Micro\\Documents\\Visual Studio\\robo_sistema.binace.api\\tests\\e2e\\test_diagnostic.py', 14, 'Skipped: OptimizationDiagnostic OOP classes not available in diagnose_optimization.py')</skipped></testcase><testcase classname="" name="tests.e2e.test_orchestrator_initialization" time="0.000"><skipped message="collection skipped">('C:\\Users\\Micro\\Documents\\Visual Studio\\robo_sistema.binace.api\\tests\\e2e\\test_orchestrator_initialization.py', 9, 'Skipped: TestOrchestratorConfig not available in tests.fixtures')</skipped></testcase><testcase classname="tests.e2e.test_export_signals" name="test_chart_signal_creation" time="0.005" /><testcase classname="tests.e2e.test_export_signals" name="test_determine_side" time="0.002" /><testcase classname="tests.e2e.test_export_signals" name="test_calculate_strength" time="0.002" /><testcase classname="tests.e2e.test_export_signals" name="test_symbol_mapping" time="0.003" /><testcase classname="tests.e2e.test_export_signals" name="test_event_to_signal_conversion" time="0.003" /><testcase classname="tests.e2e.test_market_orchestrator_comprehensive.TestMarketOrchestratorComprehensive" name="test_initialization" time="0.002" /><testcase classname="tests.e2e.test_market_orchestrator_comprehensive.TestMarketOrchestratorComprehensive" name="test_start_and_stop" time="0.006" /><testcase classname="tests.e2e.test_market_orchestrator_comprehensive.TestMarketOrchestratorComprehensive" name="test_process_market_data_success" time="0.011" /><testcase classname="tests.e2e.test_market_orchestrator_comprehensive.TestMarketOrchestratorComprehensive" name="test_process_market_data_without_ai" time="0.007" /><testcase classname="tests.e2e.test_market_orchestrator_comprehensive.TestMarketOrchestratorComprehensive" name="test_process_market_data_with_ai_error" time="0.007" /><testcase classname="tests.e2e.test_market_orchestrator_comprehensive.TestMarketOrchestratorComprehensive" name="test_process_market_data_orchestrator_not_running" time="0.007" /><testcase classname="tests.e2e.test_market_orchestrator_comprehensive.TestMarketOrchestratorComprehensive" name="test_process_market_data_with_exception" time="0.006" /><testcase classname="tests.e2e.test_market_orchestrator_comprehensive.TestMarketOrchestratorComprehensive" name="test_execute_trade_flow_success" time="0.007" /><testcase classname="tests.e2e.test_market_orchestrator_comprehensive.TestMarketOrchestratorComprehensive" name="test_execute_trade_flow_risk_rejection" time="0.006" /><testcase classname="tests.e2e.test_market_orchestrator_comprehensive.TestMarketOrchestratorComprehensive" name="test_execute_trade_flow_cooldown_active" time="0.008" /><testcase classname="tests.e2e.test_market_orchestrator_comprehensive.TestMarketOrchestratorComprehensive" name="test_execute_trade_flow_execution_failure" time="0.008" /><testcase classname="tests.e2e.test_market_orchestrator_comprehensive.TestMarketOrchestratorComprehensive" name="test_execute_trade_flow_with_exception" time="0.007" /><testcase classname="tests.e2e.test_market_orchestrator_comprehensive.TestMarketOrchestratorComprehensive" name="test_execute_trade_flow_orchestrator_not_running" time="0.007" /><testcase classname="tests.e2e.test_market_orchestrator_comprehensive.TestMarketOrchestratorComprehensive" name="test_add_position" time="0.004" /><testcase classname="tests.e2e.test_market_orchestrator_comprehensive.TestMarketOrchestratorComprehensive" name="test_add_position_duplicate" time="0.004" /><testcase classname="tests.e2e.test_market_orchestrator_comprehensive.TestMarketOrchestratorComprehensive" name="test_update_position" time="0.005" /><testcase classname="tests.e2e.test_market_orchestrator_comprehensive.TestMarketOrchestratorComprehensive" name="test_update_position_with_risk_manager" time="0.004" /><testcase classname="tests.e2e.test_market_orchestrator_comprehensive.TestMarketOrchestratorComprehensive" name="test_remove_position" time="0.004" /><testcase classname="tests.e2e.test_market_orchestrator_comprehensive.TestMarketOrchestratorComprehensive" name="test_remove_position_without_exit_price" time="0.004" /><testcase classname="tests.e2e.test_market_orchestrator_comprehensive.TestMarketOrchestratorComprehensive" name="test_get_portfolio_summary" time="0.007" /><testcase classname="tests.e2e.test_market_orchestrator_comprehensive.TestMarketOrchestratorComprehensive" name="test_get_portfolio_summary_empty" time="0.004" /><testcase classname="tests.e2e.test_market_orchestrator_comprehensive.TestMarketOrchestratorComprehensive" name="test_can_execute_trade" time="0.004" /><testcase classname="tests.e2e.test_market_orchestrator_comprehensive.TestMarketOrchestratorComprehensive" name="test_get_cooldown_remaining" time="0.004" /><testcase classname="tests.e2e.test_market_orchestrator_comprehensive.TestMarketOrchestratorComprehensive" name="test_check_position_limits" time="0.006" /><testcase classname="tests.e2e.test_market_orchestrator_comprehensive.TestMarketOrchestratorComprehensive" name="test_check_daily_loss_limit" time="0.007" /><testcase classname="tests.e2e.test_market_orchestrator_comprehensive.TestMarketOrchestratorComprehensive" name="test_error_state_detection" time="0.007" /><testcase classname="tests.e2e.test_market_orchestrator_comprehensive.TestMarketOrchestratorComprehensive" name="test_error_recovery" time="0.008" /><testcase classname="tests.e2e.test_market_orchestrator_comprehensive.TestMarketOrchestratorComprehensive" name="test_get_performance_metrics" time="0.008" /><testcase classname="tests.e2e.test_market_orchestrator_comprehensive.TestMarketOrchestratorComprehensive" name="test_update_configuration" time="0.007" /><testcase classname="tests.e2e.test_market_orchestrator_comprehensive.TestMarketOrchestratorComprehensive" name="test_serialize_state" time="0.008" /><testcase classname="tests.e2e.test_market_orchestrator_comprehensive.TestMarketOrchestratorComprehensive" name="test_deserialize_state" time="0.004" /><testcase classname="tests.e2e.test_market_orchestrator_comprehensive.TestMarketOrchestratorComprehensive" name="test_serialize_deserialize_roundtrip" time="0.004" /><testcase classname="tests.e2e.test_market_orchestrator_comprehensive.TestMarketOrchestratorComprehensive" name="test_process_market_data_stream" time="0.009" /><testcase classname="tests.e2e.test_market_orchestrator_comprehensive.TestMarketOrchestratorComprehensive" name="test_process_market_data_stream_stopped" time="0.015" /><testcase classname="tests.e2e.test_market_orchestrator_comprehensive.TestMarketOrchestratorComprehensive" name="test_emergency_stop" time="0.005" /><testcase classname="tests.e2e.test_market_orchestrator_comprehensive.TestMarketOrchestratorComprehensive" name="test_emergency_stop_no_positions" time="0.004" /><testcase classname="tests.e2e.test_market_orchestrator_comprehensive.TestMarketOrchestratorComprehensive" name="test_emergency_stop_with_trade_executor_error" time="0.005" /><testcase classname="tests.e2e.test_market_orchestrator_comprehensive.TestMarketOrchestratorComprehensive" name="test_health_check" time="0.004" /><testcase classname="tests.e2e.test_market_orchestrator_comprehensive.TestMarketOrchestratorComprehensive" name="test_health_check_missing_critical_components" time="0.003" /><testcase classname="tests.e2e.test_market_orchestrator_comprehensive.TestMarketOrchestratorComprehensive" name="test_health_check_missing_non_critical_components" time="0.004" /><testcase classname="tests.e2e.test_market_orchestrator_comprehensive.TestMarketOrchestratorComprehensive" name="test_health_check_not_running" time="0.004" /><testcase classname="tests.e2e.test_market_orchestrator_comprehensive.TestMarketOrchestratorComprehensive" name="test_generate_analytics_report" time="0.013" /><testcase classname="tests.e2e.test_market_orchestrator_comprehensive.TestMarketOrchestratorComprehensive" name="test_generate_analytics_report_no_trades" time="0.004" /><testcase classname="tests.e2e.test_market_orchestrator_comprehensive.TestMarketOrchestratorComprehensive" name="test_generate_analytics_report_with_filtering" time="0.004" /><testcase classname="tests.e2e.test_market_orchestrator_comprehensive.TestMarketOrchestratorComprehensive" name="test_memory_usage" time="0.005" /><testcase classname="tests.e2e.test_market_orchestrator_comprehensive.TestMarketOrchestratorComprehensive" name="test_concurrent_trade_requests" time="0.007" /><testcase classname="tests.e2e.test_market_orchestrator_comprehensive.TestMarketOrchestratorComprehensive" name="test_concurrent_market_data_processing" time="0.008" /><testcase classname="tests.e2e.test_market_orchestrator_comprehensive.TestMarketOrchestratorComprehensive" name="test_integration_scenario_complete_trading_cycle" time="0.007" /><testcase classname="tests.e2e.test_market_orchestrator_comprehensive.TestMarketOrchestratorComprehensive" name="test_integration_scenario_error_recovery" time="0.007" /><testcase classname="tests.e2e.test_market_orchestrator_comprehensive.TestMarketOrchestratorComprehensive" name="test_stress_test_high_frequency_updates" time="0.023" /><testcase classname="tests.e2e.test_market_orchestrator_comprehensive.TestMarketOrchestratorComprehensive" name="test_stress_test_memory_usage_with_many_positions" time="0.044" /><testcase classname="tests.e2e.test_market_orchestrator_comprehensive.TestMarketOrchestratorComprehensive" name="test_edge_case_empty_market_data" time="0.003" /><testcase classname="tests.e2e.test_market_orchestrator_comprehensive.TestMarketOrchestratorComprehensive" name="test_edge_case_invalid_trade_signal" time="0.004" /><testcase classname="tests.e2e.test_market_orchestrator_comprehensive.TestMarketOrchestratorComprehensive" name="test_edge_case_extreme_values" time="0.004" /><testcase classname="tests.e2e.test_market_orchestrator_comprehensive.TestMarketOrchestratorComprehensive" name="test_edge_case_unicode_symbols" time="0.005" /><testcase classname="tests.e2e.test_market_orchestrator_comprehensive.TestMarketOrchestratorComprehensive" name="test_robustness_against_none_values" time="0.004" /><testcase classname="tests.e2e.test_market_orchestrator_comprehensive.TestMarketOrchestratorComprehensive" name="test_robustness_against_type_errors" time="0.004" /><testcase classname="tests.e2e.test_market_orchestrator_comprehensive.TestMarketOrchestratorComprehensive" name="test_performance_large_portfolio_operations" time="0.023" /><testcase classname="tests.e2e.test_market_orchestrator_comprehensive.TestMarketOrchestratorComprehensive" name="test_performance_many_trade_history_operations" time="0.087" /><testcase classname="tests.e2e.test_performance_benchmarks.TestPerformanceBenchmarks" name="test_orderbook_update_performance" time="0.009" /><testcase classname="tests.e2e.test_performance_benchmarks.TestPerformanceBenchmarks" name="test_orderbook_analyzer_performance" time="0.004" /><testcase classname="tests.e2e.test_performance_benchmarks.TestPerformanceBenchmarks" name="test_market_orchestrator_throughput" time="13.065"><failure message="AssertionError: Throughput baixo: 77 msg/sec&#10;assert 76.58295901423367 &gt; 100">E   AssertionError: Throughput baixo: 77 msg/sec
    assert 76.58295901423367 &gt; 100</failure></testcase><testcase classname="tests.e2e.test_performance_benchmarks.TestPerformanceBenchmarks" name="test_memory_usage_growth" time="0.211" /><testcase classname="tests.e2e.test_performance_benchmarks.TestPerformanceBenchmarks" name="test_concurrent_performance" time="3.414"><failure message="AssertionError: Throughput concorrente baixo: 293 msg/sec&#10;assert 293.2017427811644 &gt; 500">E   AssertionError: Throughput concorrente baixo: 293 msg/sec
    assert 293.2017427811644 &gt; 500</failure></testcase><testcase classname="tests.e2e.test_system_health.TestMLFeatureCompleteness" name="test_feature_completeness_after_warmup" time="0.006" /><testcase classname="tests.e2e.test_system_health.TestXGBoostNotFrozen" name="test_predictions_vary_with_different_inputs" time="0.030"><failure message="AssertionError: Modelo congelado: 0.5 vs 0.5&#10;assert 0.0 &gt; 0.01&#10; +  where 0.0 = abs((0.5 - 0.5))">E   AssertionError: Modelo congelado: 0.5 vs 0.5
    assert 0.0 &gt; 0.01
     +  where 0.0 = abs((0.5 - 0.5))</failure></testcase><testcase classname="tests.e2e.test_system_health.TestHybridDecisionConflict" name="test_conflict_buy_sell_reduces_confidence" time="0.004"><failure message="AssertionError: assert 0.89 &lt; 0.89&#10; +  where 0.89 = DecisionResult(action='sell', confidence=0.89, sentiment='bearish', rationale='[HYBRID_ENABLED=False] test', source='llm_only', model_prob_up=None, model_confidence=None, llm_action=None, llm_confidence=None, ensemble_score=None, entry_zone=None, invalidation_zone=None, region_type=None, conflict_detected=False, llm_is_fallback=False).confidence">E   AssertionError: assert 0.89 &lt; 0.89
     +  where 0.89 = DecisionResult(action='sell', confidence=0.89, sentiment='bearish', rationale='[HYBRID_ENABLED=False] test', source='llm_only', model_prob_up=None, model_confidence=None, llm_action=None, llm_confidence=None, ensemble_score=None, entry_zone=None, invalidation_zone=None, region_type=None, conflict_detected=False, llm_is_fallback=False).confidence</failure></testcase><testcase classname="tests.e2e.test_system_health.TestPayloadSize" name="test_compact_builder_output_size" time="0.007" /><testcase classname="tests.e2e.test_system_health.TestDynamicDeltaThreshold" name="test_threshold_nonzero_after_warmup" time="0.002" /><testcase classname="tests.e2e.test_system_health.TestPriceTargets" name="test_targets_with_minimal_data" time="0.006"><failure message="assert 0 &gt; 0&#10; +  where 0 = len([])">E   assert 0 &gt; 0
     +  where 0 = len([])</failure></testcase><testcase classname="tests.e2e.test_websocket" name="test_binance_stream" time="12.810" /><testcase classname="tests.integration.test_ai_analyzer_mock" name="test_ai_analyzer_mock_mode" time="4.844" /><testcase classname="tests.integration.test_ai_llm_fallback_flow" name="test_groq_json_validate_failed_generates_structured_fallback" time="0.039" /><testcase classname="tests.integration.test_ai_llm_fallback_flow" name="test_invalid_parser_output_generates_structured_fallback" time="0.017" /><testcase classname="tests.integration.test_ai_llm_fallback_flow" name="test_groq_uses_standard_prompt_instead_of_compressed" time="0.003" /><testcase classname="tests.integration.test_ai_llm_fallback_flow" name="test_groq_payload_summary_is_reduced" time="0.003" /><testcase classname="tests.integration.test_ai_llm_fallback_flow" name="test_structured_prompt_accepts_compact_payload_without_quant" time="0.003" /><testcase classname="tests.integration.test_ai_llm_fallback_flow" name="test_groq_openai_call_uses_response_format_when_supported" time="0.015" /><testcase classname="tests.integration.test_ai_llm_fallback_flow" name="test_groq_openai_call_falls_back_when_json_mode_is_rejected" time="0.005" /><testcase classname="tests.integration.test_ai_llm_fallback_flow" name="test_try_parse_json_dict_extracts_json_from_markdown_or_text" time="0.002" /><testcase classname="tests.integration.test_ai_llm_fallback_flow" name="test_groq_uses_higher_max_tokens_budget" time="0.002" /><testcase classname="tests.integration.test_ai_llm_fallback_flow" name="test_ai_analyze_ok_emitted_only_for_valid_json" time="0.028" /><testcase classname="tests.integration.test_ai_llm_fallback_flow" name="test_hybrid_decision_source_is_not_llm_when_llm_fails" time="0.010" /><testcase classname="tests.integration.test_ai_llm_fallback_flow" name="test_build_compact_payload_handles_missing_tf_and_vp_is_optional" time="0.004" /><testcase classname="tests.integration.test_ai_llm_fallback_flow" name="test_shutdown_is_idempotent" time="1.021" /><testcase classname="tests.integration.test_ai_llm_fallback_flow" name="test_oci_warning_message_has_correct_path_and_no_pleasee" time="0.002" /><testcase classname="tests.integration.test_ai_runner.TestAIRunner" name="test_ai_runner_initialization" time="0.006" /><testcase classname="tests.integration.test_ai_runner.TestAIRunner" name="test_ai_runner_initialization_default_model" time="0.008" /><testcase classname="tests.integration.test_ai_runner.TestAIRunner" name="test_analyze_with_ai" time="0.012" /><testcase classname="tests.integration.test_ai_runner.TestAIRunner" name="test_analyze_returns_valid_structure" time="0.002" /><testcase classname="tests.integration.test_ai_runner.TestAIRunner" name="test_analyze_fallback_structure" time="0.002" /><testcase classname="tests.integration.test_ai_runner.TestAIRunner" name="test_ai_runner_with_retry_success" time="1.008" /><testcase classname="tests.integration.test_ai_runner.TestAIRunner" name="test_ai_runner_with_retry_failure" time="3.009" /><testcase classname="tests.integration.test_ai_runner.TestAIRunner" name="test_ai_runner_parse_response_json" time="0.006" /><testcase classname="tests.integration.test_ai_runner.TestAIRunner" name="test_ai_runner_parse_response_text" time="0.009" /><testcase classname="tests.integration.test_ai_runner.TestAIRunner" name="test_ai_runner_parse_response_invalid" time="0.006" /><testcase classname="tests.integration.test_ai_runner.TestAIRunner" name="test_ai_analyzer_groq_connection" time="0.001" /><testcase classname="tests.integration.test_ai_runner.TestAIRunner" name="test_ai_analyzer_payload_validation" time="0.002" /><testcase classname="tests.integration.test_ai_runner.TestAIRunner" name="test_ai_analyzer_system_prompt_quality" time="0.001" /><testcase classname="tests.integration.test_ai_runner.TestAIRunner" name="test_payload_compressor_preserves_critical_data" time="0.006" /><testcase classname="tests.integration.test_ai_runner.TestAIRunner" name="test_ai_response_validation" time="0.002" /><testcase classname="tests.integration.test_ai_runner_comprehensive.TestAIRunnerComprehensive" name="test_initialization" time="0.002" /><testcase classname="tests.integration.test_ai_runner_comprehensive.TestAIRunnerComprehensive" name="test_initialization_without_api_key" time="0.001" /><testcase classname="tests.integration.test_ai_runner_comprehensive.TestAIRunnerComprehensive" name="test_config_validation" time="0.002" /><testcase classname="tests.integration.test_ai_runner_comprehensive.TestAIRunnerComprehensive" name="test_analyze_orderbook_success" time="0.008" /><testcase classname="tests.integration.test_ai_runner_comprehensive.TestAIRunnerComprehensive" name="test_analyze_orderbook_with_custom_instructions" time="0.007" /><testcase classname="tests.integration.test_ai_runner_comprehensive.TestAIRunnerComprehensive" name="test_analyze_orderbook_with_retry_success" time="1.010" /><testcase classname="tests.integration.test_ai_runner_comprehensive.TestAIRunnerComprehensive" name="test_analyze_orderbook_with_retry_failure" time="7.015" /><testcase classname="tests.integration.test_ai_runner_comprehensive.TestAIRunnerComprehensive" name="test_analyze_orderbook_rate_limited" time="0.006" /><testcase classname="tests.integration.test_ai_runner_comprehensive.TestAIRunnerComprehensive" name="test_analyze_orderbook_timeout" time="1.007" /><testcase classname="tests.integration.test_ai_runner_comprehensive.TestAIRunnerComprehensive" name="test_analyze_orderbook_circuit_breaker_open" time="0.006" /><testcase classname="tests.integration.test_ai_runner_comprehensive.TestAIRunnerComprehensive" name="test_prepare_prompt" time="0.007" /><testcase classname="tests.integration.test_ai_runner_comprehensive.TestAIRunnerComprehensive" name="test_prepare_prompt_with_minimal_data" time="0.005" /><testcase classname="tests.integration.test_ai_runner_comprehensive.TestAIRunnerComprehensive" name="test_parse_ai_response_valid_json" time="0.003" /><testcase classname="tests.integration.test_ai_runner_comprehensive.TestAIRunnerComprehensive" name="test_parse_ai_response_invalid_json" time="0.003" /><testcase classname="tests.integration.test_ai_runner_comprehensive.TestAIRunnerComprehensive" name="test_parse_ai_response_missing_fields" time="0.004" /><testcase classname="tests.integration.test_ai_runner_comprehensive.TestAIRunnerComprehensive" name="test_parse_ai_response_with_json_in_text" time="0.004" /><testcase classname="tests.integration.test_ai_runner_comprehensive.TestAIRunnerComprehensive" name="test_validate_signal" time="0.003" /><testcase classname="tests.integration.test_ai_runner_comprehensive.TestAIRunnerComprehensive" name="test_ai_runner_parse_response" time="0.002" /><testcase classname="tests.integration.test_ai_runner_comprehensive.TestAIRunnerComprehensive" name="test_batch_analysis" time="0.002" /><testcase classname="tests.integration.test_ai_runner_comprehensive.TestAIRunnerComprehensive" name="test_model_parameter_validation" time="0.003" /><testcase classname="tests.integration.test_ai_runner_comprehensive.TestAIRunnerComprehensive" name="test_streaming_analysis" time="0.009" /><testcase classname="tests.integration.test_ai_runner_comprehensive.TestAIRunnerComprehensive" name="test_streaming_analysis_error" time="0.010" /><testcase classname="tests.integration.test_ai_runner_comprehensive.TestAIRunnerComprehensive" name="test_cost_calculation" time="0.004" /><testcase classname="tests.integration.test_ai_runner_comprehensive.TestAIRunnerComprehensive" name="test_cache_mechanism" time="0.205" /><testcase classname="tests.integration.test_ai_runner_comprehensive.TestAIRunnerComprehensive" name="test_hash_orderbook_consistency" time="0.004" /><testcase classname="tests.integration.test_ai_runner_comprehensive.TestAIRunnerComprehensive" name="test_analyze_with_fallback_success" time="0.008" /><testcase classname="tests.integration.test_ai_runner_comprehensive.TestAIRunnerComprehensive" name="test_analyze_with_fallback_both_fail" time="0.008" /><testcase classname="tests.integration.test_ai_runner_comprehensive.TestAIRunnerComprehensive" name="test_analyze_with_fallback_no_fallback" time="0.008" /><testcase classname="tests.integration.test_ai_runner_comprehensive.TestAIRunnerComprehensive" name="test_prompt_template_management" time="0.003" /><testcase classname="tests.integration.test_ai_runner_comprehensive.TestAIRunnerComprehensive" name="test_get_performance_metrics_comprehensive" time="0.005" /><testcase classname="tests.integration.test_ai_runner_comprehensive.TestAIRunnerComprehensive" name="test_get_error_statistics" time="0.004" /><testcase classname="tests.integration.test_ai_runner_comprehensive.TestAIRunnerComprehensive" name="test_health_check" time="0.003" /><testcase classname="tests.integration.test_ai_runner_comprehensive.TestAIRunnerComprehensive" name="test_confidence_interpretation[0.95-VERY_HIGH]" time="0.004" /><testcase classname="tests.integration.test_ai_runner_comprehensive.TestAIRunnerComprehensive" name="test_confidence_interpretation[0.9-VERY_HIGH]" time="0.003" /><testcase classname="tests.integration.test_ai_runner_comprehensive.TestAIRunnerComprehensive" name="test_confidence_interpretation[0.85-HIGH]" time="0.004" /><testcase classname="tests.integration.test_ai_runner_comprehensive.TestAIRunnerComprehensive" name="test_confidence_interpretation[0.8-HIGH]" time="0.004" /><testcase classname="tests.integration.test_ai_runner_comprehensive.TestAIRunnerComprehensive" name="test_confidence_interpretation[0.75-HIGH]" time="0.003" /><testcase classname="tests.integration.test_ai_runner_comprehensive.TestAIRunnerComprehensive" name="test_confidence_interpretation[0.7-MEDIUM]" time="0.004" /><testcase classname="tests.integration.test_ai_runner_comprehensive.TestAIRunnerComprehensive" name="test_confidence_interpretation[0.65-MEDIUM]" time="0.005" /><testcase classname="tests.integration.test_ai_runner_comprehensive.TestAIRunnerComprehensive" name="test_confidence_interpretation[0.6-MEDIUM]" time="0.003" /><testcase classname="tests.integration.test_ai_runner_comprehensive.TestAIRunnerComprehensive" name="test_confidence_interpretation[0.55-LOW]" time="0.004" /><testcase classname="tests.integration.test_ai_runner_comprehensive.TestAIRunnerComprehensive" name="test_confidence_interpretation[0.5-LOW]" time="0.003" /><testcase classname="tests.integration.test_ai_runner_comprehensive.TestAIRunnerComprehensive" name="test_confidence_interpretation[0.45-LOW]" time="0.004" /><testcase classname="tests.integration.test_ai_runner_comprehensive.TestAIRunnerComprehensive" name="test_confidence_interpretation[0.4-LOW]" time="0.004" /><testcase classname="tests.integration.test_ai_runner_comprehensive.TestAIRunnerComprehensive" name="test_confidence_interpretation[0.35-VERY_LOW]" time="0.003" /><testcase classname="tests.integration.test_ai_runner_comprehensive.TestAIRunnerComprehensive" name="test_confidence_interpretation[0.2-VERY_LOW]" time="0.004" /><testcase classname="tests.integration.test_ai_runner_comprehensive.TestAIRunnerComprehensive" name="test_confidence_interpretation[1.0-VERY_HIGH]" time="0.004" /><testcase classname="tests.integration.test_ai_runner_comprehensive.TestAIRunnerComprehensive" name="test_confidence_interpretation[0.0-VERY_LOW]" time="0.003" /><testcase classname="tests.integration.test_ai_runner_comprehensive.TestAIRunnerComprehensive" name="test_switch_model" time="0.003" /><testcase classname="tests.integration.test_ai_runner_comprehensive.TestAIRunnerComprehensive" name="test_concurrent_requests_handling" time="0.015" /><testcase classname="tests.integration.test_ai_runner_comprehensive.TestAIRunnerComprehensive" name="test_circuit_breaker_logic" time="0.003" /><testcase classname="tests.integration.test_ai_runner_comprehensive.TestAIRunnerComprehensive" name="test_compress_for_context" time="0.009" /><testcase classname="tests.integration.test_ai_runner_comprehensive.TestAIRunnerComprehensive" name="test_generate_cache_key_consistency" time="0.003" /><testcase classname="tests.integration.test_ai_runner_comprehensive.TestAIRunnerComprehensive" name="test_error_handling_and_logging" time="0.009" /><testcase classname="tests.integration.test_ai_runner_comprehensive.TestAIRunnerComprehensive" name="test_performance_monitoring_under_load" time="0.006" /><testcase classname="tests.integration.test_ai_runner_comprehensive.TestAIRunnerComprehensive" name="test_comprehensive_integration_scenario" time="0.010" /><testcase classname="tests.integration.test_circuit_breaker_improvements" name="test_circuit_breaker_improvements" time="0.345" /><testcase classname="tests.integration.test_circuit_breaker_improvements" name="test_circuit_breaker_states" time="11.007" /><testcase classname="tests.integration.test_circuit_breaker_integration" name="test_circuit_breaker_integration" time="0.336" /><testcase classname="tests.integration.test_corrections" name="test_event_store_creates_signal_outcomes" time="0.143" /><testcase classname="tests.integration.test_corrections" name="test_existing_db_gets_signal_outcomes" time="0.152" /><testcase classname="tests.integration.test_corrections" name="test_outcome_tracker_with_event_store_db" time="0.175" /><testcase classname="tests.integration.test_corrections" name="test_onchain_metrics_in_background_thread" time="0.005" /><testcase classname="tests.integration.test_corrections" name="test_asyncio_get_running_loop_behavior" time="0.006" /><testcase classname="tests.integration.test_corrections" name="test_production_db_has_signal_outcomes" time="0.003" /><testcase classname="tests.integration.test_cross_asset_integration" name="test_ml_features_cross_asset" time="0.041" /><testcase classname="tests.integration.test_cross_asset_integration" name="test_ai_payload_cross_asset" time="0.049" /><testcase classname="tests.integration.test_cross_asset_integration" name="test_event_workflow" time="0.063" /><testcase classname="tests.integration.test_data_pipeline" name="test_pipeline_initialization" time="0.011" /><testcase classname="tests.integration.test_data_pipeline" name="test_pipeline_insufficient_data" time="0.012" /><testcase classname="tests.integration.test_data_pipeline" name="test_pipeline_empty_data" time="0.006" /><testcase classname="tests.integration.test_data_pipeline" name="test_enrich_metrics" time="0.015" /><testcase classname="tests.integration.test_data_pipeline" name="test_add_context" time="0.017" /><testcase classname="tests.integration.test_data_pipeline" name="test_detect_signals" time="0.018" /><testcase classname="tests.integration.test_data_pipeline" name="test_extract_features_success" time="0.010" /><testcase classname="tests.integration.test_data_pipeline" name="test_extract_features_missing_module" time="0.010" /><testcase classname="tests.integration.test_data_pipeline" name="test_enrich_fallback_on_error" time="0.012" /><testcase classname="tests.integration.test_data_pipeline" name="test_get_final_features_integration" time="0.028" /><testcase classname="tests.integration.test_dynamic_volume_profile_2" name="test_poc_calculation" time="0.012" /><testcase classname="tests.integration.test_dynamic_volume_profile_2" name="test_volume_profile_creation" time="0.010" /><testcase classname="tests.integration.test_dynamic_volume_profile_2" name="test_empty_dataframe" time="0.003" /><testcase classname="tests.integration.test_enhanced_cross_asset.TestEnhancedCrossAsset" name="test_correlation_regime_calculation" time="0.003" /><testcase classname="tests.integration.test_enhanced_cross_asset.TestEnhancedCrossAsset" name="test_enhanced_correlations_structure" time="3.277" /><testcase classname="tests.integration.test_enhanced_cross_asset.TestEnhancedCrossAsset" name="test_vix_data_structure" time="0.005" /><testcase classname="tests.integration.test_enhanced_cross_asset.TestEnhancedCrossAsset" name="test_vix_metrics_calculation" time="0.004" /><testcase classname="tests.integration.test_enhanced_cross_asset.TestEnhancedCrossAsset" name="test_treasury_yields_calculation" time="0.006" /><testcase classname="tests.integration.test_enhanced_cross_asset.TestEnhancedCrossAsset" name="test_macro_regime_calculation" time="0.003" /><testcase classname="tests.integration.test_enhanced_cross_asset.TestEnhancedCrossAsset" name="test_commodities_data_structure" time="0.005" /><testcase classname="tests.integration.test_enhanced_cross_asset.TestEnhancedCrossAsset" name="test_ml_features_integration" time="0.003" /><testcase classname="tests.integration.test_enhanced_cross_asset.TestEnhancedCrossAsset" name="test_enhanced_features_count" time="0.003" /><testcase classname="tests.integration.test_enhanced_cross_asset.TestEnhancedCrossAsset" name="test_error_handling" time="3.461" /><testcase classname="tests.integration.test_enhanced_cross_asset.TestEnhancedCrossAsset" name="test_fallback_behavior" time="0.005" /><testcase classname="tests.integration.test_enrich_correction" name="test_enrich_function_directly" time="0.009" /><testcase classname="tests.integration.test_enrich_correction" name="test_pipeline_integration" time="0.038" /><testcase classname="tests.integration.test_enrich_correction" name="test_enrichment_integrator" time="0.008" /><testcase classname="tests.integration.test_enrich_signal" name="test_enrich_signal_happy_path" time="0.010" /><testcase classname="tests.integration.test_enrich_signal" name="test_enrich_signal_discarded_when_validator_returns_empty" time="0.007" /><testcase classname="tests.integration.test_enrich_simple" name="test_enrich_function" time="0.021" /><testcase classname="tests.integration.test_event_saver_jsonl_guardian" name="test_jsonl_guardian_trims_analysis_trigger[200]" time="0.027" /><testcase classname="tests.integration.test_event_saver_jsonl_guardian" name="test_jsonl_guardian_trims_analysis_trigger[500]" time="0.012" /><testcase classname="tests.integration.test_fix_optimization_storage" name="test_clean_event_removes_large_fields_recursively" time="0.003" /><testcase classname="tests.integration.test_fix_optimization_storage" name="test_simplify_historical_vp_keeps_only_expected_fields" time="0.002" /><testcase classname="tests.integration.test_fix_optimization_storage" name="test_remove_enriched_snapshot_removes_anywhere" time="0.002" /><testcase classname="tests.integration.test_fixes_simple" name="test_singleton_pattern" time="0.002" /><testcase classname="tests.integration.test_fixes_simple" name="test_cache_system" time="0.003" /><testcase classname="tests.integration.test_fixes_simple" name="test_async_bridge" time="0.004" /><testcase classname="tests.integration.test_fixes_simple" name="test_macro_service" time="0.003" /><testcase classname="tests.integration.test_fixes_simple" name="test_orderbook_timestamp_fix" time="0.006" /><testcase classname="tests.integration.test_fixes_simple_fixed" name="test_singleton_pattern" time="0.003" /><testcase classname="tests.integration.test_fixes_simple_fixed" name="test_cache_system" time="0.003" /><testcase classname="tests.integration.test_fixes_simple_fixed" name="test_async_bridge" time="0.004" /><testcase classname="tests.integration.test_fixes_simple_fixed" name="test_macro_service" time="0.003" /><testcase classname="tests.integration.test_fixes_simple_fixed" name="test_orderbook_timestamp_fix" time="0.008" /><testcase classname="tests.integration.test_institutional_alerts" name="test_process_institutional_alerts_happy_path" time="0.005" /><testcase classname="tests.integration.test_institutional_alerts" name="test_process_institutional_alerts_respects_cooldown" time="0.004" /><testcase classname="tests.integration.test_integrated_macro_provider" name="test_macro_provider_integration" time="2.986" /><testcase classname="tests.integration.test_integration_full_flow.TestFullTradingFlow" name="test_complete_trade_signal_flow" time="0.009" /><testcase classname="tests.integration.test_integration_full_flow.TestFullTradingFlow" name="test_flow_with_risk_rejection" time="0.009" /><testcase classname="tests.integration.test_integration_full_flow.TestFullTradingFlow" name="test_flow_with_execution_failure" time="0.009" /><testcase classname="tests.integration.test_integration_full_flow.TestFullTradingFlow" name="test_concurrent_market_data_processing" time="0.033" /><testcase classname="tests.integration.test_integration_full_flow.TestFullTradingFlow" name="test_system_health_monitoring" time="0.007" /><testcase classname="tests.integration.test_integration_full_flow.TestFullTradingFlow" name="test_endurance_test" time="0.011" /><testcase classname="tests.integration.test_invariant_fix" name="test_invariant_fix" time="0.025" /><testcase classname="tests.integration.test_latency_fix_simple" name="test_buffer_size_control" time="0.004" /><testcase classname="tests.integration.test_latency_fix_simple" name="test_processing_performance" time="0.043" /><testcase classname="tests.integration.test_latency_fix_simple" name="test_latency_simulation" time="0.003" /><testcase classname="tests.integration.test_latency_fix_simple" name="test_buffer_metrics" time="0.004" /><testcase classname="tests.integration.test_macro_data_provider" name="test_treasury_10y_fallback_hierarchy" time="0.002" /><testcase classname="tests.integration.test_macro_data_provider" name="test_treasury_10y_twelve_data_success" time="0.017" /><testcase classname="tests.integration.test_macro_data_provider" name="test_treasury_10y_twelve_data_fallback_to_yahoo" time="0.017" /><testcase classname="tests.integration.test_macro_data_provider" name="test_treasury_10y_cache_fallback" time="0.017" /><testcase classname="tests.integration.test_macro_data_provider" name="test_treasury_10y_no_cache_no_apis" time="0.018" /><testcase classname="tests.integration.test_macro_data_provider" name="test_treasury_10y_cache_management" time="0.004" /><testcase classname="tests.integration.test_macro_data_provider" name="test_dxy_yahoo_finance_success" time="0.012" /><testcase classname="tests.integration.test_macro_data_provider" name="test_dxy_cache_fallback" time="0.015" /><testcase classname="tests.integration.test_macro_data_provider" name="test_dxy_no_cache_no_api" time="0.013" /><testcase classname="tests.integration.test_macro_data_provider" name="test_dxy_does_not_fallback_to_uup" time="0.013" /><testcase classname="tests.integration.test_macro_singleton_fix" name="test_singleton_behavior" time="0.444" /><testcase classname="tests.integration.test_macro_singleton_fix" name="test_multiple_calls" time="0.005" /><testcase classname="tests.integration.test_optimization" name="test_optimization_reduces_size" time="0.007" /><testcase classname="tests.integration.test_optimization" name="test_critical_fields_preserved" time="0.007" /><testcase classname="tests.integration.test_optimization" name="test_unnecessary_fields_removed" time="0.008" /><testcase classname="tests.integration.test_optimization" name="test_ai_payload_structure_and_size" time="0.004" /><testcase classname="tests.integration.test_orderbook_analyze_core" name="test_analyze_with_external_valid_snapshot" time="0.008" /><testcase classname="tests.integration.test_orderbook_analyze_core" name="test_analyze_with_partial_snapshot_rejected" time="0.007" /><testcase classname="tests.integration.test_orderbook_analyze_core" name="test_analyze_when_fetch_fails_returns_invalid" time="0.006" /><testcase classname="tests.integration.test_orderbook_analyze_core" name="test_analyze_uses_cache_on_second_call" time="0.011" /><testcase classname="tests.integration.test_orderbook_analyzer_comprehensive.TestOrderBookAnalyzerComprehensive" name="test_initialization_with_valid_config" time="0.002" /><testcase classname="tests.integration.test_orderbook_analyzer_comprehensive.TestOrderBookAnalyzerComprehensive" name="test_initialization_with_invalid_config" time="0.002" /><testcase classname="tests.integration.test_orderbook_analyzer_comprehensive.TestOrderBookAnalyzerComprehensive" name="test_process_orderbook_update_success" time="0.002" /><testcase classname="tests.integration.test_orderbook_analyzer_comprehensive.TestOrderBookAnalyzerComprehensive" name="test_process_orderbook_update_with_malformed_data" time="0.002" /><testcase classname="tests.integration.test_orderbook_analyzer_comprehensive.TestOrderBookAnalyzerComprehensive" name="test_calculate_metrics_basic" time="0.002" /><testcase classname="tests.integration.test_orderbook_analyzer_comprehensive.TestOrderBookAnalyzerComprehensive" name="test_calculate_advanced_metrics" time="0.003" /><testcase classname="tests.integration.test_orderbook_analyzer_comprehensive.TestOrderBookAnalyzerComprehensive" name="test_analyze_with_ai_success" time="0.005" /><testcase classname="tests.integration.test_orderbook_analyzer_comprehensive.TestOrderBookAnalyzerComprehensive" name="test_analyze_with_ai_failure" time="0.007" /><testcase classname="tests.integration.test_orderbook_analyzer_comprehensive.TestOrderBookAnalyzerComprehensive" name="test_detect_market_manipulation" time="0.002" /><testcase classname="tests.integration.test_orderbook_analyzer_comprehensive.TestOrderBookAnalyzerComprehensive" name="test_volume_profile_analysis" time="0.002" /><testcase classname="tests.integration.test_orderbook_analyzer_comprehensive.TestOrderBookAnalyzerComprehensive" name="test_order_flow_analysis" time="0.002" /><testcase classname="tests.integration.test_orderbook_analyzer_comprehensive.TestOrderBookAnalyzerComprehensive" name="test_market_depth_analysis" time="0.002" /><testcase classname="tests.integration.test_orderbook_analyzer_comprehensive.TestOrderBookAnalyzerComprehensive" name="test_technical_indicators" time="0.003" /><testcase classname="tests.integration.test_orderbook_analyzer_comprehensive.TestOrderBookAnalyzerComprehensive" name="test_calculate_position_risk" time="0.002" /><testcase classname="tests.integration.test_orderbook_analyzer_comprehensive.TestOrderBookAnalyzerComprehensive" name="test_detect_market_regime" time="0.005" /><testcase classname="tests.integration.test_orderbook_analyzer_comprehensive.TestOrderBookAnalyzerComprehensive" name="test_generate_trading_signal" time="0.002" /><testcase classname="tests.integration.test_orderbook_analyzer_comprehensive.TestOrderBookAnalyzerComprehensive" name="test_benchmark_performance" time="0.002" /><testcase classname="tests.integration.test_orderbook_analyzer_comprehensive.TestOrderBookAnalyzerComprehensive" name="test_async_analysis" time="0.016" /><testcase classname="tests.integration.test_orderbook_analyzer_comprehensive.TestOrderBookAnalyzerComprehensive" name="test_error_handling_and_recovery" time="0.002" /><testcase classname="tests.integration.test_orderbook_analyzer_comprehensive.TestOrderBookAnalyzerComprehensive" name="test_memory_management" time="0.002" /><testcase classname="tests.integration.test_orderbook_analyzer_comprehensive.TestOrderBookAnalyzerComprehensive" name="test_configuration_validation" time="0.002" /><testcase classname="tests.integration.test_orderbook_analyzer_comprehensive.TestOrderBookAnalyzerComprehensive" name="test_serialization_deserialization" time="0.002" /><testcase classname="tests.integration.test_orderbook_analyzer_comprehensive.TestOrderBookAnalyzerComprehensive" name="test_imbalance_based_signals[0.8-STRONG_BUY]" time="0.003" /><testcase classname="tests.integration.test_orderbook_analyzer_comprehensive.TestOrderBookAnalyzerComprehensive" name="test_imbalance_based_signals[0.6-BUY]" time="0.003" /><testcase classname="tests.integration.test_orderbook_analyzer_comprehensive.TestOrderBookAnalyzerComprehensive" name="test_imbalance_based_signals[0.2-NEUTRAL]" time="0.003" /><testcase classname="tests.integration.test_orderbook_analyzer_comprehensive.TestOrderBookAnalyzerComprehensive" name="test_imbalance_based_signals[-0.2-NEUTRAL]" time="0.003" /><testcase classname="tests.integration.test_orderbook_analyzer_comprehensive.TestOrderBookAnalyzerComprehensive" name="test_imbalance_based_signals[-0.6-SELL]" time="0.003" /><testcase classname="tests.integration.test_orderbook_analyzer_comprehensive.TestOrderBookAnalyzerComprehensive" name="test_imbalance_based_signals[-0.8-STRONG_SELL]" time="0.003" /><testcase classname="tests.integration.test_orderbook_analyzer_comprehensive.TestOrderBookAnalyzerComprehensive" name="test_concurrent_access_safety" time="0.007" /><testcase classname="tests.integration.test_orderbook_analyzer_comprehensive.TestOrderBookAnalyzerComprehensive" name="test_edge_cases_and_boundary_conditions" time="0.003" /><testcase classname="tests.integration.test_orderbook_analyzer_comprehensive.TestOrderBookAnalyzerComprehensive" name="test_metric_history_tracking" time="0.002" /><testcase classname="tests.integration.test_orderbook_analyzer_comprehensive.TestOrderBookAnalyzerComprehensive" name="test_price_history_accuracy" time="0.002" /><testcase classname="tests.integration.test_orderbook_analyzer_comprehensive.TestOrderBookAnalyzerComprehensive" name="test_analyzer_lifecycle" time="0.002" /><testcase classname="tests.integration.test_orderbook_analyzer_comprehensive.TestOrderBookAnalyzerComprehensive" name="test_configuration_persistence" time="0.001" /><testcase classname="tests.integration.test_orderbook_analyzer_comprehensive.TestOrderBookAnalyzerComprehensive" name="test_technical_indicators_with_real_ta" time="0.001"><skipped type="pytest.skip" message="TA library not available">C:\Users\Micro\Documents\Visual Studio\robo_sistema.binace.api\tests\integration\test_orderbook_analyzer_comprehensive.py:906: TA library not available</skipped></testcase><testcase classname="tests.integration.test_orderbook_analyzer_comprehensive.TestOrderBookAnalyzerComprehensive" name="test_comprehensive_integration" time="0.003" /><testcase classname="tests.integration.test_orderbook_analyzer_coverage" name="test_analyzer_init_default_params" time="0.002" /><testcase classname="tests.integration.test_orderbook_analyzer_coverage" name="test_analyzer_init_custom_params" time="0.003" /><testcase classname="tests.integration.test_orderbook_analyzer_coverage" name="test_cache_operations_expiry" time="0.153" /><testcase classname="tests.integration.test_orderbook_analyzer_coverage" name="test_cache_operations_stale" time="0.153" /><testcase classname="tests.integration.test_orderbook_analyzer_coverage" name="test_rate_limiter_with_time_window" time="0.002" /><testcase classname="tests.integration.test_orderbook_analyzer_coverage" name="test_validate_snapshot_method" time="0.002" /><testcase classname="tests.integration.test_orderbook_analyzer_coverage" name="test_detect_walls_method" time="0.003" /><testcase classname="tests.integration.test_orderbook_analyzer_coverage" name="test_compute_core_metrics_method" time="0.002" /><testcase classname="tests.integration.test_orderbook_analyzer_coverage" name="test_check_liquidity_flow_method" time="0.002" /><testcase classname="tests.integration.test_orderbook_analyzer_coverage" name="test_generate_alert_payload" time="0.002" /><testcase classname="tests.integration.test_orderbook_analyzer_coverage" name="test_analyze_orderbook_with_cache_hit" time="0.008" /><testcase classname="tests.integration.test_orderbook_analyzer_coverage" name="test_analyze_orderbook_with_cache_miss" time="0.011" /><testcase classname="tests.integration.test_orderbook_analyzer_coverage" name="test_analyze_orderbook_with_forced_refresh" time="0.011" /><testcase classname="tests.integration.test_orderbook_analyzer_coverage" name="test_analyze_orderbook_with_alert" time="0.008" /><testcase classname="tests.integration.test_orderbook_analyzer_coverage" name="test_analyze_orderbook_with_critical_imbalance" time="0.006" /><testcase classname="tests.integration.test_orderbook_analyzer_coverage" name="test_analyze_orderbook_with_mock_time" time="0.008" /><testcase classname="tests.integration.test_orderbook_analyzer_coverage" name="test_analyze_orderbook_invalid_snapshot" time="0.343" /><testcase classname="tests.integration.test_orderbook_analyzer_full_coverage" name="test_cache_key_generation" time="0.003" /><testcase classname="tests.integration.test_orderbook_analyzer_full_coverage" name="test_cache_cleanup" time="0.604" /><testcase classname="tests.integration.test_orderbook_analyzer_full_coverage" name="test_validate_snapshot_comprehensive" time="0.002" /><testcase classname="tests.integration.test_orderbook_analyzer_full_coverage" name="test_detect_walls_edge_cases" time="0.004" /><testcase classname="tests.integration.test_orderbook_analyzer_full_coverage" name="test_compute_core_metrics_comprehensive" time="0.003" /><testcase classname="tests.integration.test_orderbook_analyzer_full_coverage" name="test_calculate_market_impact" time="0.004" /><testcase classname="tests.integration.test_orderbook_analyzer_full_coverage" name="test_check_liquidity_flow_variations" time="0.004" /><testcase classname="tests.integration.test_orderbook_analyzer_full_coverage" name="test_check_critical_imbalance_detailed" time="0.003" /><testcase classname="tests.integration.test_orderbook_analyzer_full_coverage" name="test_analyze_orderbook_error_handling" time="0.338" /><testcase classname="tests.integration.test_orderbook_analyzer_full_coverage" name="test_analyze_orderbook_with_all_features" time="0.011" /><testcase classname="tests.integration.test_orderbook_analyzer_full_coverage" name="test_analyze_orderbook_performance" time="0.010" /><testcase classname="tests.integration.test_orderbook_analyzer_full_coverage" name="test_get_health_status" time="0.002" /><testcase classname="tests.integration.test_orderbook_analyzer_full_coverage" name="test_clear_cache" time="0.003" /><testcase classname="tests.integration.test_orderbook_analyzer_full_coverage" name="test_real_world_scenario_binance_snapshot" time="0.007" /><testcase classname="tests.integration.test_orderbook_analyzer_full_coverage" name="test_sequential_analysis_with_changing_data" time="0.023" /><testcase classname="tests.integration.test_orderbook_analyzer_missing" name="test_analyzer_initialization_with_custom_params" time="0.003" /><testcase classname="tests.integration.test_orderbook_analyzer_missing" name="test_analyzer_with_invalid_symbol" time="0.003" /><testcase classname="tests.integration.test_orderbook_analyzer_missing" name="test_calculate_metrics_empty_orderbook" time="0.002" /><testcase classname="tests.integration.test_orderbook_analyzer_missing" name="test_calculate_metrics_partial_orderbook" time="0.003" /><testcase classname="tests.integration.test_orderbook_analyzer_missing" name="test_detect_liquidity_walls_edge_cases" time="0.002" /><testcase classname="tests.integration.test_orderbook_analyzer_missing" name="test_check_critical_imbalance" time="0.002" /><testcase classname="tests.integration.test_orderbook_analyzer_missing" name="test_cache_operations" time="1.503" /><testcase classname="tests.integration.test_orderbook_analyzer_missing" name="test_rate_limiter" time="0.003" /><testcase classname="tests.integration.test_orderbook_analyzer_missing" name="test_validate_orderbook_snapshot" time="0.002" /><testcase classname="tests.integration.test_orderbook_config_injection" name="test_analyzer_uses_custom_cfg_basic" time="0.007" /><testcase classname="tests.integration.test_orderbook_config_injection" name="test_validate_snapshot_respects_cfg_min_depth" time="0.005" /><testcase classname="tests.integration.test_orderbook_core_comprehensive.TestOrderBookComprehensive" name="test_initialization" time="0.002" /><testcase classname="tests.integration.test_orderbook_core_comprehensive.TestOrderBookComprehensive" name="test_update_with_valid_data" time="0.002" /><testcase classname="tests.integration.test_orderbook_core_comprehensive.TestOrderBookComprehensive" name="test_update_with_invalid_sequence" time="0.002" /><testcase classname="tests.integration.test_orderbook_core_comprehensive.TestOrderBookComprehensive" name="test_update_with_missing_prices" time="0.003" /><testcase classname="tests.integration.test_orderbook_core_comprehensive.TestOrderBookComprehensive" name="test_get_best_bid_ask" time="0.002" /><testcase classname="tests.integration.test_orderbook_core_comprehensive.TestOrderBookComprehensive" name="test_get_spread_edge_cases" time="0.003" /><testcase classname="tests.integration.test_orderbook_core_comprehensive.TestOrderBookComprehensive" name="test_get_mid_price" time="0.002" /><testcase classname="tests.integration.test_orderbook_core_comprehensive.TestOrderBookComprehensive" name="test_get_volume_at_price" time="0.003" /><testcase classname="tests.integration.test_orderbook_core_comprehensive.TestOrderBookComprehensive" name="test_get_total_volume" time="0.003" /><testcase classname="tests.integration.test_orderbook_core_comprehensive.TestOrderBookComprehensive" name="test_get_imbalance" time="0.003" /><testcase classname="tests.integration.test_orderbook_core_comprehensive.TestOrderBookComprehensive" name="test_get_weighted_average_price" time="0.002" /><testcase classname="tests.integration.test_orderbook_core_comprehensive.TestOrderBookComprehensive" name="test_get_price_levels" time="0.002" /><testcase classname="tests.integration.test_orderbook_core_comprehensive.TestOrderBookComprehensive" name="test_snapshot_creation" time="0.003" /><testcase classname="tests.integration.test_orderbook_core_comprehensive.TestOrderBookComprehensive" name="test_snapshot_validation" time="0.003" /><testcase classname="tests.integration.test_orderbook_core_comprehensive.TestOrderBookComprehensive" name="test_snapshot_age_check" time="0.002" /><testcase classname="tests.integration.test_orderbook_core_comprehensive.TestOrderBookComprehensive" name="test_snapshot_json_serialization" time="0.002" /><testcase classname="tests.integration.test_orderbook_core_comprehensive.TestOrderBookComprehensive" name="test_reset_orderbook" time="0.003" /><testcase classname="tests.integration.test_orderbook_core_comprehensive.TestOrderBookComprehensive" name="test_max_depth_enforcement" time="0.006" /><testcase classname="tests.integration.test_orderbook_core_comprehensive.TestOrderBookComprehensive" name="test_concurrent_updates" time="0.017" /><testcase classname="tests.integration.test_orderbook_core_comprehensive.TestOrderBookComprehensive" name="test_performance_benchmark" time="0.040" /><testcase classname="tests.integration.test_orderbook_core_comprehensive.TestOrderBookComprehensive" name="test_memory_efficiency" time="0.016" /><testcase classname="tests.integration.test_orderbook_core_comprehensive.TestOrderBookComprehensive" name="test_circuit_breaker_integration" time="0.002" /><testcase classname="tests.integration.test_orderbook_core_comprehensive.TestOrderBookComprehensive" name="test_error_handling" time="0.002" /><testcase classname="tests.integration.test_orderbook_core_comprehensive.TestOrderBookComprehensive" name="test_decimal_precision_handling" time="0.002" /><testcase classname="tests.integration.test_orderbook_core_comprehensive.TestOrderBookComprehensive" name="test_validation_edge_cases[50000.0-1.0-True]" time="0.003" /><testcase classname="tests.integration.test_orderbook_core_comprehensive.TestOrderBookComprehensive" name="test_validation_edge_cases[1e-06-1.0-True]" time="0.002" /><testcase classname="tests.integration.test_orderbook_core_comprehensive.TestOrderBookComprehensive" name="test_validation_edge_cases[50000.0-1e-06-True]" time="0.003" /><testcase classname="tests.integration.test_orderbook_core_comprehensive.TestOrderBookComprehensive" name="test_validation_edge_cases[0.0-1.0-False]" time="0.004" /><testcase classname="tests.integration.test_orderbook_core_comprehensive.TestOrderBookComprehensive" name="test_validation_edge_cases[50000.0-0.0-False]" time="0.004" /><testcase classname="tests.integration.test_orderbook_core_comprehensive.TestOrderBookComprehensive" name="test_validation_edge_cases[-50000.0-1.0-False]" time="0.003" /><testcase classname="tests.integration.test_orderbook_core_comprehensive.TestOrderBookComprehensive" name="test_validation_edge_cases[50000.0--1.0-False]" time="0.002" /><testcase classname="tests.integration.test_orderbook_core_comprehensive.TestOrderBookComprehensive" name="test_validation_edge_cases[inf-1.0-False]" time="0.003" /><testcase classname="tests.integration.test_orderbook_core_comprehensive.TestOrderBookComprehensive" name="test_validation_edge_cases[50000.0-inf-False]" time="0.002" /><testcase classname="tests.integration.test_orderbook_core_comprehensive.TestOrderBookComprehensive" name="test_validation_edge_cases[nan-1.0-False]" time="0.002" /><testcase classname="tests.integration.test_orderbook_core_comprehensive.TestOrderBookComprehensive" name="test_validation_edge_cases[50000.0-nan-False]" time="0.003" /><testcase classname="tests.integration.test_orderbook_core_comprehensive.TestOrderBookComprehensive" name="test_state_consistency_after_errors" time="0.002" /><testcase classname="tests.integration.test_orderbook_core_comprehensive.TestOrderBookComprehensive" name="test_cleanup_old_orders" time="0.021" /><testcase classname="tests.integration.test_orderbook_core_comprehensive.TestOrderBookComprehensive" name="test_custom_sorting_logic" time="0.002" /><testcase classname="tests.integration.test_orderbook_core_comprehensive.TestOrderBookComprehensive" name="test_get_statistics_comprehensive" time="0.004" /><testcase classname="tests.integration.test_orderbook_core_comprehensive.TestOrderBookComprehensive" name="test_liquidity_profile_analysis" time="0.003" /><testcase classname="tests.integration.test_orderbook_core_comprehensive.TestOrderBookComprehensive" name="test_market_impact_analysis" time="0.003" /><testcase classname="tests.integration.test_orderbook_core_comprehensive.TestOrderBookComprehensive" name="test_order_simulation" time="0.003" /><testcase classname="tests.integration.test_orderbook_core_comprehensive.TestOrderBookComprehensive" name="test_order_execution_updates_orderbook" time="0.002" /><testcase classname="tests.integration.test_orderbook_core_comprehensive.TestOrderBookComprehensive" name="test_high_frequency_updates" time="0.025" /><testcase classname="tests.integration.test_orderbook_core_comprehensive.TestOrderBookComprehensive" name="test_thread_safety_stress_test" time="0.036" /><testcase classname="tests.integration.test_orderbook_core_comprehensive.TestOrderBookComprehensive" name="test_memory_cleanup_on_reset" time="0.212" /><testcase classname="tests.integration.test_orderbook_core_comprehensive.TestOrderBookComprehensive" name="test_robustness_to_malformed_updates" time="0.003" /><testcase classname="tests.integration.test_orderbook_core_comprehensive.TestOrderBookComprehensive" name="test_comprehensive_integration_scenario" time="0.004" /><testcase classname="tests.integration.test_orderbook_wrapper_fallback" name="test_orderbook_fallback_cache_and_deepcopy" time="0.003" /><testcase classname="tests.integration.test_orderbook_wrapper_fallback" name="test_orderbook_fallback_emergency_when_no_cache" time="0.003" /><testcase classname="tests.integration.test_orderbook_wrapper_fallback" name="test_orderbook_fallback_invalid_when_emergency_disabled" time="0.003" /><testcase classname="tests.integration.test_orderbook_wrapper_fetch_with_retry" name="test_fetch_orderbook_with_retry_saves_success" time="0.003" /><testcase classname="tests.integration.test_out_of_order_pruning.TestOutOfOrderPruning" name="test_initial_state" time="0.004" /><testcase classname="tests.integration.test_out_of_order_pruning.TestOutOfOrderPruning" name="test_sequential_trades_no_out_of_order" time="0.006" /><testcase classname="tests.integration.test_out_of_order_pruning.TestOutOfOrderPruning" name="test_out_of_order_detection" time="0.005" /><testcase classname="tests.integration.test_out_of_order_pruning.TestOutOfOrderPruning" name="test_all_trades_stored_despite_ooo" time="0.005" /><testcase classname="tests.integration.test_out_of_order_pruning.TestOutOfOrderPruning" name="test_pruning_robustness_with_ooo" time="0.004" /><testcase classname="tests.integration.test_out_of_order_pruning.TestOutOfOrderPruning" name="test_pruning_fast_path_when_ordered" time="0.005" /><testcase classname="tests.integration.test_out_of_order_pruning.TestOutOfOrderPruning" name="test_pruning_removes_all_old" time="0.004" /><testcase classname="tests.integration.test_out_of_order_pruning.TestOutOfOrderPruning" name="test_pruning_keeps_all_recent" time="0.004" /><testcase classname="tests.integration.test_out_of_order_pruning.TestOutOfOrderPruning" name="test_cache_degradation_on_ooo" time="0.004" /><testcase classname="tests.integration.test_out_of_order_pruning.TestEdgeCases" name="test_empty_prune" time="0.002" /><testcase classname="tests.integration.test_out_of_order_pruning.TestEdgeCases" name="test_single_trade_prune_keep" time="0.003" /><testcase classname="tests.integration.test_out_of_order_pruning.TestEdgeCases" name="test_single_trade_prune_remove" time="0.002" /><testcase classname="tests.integration.test_out_of_order_pruning.TestEdgeCases" name="test_same_timestamp_trades" time="0.005" /><testcase classname="tests.integration.test_out_of_order_pruning.TestEdgeCases" name="test_trades_at_cutoff_boundary" time="0.003" /><testcase classname="tests.integration.test_out_of_order_pruning.TestCVDAfterOOO" name="test_cvd_correct_with_ooo_trades" time="0.004" /><testcase classname="tests.integration.test_out_of_order_pruning.TestCVDAfterOOO" name="test_cvd_correct_after_pruning" time="0.004" /><testcase classname="tests.integration.test_patch_2_fallback_controlado.TestPatch2FallbackControlado" name="test_patch_2_groq_fail_com_fallback_openai" time="1.035" /><testcase classname="tests.integration.test_patch_2_fallback_controlado.TestPatch2FallbackControlado" name="test_patch_2_groq_fail_sem_fallback_vai_para_mock" time="0.432" /><testcase classname="tests.integration.test_patch_2_fallback_controlado.TestPatch2FallbackControlado" name="test_patch_2_groq_funciona_normal" time="0.461" /><testcase classname="tests.integration.test_patch_2_fallback_controlado.TestPatch2FallbackControlado" name="test_patch_2_multiple_fallbacks" time="0.915" /><testcase classname="tests.integration.test_patch_2_fallback_controlado.TestPatch2FallbackControlado" name="test_patch_2_provider_nao_groq_vai_para_openai" time="0.451" /><testcase classname="tests.integration.test_patch_2_simples" name="test_patch_2_configuracao" time="0.009" /><testcase classname="tests.integration.test_pipeline_integration" name="test_pipeline_ml_features" time="0.082" /><testcase classname="tests.integration.test_pipeline_integration" name="test_analysis_trigger_structure" time="0.042" /><testcase classname="tests.integration.test_regime_integration" name="test_regime_rules_initialization" time="0.002" /><testcase classname="tests.integration.test_regime_integration" name="test_get_regime_adjustment_risk_on_low_vol" time="0.002" /><testcase classname="tests.integration.test_regime_integration" name="test_get_regime_adjustment_risk_off_high_vol" time="0.002" /><testcase classname="tests.integration.test_regime_integration" name="test_should_trade_blocked_by_regime" time="0.001" /><testcase classname="tests.integration.test_regime_integration" name="test_should_trade_allowed" time="0.001" /><testcase classname="tests.integration.test_regime_integration" name="test_calculate_position_size" time="0.002" /><testcase classname="tests.integration.test_regime_integration" name="test_calculate_stop_loss" time="0.002" /><testcase classname="tests.integration.test_regime_integration" name="test_calculate_take_profit" time="0.002" /><testcase classname="tests.integration.test_regime_integration" name="test_get_trade_recommendation" time="0.001" /><testcase classname="tests.integration.test_regime_integration" name="test_format_regime_summary" time="0.001" /><testcase classname="tests.integration.test_risk_manager_comprehensive.TestRiskManagerComprehensive" name="test_initialization" time="0.002" /><testcase classname="tests.integration.test_risk_manager_comprehensive.TestRiskManagerComprehensive" name="test_add_position" time="0.003" /><testcase classname="tests.integration.test_risk_manager_comprehensive.TestRiskManagerComprehensive" name="test_update_position" time="0.003" /><testcase classname="tests.integration.test_risk_manager_comprehensive.TestRiskManagerComprehensive" name="test_remove_position" time="0.003" /><testcase classname="tests.integration.test_risk_manager_comprehensive.TestRiskManagerComprehensive" name="test_check_trade_request_approved" time="0.003" /><testcase classname="tests.integration.test_risk_manager_comprehensive.TestRiskManagerComprehensive" name="test_check_trade_request_position_limit" time="0.003" /><testcase classname="tests.integration.test_risk_manager_comprehensive.TestRiskManagerComprehensive" name="test_check_trade_request_size_limit" time="0.002" /><testcase classname="tests.integration.test_risk_manager_comprehensive.TestRiskManagerComprehensive" name="test_check_trade_request_daily_loss_limit" time="0.003" /><testcase classname="tests.integration.test_risk_manager_comprehensive.TestRiskManagerComprehensive" name="test_check_trade_request_loss_per_trade_limit" time="0.003" /><testcase classname="tests.integration.test_risk_manager_comprehensive.TestRiskManagerComprehensive" name="test_calculate_position_risk_metrics" time="0.003" /><testcase classname="tests.integration.test_risk_manager_comprehensive.TestRiskManagerComprehensive" name="test_calculate_portfolio_risk_metrics" time="0.002" /><testcase classname="tests.integration.test_risk_manager_comprehensive.TestRiskManagerComprehensive" name="test_stress_testing" time="0.003" /><testcase classname="tests.integration.test_risk_manager_comprehensive.TestRiskManagerComprehensive" name="test_var_calculation" time="0.003" /><testcase classname="tests.integration.test_risk_manager_comprehensive.TestRiskManagerComprehensive" name="test_correlation_analysis" time="0.007" /><testcase classname="tests.integration.test_risk_manager_comprehensive.TestRiskManagerComprehensive" name="test_liquidity_risk_assessment" time="0.002" /><testcase classname="tests.integration.test_risk_manager_comprehensive.TestRiskManagerComprehensive" name="test_margin_requirement_calculation" time="0.003" /><testcase classname="tests.integration.test_risk_manager_comprehensive.TestRiskManagerComprehensive" name="test_concentration_risk" time="0.004" /><testcase classname="tests.integration.test_risk_manager_comprehensive.TestRiskManagerComprehensive" name="test_scenario_analysis" time="0.003" /><testcase classname="tests.integration.test_risk_manager_comprehensive.TestRiskManagerComprehensive" name="test_risk_adjusted_return_metrics" time="0.003" /><testcase classname="tests.integration.test_risk_manager_comprehensive.TestRiskManagerComprehensive" name="test_volatility_forecasting" time="0.005" /><testcase classname="tests.integration.test_risk_manager_comprehensive.TestRiskManagerComprehensive" name="test_counterparty_risk_assessment" time="0.002" /><testcase classname="tests.integration.test_risk_manager_comprehensive.TestRiskManagerComprehensive" name="test_regulatory_compliance_check" time="0.003" /><testcase classname="tests.integration.test_risk_manager_comprehensive.TestRiskManagerComprehensive" name="test_risk_limit_dynamic_adjustment" time="0.002" /><testcase classname="tests.integration.test_risk_manager_comprehensive.TestRiskManagerComprehensive" name="test_risk_report_generation" time="0.002" /><testcase classname="tests.integration.test_risk_manager_comprehensive.TestRiskManagerComprehensive" name="test_error_handling_and_recovery" time="0.002" /><testcase classname="tests.integration.test_trade_buffer_optimization" name="test_async_trade_buffer" time="0.197" /><testcase classname="tests.integration.test_trade_buffer_optimization" name="test_flow_analyzer_optimizations" time="0.005" /><testcase classname="tests.integration.test_trade_buffer_optimization" name="test_latency_monitoring" time="0.003" /><testcase classname="tests.integration.test_trade_buffer_optimization" name="test_end_to_end_optimization" time="0.510" /><testcase classname="tests.integration.test_trade_flow_analyzer" name="test_initialization" time="0.002" /><testcase classname="tests.integration.test_trade_flow_analyzer" name="test_analyze_window_empty_data" time="0.005" /><testcase classname="tests.integration.test_trade_flow_analyzer" name="test_analyze_window_insufficient_data" time="0.003" /><testcase classname="tests.integration.test_trade_flow_analyzer" name="test_analyze_window_valid_execution" time="0.005" /><testcase classname="tests.integration.test_update_histories" name="test_update_histories_appends_basic_values" time="0.003" /><testcase classname="tests.integration.test_update_histories" name="test_update_histories_uses_volatility_5_first" time="0.003" /><testcase classname="tests.integration.test_update_histories" name="test_update_histories_falls_back_to_volatility_1" time="0.003" /><testcase classname="tests.integration.test_window_processor" name="test_process_window_warmup_does_not_advance_window" time="0.008" /><testcase classname="tests.integration.test_window_processor" name="test_process_window_insufficient_trades_no_buffer" time="0.006" /><testcase classname="tests.integration.test_window_processor" name="test_process_window_uses_trades_buffer_when_insufficient" time="0.005" /><testcase classname="tests.integration.test_window_processor" name="test_process_window_happy_path_calls_process_signals_and_feature_store" time="0.058" /><testcase classname="tests.integration.test_window_processor_queue" name="test_submit_window_processes_snapshot_in_background" time="0.014" /><testcase classname="tests.payload.test_ai_payload_types" name="test_compact_payload_helper_accepts_build_output" time="0.006" /><testcase classname="tests.payload.test_ai_payload_types" name="test_compact_payload_helper_rejects_minimal_emergency_shape" time="0.003" /><testcase classname="tests.payload.test_ai_payload_types" name="test_compact_payload_wrapper_detection" time="0.003" /><testcase classname="tests.payload.test_ai_payload_types" name="test_allowed_root_keys_include_gap_and_summary_sections" time="0.002" /><testcase classname="tests.payload.test_ai_throttler_v2.TestHardMinimum" name="test_hard_min_blocks_all" time="0.004" /><testcase classname="tests.payload.test_ai_throttler_v2.TestHardMinimum" name="test_first_call_always_passes" time="0.004" /><testcase classname="tests.payload.test_ai_throttler_v2.TestSoftMinimum" name="test_soft_min_blocks_analysis_trigger" time="0.003" /><testcase classname="tests.payload.test_ai_throttler_v2.TestSoftMinimum" name="test_interval_ok_passes" time="0.007" /><testcase classname="tests.payload.test_ai_throttler_v2.TestImportantEvents" name="test_important_event_bypasses_soft_min" time="0.004" /><testcase classname="tests.payload.test_ai_throttler_v2.TestImportantEvents" name="test_all_important_triggers" time="0.005" /><testcase classname="tests.payload.test_ai_throttler_v2.TestSignificantChange" name="test_large_delta_bypasses_soft_min" time="0.004" /><testcase classname="tests.payload.test_ai_throttler_v2.TestSignificantChange" name="test_small_delta_blocked" time="0.003" /><testcase classname="tests.payload.test_ai_throttler_v2.TestSignificantChange" name="test_bsr_cross_with_large_change" time="0.005" /><testcase classname="tests.payload.test_ai_throttler_v2.TestSignificantChange" name="test_bsr_cross_small_change_blocked" time="0.004" /><testcase classname="tests.payload.test_ai_throttler_v2.TestStatistics" name="test_stats_tracking" time="0.004" /><testcase classname="tests.payload.test_ai_throttler_v2.TestStatistics" name="test_reset_stats" time="0.004" /><testcase classname="tests.payload.test_ai_throttler_v2.TestStatistics" name="test_stats_property" time="0.004" /><testcase classname="tests.payload.test_ai_throttler_v2.TestThrottlerScenario" name="test_realistic_5_windows" time="0.005" /><testcase classname="tests.payload.test_build_compact_payload_budget" name="test_budget_base_event_below_soft_limit" time="0.005" /><testcase classname="tests.payload.test_build_compact_payload_budget" name="test_budget_cached_ctx_is_smaller_than_full_ctx" time="0.007" /><testcase classname="tests.payload.test_build_compact_payload_budget" name="test_budget_summary_section_present" time="0.005" /><testcase classname="tests.payload.test_build_compact_payload_budget" name="test_budget_guard_hard_limit_protection" time="0.003"><failure message="TypeError: test_budget_guard_hard_limit_protection.&lt;locals&gt;.giant_summary() got an unexpected keyword argument 'builders'">E   TypeError: test_budget_guard_hard_limit_protection.&lt;locals&gt;.giant_summary() got an unexpected keyword argument 'builders'</failure></testcase><testcase classname="tests.payload.test_build_compact_payload_budget" name="test_budget_guard_soft_limit_compaction" time="0.003"><failure message="TypeError: test_budget_guard_soft_limit_compaction.&lt;locals&gt;.large_summary() got an unexpected keyword argument 'builders'">E   TypeError: test_budget_guard_soft_limit_compaction.&lt;locals&gt;.large_summary() got an unexpected keyword argument 'builders'</failure></testcase><testcase classname="tests.payload.test_build_compact_payload_budget" name="test_budget_with_summary_section_below_soft_limit" time="0.005" /><testcase classname="tests.payload.test_build_compact_payload_budget" name="test_budget_summary_section_present_when_within_budget" time="0.005" /><testcase classname="tests.payload.test_build_compact_payload_budget" name="test_budget_summary_has_expected_builders" time="0.006" /><testcase classname="tests.payload.test_build_compact_payload_budget" name="test_budget_summary_notes_are_non_empty_strings" time="0.004" /><testcase classname="tests.payload.test_build_compact_payload_budget" name="test_budget_summary_quality_reflects_payload_state" time="0.007" /><testcase classname="tests.payload.test_build_compact_payload_budget" name="test_budget_summary_flow_bias_consistent_with_flow_section" time="0.005" /><testcase classname="tests.payload.test_build_compact_payload_budget" name="test_budget_summary_regime_label_consistent_with_regime_mode" time="0.005" /><testcase classname="tests.payload.test_build_compact_payload_fixes.TestGuardrailWhitelist" name="test_guardrail_allows_summary_key" time="0.002" /><testcase classname="tests.payload.test_build_compact_payload_fixes.TestGuardrailWhitelist" name="test_guardrail_allows_gap_keys" time="0.003" /><testcase classname="tests.payload.test_build_compact_payload_fixes.TestGuardrailWhitelist" name="test_guardrail_rewrap_preserves_new_keys" time="0.003" /><testcase classname="tests.payload.test_build_compact_payload_fixes.TestQualityVeryLow" name="test_resolve_liquidity_very_low" time="0.002" /><testcase classname="tests.payload.test_build_compact_payload_fixes.TestQualityVeryLow" name="test_resolve_liquidity_truncated_ver" time="0.002" /><testcase classname="tests.payload.test_build_compact_payload_fixes.TestQualityVeryLow" name="test_resolve_liquidity_truncated_very" time="0.004" /><testcase classname="tests.payload.test_build_compact_payload_fixes.TestQualityVeryLow" name="test_quality_summary_very_low_liquidity" time="0.003" /><testcase classname="tests.payload.test_build_compact_payload_fixes.TestQualityVeryLow" name="test_quality_summary_holiday_reduces_confidence" time="0.003" /><testcase classname="tests.payload.test_build_compact_payload_fixes.TestQualityVeryLow" name="test_quality_summary_note_includes_confidence_pct" time="0.002" /><testcase classname="tests.payload.test_build_compact_payload_fixes.TestQualBuilderPreservesLiquidity" name="test_qual_preserves_very_low_without_truncation" time="0.007" /><testcase classname="tests.payload.test_build_compact_payload_fixes.TestQualBuilderPreservesLiquidity" name="test_qual_includes_holiday_on_us_holiday" time="0.006" /><testcase classname="tests.payload.test_build_compact_payload_fixes.TestQualBuilderPreservesLiquidity" name="test_qual_includes_degraded_latency" time="0.007" /><testcase classname="tests.payload.test_build_compact_payload_fixes.TestExtIndicatorsEnrichment" name="test_stoch_signal_oversold_is_extracted" time="0.004" /><testcase classname="tests.payload.test_build_compact_payload_fixes.TestExtIndicatorsEnrichment" name="test_candlestick_bearish_pattern_extracted" time="0.006" /><testcase classname="tests.payload.test_build_compact_payload_fixes.TestExtIndicatorsEnrichment" name="test_candlestick_absent_when_confidence_low" time="0.005" /><testcase classname="tests.payload.test_build_compact_payload_fixes.TestExtIndicatorsEnrichment" name="test_candlestick_absent_when_neutral" time="0.006" /><testcase classname="tests.payload.test_build_compact_payload_fixes.TestRegimeModeFromRegimeAnalysis" name="test_mean_reverting_sets_mode_mr" time="0.005" /><testcase classname="tests.payload.test_build_compact_payload_fixes.TestRegimeModeFromRegimeAnalysis" name="test_breakout_regime_sets_mode_brk" time="0.006" /><testcase classname="tests.payload.test_build_compact_payload_fixes.TestRegimeModeFromRegimeAnalysis" name="test_trending_regime_sets_mode_trd" time="0.006" /><testcase classname="tests.payload.test_build_compact_payload_fixes.TestRegimeModeFromRegimeAnalysis" name="test_fallback_to_market_structure_when_no_regime_analysis" time="0.005" /><testcase classname="tests.payload.test_build_compact_payload_fixes.TestMrThreshold" name="test_mr_appears_with_hurst_0378_and_pos_0272" time="0.006" /><testcase classname="tests.payload.test_build_compact_payload_fixes.TestMrThreshold" name="test_mr_absent_when_hurst_above_048" time="0.004" /><testcase classname="tests.payload.test_build_compact_payload_fixes.TestMrThreshold" name="test_mr_absent_when_position_too_centered" time="0.006" /><testcase classname="tests.payload.test_build_compact_payload_fixes.TestOfiOrderFlowSource" name="test_ofi_uses_order_flow_flow_imbalance" time="0.006" /><testcase classname="tests.payload.test_build_compact_payload_fixes.TestOfiOrderFlowSource" name="test_ofi_direction_sell_when_negative" time="0.007" /><testcase classname="tests.payload.test_build_compact_payload_fixes.TestOfiOrderFlowSource" name="test_ofi_direction_buy_when_positive" time="0.005" /><testcase classname="tests.payload.test_build_compact_payload_fixes.TestOfiOrderFlowSource" name="test_ofi_direction_neu_when_near_zero" time="0.006" /><testcase classname="tests.payload.test_build_compact_payload_fixes.TestProductionEventIntegration" name="test_production_event_generates_valid_payload" time="0.007" /><testcase classname="tests.payload.test_build_compact_payload_fixes.TestProductionEventIntegration" name="test_production_event_has_all_expected_gaps" time="0.006" /><testcase classname="tests.payload.test_build_compact_payload_fixes.TestProductionEventIntegration" name="test_production_event_regime_mode_is_mr" time="0.005" /><testcase classname="tests.payload.test_build_compact_payload_fixes.TestProductionEventIntegration" name="test_production_event_quality_is_unreliable" time="0.006" /><testcase classname="tests.payload.test_build_compact_payload_fixes.TestProductionEventIntegration" name="test_production_event_summary_note_mentions_holiday" time="0.007" /><testcase classname="tests.payload.test_build_compact_payload_fixes.TestProductionEventIntegration" name="test_production_event_is_serializable" time="0.005" /><testcase classname="tests.payload.test_build_compact_payload_pending_regressions" name="test_quality_should_be_built_from_institutional_analytics_quality" time="0.427"><failure message="AssertionError: assert {'lat': 'DEGR...', 'ms': 3622} == {'lat': 'DEGR...', 'ms': 3622}&#10;  &#10;  Omitting 2 identical items, use -vv to show&#10;  Differing items:&#10;  #x1B[0m{#x1B[33m'#x1B[39;49;00m#x1B[33mliq#x1B[39;49;00m#x1B[33m'#x1B[39;49;00m: #x1B[33m'#x1B[39;49;00m#x1B[33mREDUCED#x1B[39;49;00m#x1B[33m'#x1B[39;49;00m}#x1B[90m#x1B[39;49;00m != #x1B[0m{#x1B[33m'#x1B[39;49;00m#x1B[33mliq#x1B[39;49;00m#x1B[33m'#x1B[39;49;00m: #x1B[33m'#x1B[39;49;00m#x1B[33mRED#x1B[39;49;00m#x1B[33m'#x1B[39;49;00m}#x1B[90m#x1B[39;49;00m&#10;  &#10;  Full diff:&#10;  #x1B[0m#x1B[90m #x1B[39;49;00m {#x1B[90m#x1B[39;49;00m...&#10;  &#10;  ...Full output truncated (6 lines hidden), use '-vv' to show">E   AssertionError: assert {'lat': 'DEGR...', 'ms': 3622} == {'lat': 'DEGR...', 'ms': 3622}
      
      Omitting 2 identical items, use -vv to show
      Differing items:
      #x1B[0m{#x1B[33m'#x1B[39;49;00m#x1B[33mliq#x1B[39;49;00m#x1B[33m'#x1B[39;49;00m: #x1B[33m'#x1B[39;49;00m#x1B[33mREDUCED#x1B[39;49;00m#x1B[33m'#x1B[39;49;00m}#x1B[90m#x1B[39;49;00m != #x1B[0m{#x1B[33m'#x1B[39;49;00m#x1B[33mliq#x1B[39;49;00m#x1B[33m'#x1B[39;49;00m: #x1B[33m'#x1B[39;49;00m#x1B[33mRED#x1B[39;49;00m#x1B[33m'#x1B[39;49;00m}#x1B[90m#x1B[39;49;00m
      
      Full diff:
      #x1B[0m#x1B[90m #x1B[39;49;00m {#x1B[90m#x1B[39;49;00m...
      
[...]
ame="tests.unit.test_rolling_aggregate.TestRollingAggregateInitialization" name="test_default_initialization" time="0.002" /><testcase classname="tests.unit.test_rolling_aggregate.TestRollingAggregateInitialization" name="test_ohlc_initial_state" time="0.002" /><testcase classname="tests.unit.test_rolling_aggregate.TestRollingAggregateInitialization" name="test_reset" time="0.002" /><testcase classname="tests.unit.test_rolling_aggregate.TestRollingAggregateAddTrade" name="test_add_single_buy_trade" time="0.003" /><testcase classname="tests.unit.test_rolling_aggregate.TestRollingAggregateAddTrade" name="test_add_single_sell_trade" time="0.002" /><testcase classname="tests.unit.test_rolling_aggregate.TestRollingAggregateAddTrade" name="test_add_whale_trade" time="0.002" /><testcase classname="tests.unit.test_rolling_aggregate.TestRollingAggregateAddTrade" name="test_add_non_whale_trade" time="0.002" /><testcase classname="tests.unit.test_rolling_aggregate.TestRollingAggregateAddTrade" name="test_ohlc_single_trade" time="0.003" /><testcase classname="tests.unit.test_rolling_aggregate.TestRollingAggregateAddTrade" name="test_ohlc_multiple_trades" time="0.002" /><testcase classname="tests.unit.test_rolling_aggregate.TestRollingAggregateAddTrade" name="test_reject_out_of_order_trade" time="0.002" /><testcase classname="tests.unit.test_rolling_aggregate.TestRollingAggregatePruning" name="test_prune_subtracts_correctly" time="0.002" /><testcase classname="tests.unit.test_rolling_aggregate.TestRollingAggregatePruning" name="test_prune_updates_ohlc" time="0.002" /><testcase classname="tests.unit.test_rolling_aggregate.TestRollingAggregatePruning" name="test_prune_all" time="0.002" /><testcase classname="tests.unit.test_rolling_aggregate.TestRollingAggregateEviction" name="test_eviction_by_max_trades" time="0.002" /><testcase classname="tests.unit.test_rolling_aggregate.TestRollingAggregateOHLCRecompute" name="test_ohlc_recompute_after_high_removed" time="0.002" /><testcase classname="tests.unit.test_rolling_aggregate.TestRollingAggregateOHLCRecompute" name="test_ohlc_recompute_after_low_removed" time="0.002" /><testcase classname="tests.unit.test_rolling_aggregate.TestRollingAggregateOHLCRecompute" name="test_ohlc_fallback_empty" time="0.002" /><testcase classname="tests.unit.test_rolling_aggregate.TestRollingAggregateOHLCRecompute" name="test_ohlc_fallback_zero" time="0.002" /><testcase classname="tests.unit.test_rolling_aggregate.TestRollingAggregateMetrics" name="test_metrics_structure" time="0.002" /><testcase classname="tests.unit.test_rolling_aggregate.TestRollingAggregateMetrics" name="test_metrics_values" time="0.002" /><testcase classname="tests.unit.test_rolling_aggregate.TestRollingAggregateMetrics" name="test_metrics_sector_agg" time="0.002" /><testcase classname="tests.unit.test_sr_strength.TestSRStrengthScorer" name="test_initialization" time="0.002" /><testcase classname="tests.unit.test_sr_strength.TestSRStrengthScorer" name="test_quick_score_basic" time="0.002" /><testcase classname="tests.unit.test_sr_strength.TestSRStrengthScorer" name="test_score_levels_no_candidates" time="0.002" /><testcase classname="tests.unit.test_sr_strength.TestSRStrengthScorer" name="test_score_levels_invalid_price" time="0.001" /><testcase classname="tests.unit.test_sr_strength.TestSRStrengthScorer" name="test_score_levels_with_basic_data" time="0.012" /><testcase classname="tests.unit.test_sr_strength.TestSRStrengthScorer" name="test_collect_candidates_from_multiple_sources" time="0.002" /><testcase classname="tests.unit.test_sr_strength.TestSRStrengthScorer" name="test_merge_nearby_levels" time="0.001" /><testcase classname="tests.unit.test_sr_strength.TestSRStrengthScorer" name="test_count_touches_with_dataframe" time="0.003" /><testcase classname="tests.unit.test_sr_strength.TestSRStrengthScorer" name="test_count_touches_with_list_of_dicts" time="0.002" /><testcase classname="tests.unit.test_sr_strength.TestSRStrengthScorer" name="test_round_number_candidates" time="0.002" /><testcase classname="tests.unit.test_support_resistance_consolidated.TestValidation" name="test_validate_dataframe_success" time="0.010" /><testcase classname="tests.unit.test_support_resistance_consolidated.TestValidation" name="test_validate_dataframe_missing_columns" time="0.003" /><testcase classname="tests.unit.test_support_resistance_consolidated.TestValidation" name="test_validate_dataframe_insufficient_rows" time="0.006" /><testcase classname="tests.unit.test_support_resistance_consolidated.TestValidation" name="test_validate_dataframe_zero_or_negative_prices" time="0.007" /><testcase classname="tests.unit.test_support_resistance_consolidated.TestValidation" name="test_validate_dataframe_negative_volume" time="0.006" /><testcase classname="tests.unit.test_support_resistance_consolidated.TestValidation" name="test_validate_dataframe_nan_values" time="0.004" /><testcase classname="tests.unit.test_support_resistance_consolidated.TestValidation" name="test_validate_series_success" time="0.003" /><testcase classname="tests.unit.test_support_resistance_consolidated.TestValidation" name="test_validate_series_nan_without_permission" time="0.003" /><testcase classname="tests.unit.test_support_resistance_consolidated.TestValidation" name="test_validate_series_nan_with_permission" time="0.006" /><testcase classname="tests.unit.test_support_resistance_consolidated.TestConfiguration" name="test_sr_config_defaults" time="0.002" /><testcase classname="tests.unit.test_support_resistance_consolidated.TestConfiguration" name="test_sr_config_validation_correct" time="0.002" /><testcase classname="tests.unit.test_support_resistance_consolidated.TestConfiguration" name="test_sr_config_validation_wrong_count" time="0.003" /><testcase classname="tests.unit.test_support_resistance_consolidated.TestConfiguration" name="test_sr_config_validation_wrong_sum" time="0.003" /><testcase classname="tests.unit.test_support_resistance_consolidated.TestConfiguration" name="test_volume_profile_config_defaults" time="0.001" /><testcase classname="tests.unit.test_support_resistance_consolidated.TestConfiguration" name="test_volume_profile_config_custom_values" time="0.002" /><testcase classname="tests.unit.test_support_resistance_consolidated.TestConfiguration" name="test_institutional_config_defaults" time="0.002" /><testcase classname="tests.unit.test_support_resistance_consolidated.TestConfiguration" name="test_monitor_config_defaults" time="0.001" /><testcase classname="tests.unit.test_support_resistance_consolidated.TestInstitutionalSupportResistanceSystem" name="test_initialization_default" time="0.001" /><testcase classname="tests.unit.test_support_resistance_consolidated.TestInstitutionalSupportResistanceSystem" name="test_initialization_custom_config" time="0.002" /><testcase classname="tests.unit.test_support_resistance_consolidated.TestInstitutionalSupportResistanceSystem" name="test_analyze_basic_execution" time="0.042" /><testcase classname="tests.unit.test_support_resistance_consolidated.TestInstitutionalSupportResistanceSystem" name="test_analyze_with_custom_config" time="0.036" /><testcase classname="tests.unit.test_support_resistance_consolidated.TestInstitutionalSupportResistanceSystem" name="test_analyze_constant_price" time="0.033" /><testcase classname="tests.unit.test_support_resistance_consolidated.TestInstitutionalSupportResistanceSystem" name="test_analyze_without_volume" time="0.042" /><testcase classname="tests.unit.test_support_resistance_consolidated.TestInstitutionalSupportResistanceSystem" name="test_analyze_empty_data_handling" time="0.007" /><testcase classname="tests.unit.test_support_resistance_consolidated.TestInstitutionalSupportResistanceSystem" name="test_levels_structure_and_scores" time="0.049" /><testcase classname="tests.unit.test_support_resistance_consolidated.TestInstitutionalSupportResistanceSystem" name="test_volume_profile_structure" time="0.052" /><testcase classname="tests.unit.test_support_resistance_consolidated.TestInstitutionalSupportResistanceSystem" name="test_confluence_analysis_structure" time="0.038" /><testcase classname="tests.unit.test_support_resistance_consolidated.TestInstitutionalSupportResistanceSystem" name="test_consolidated_report_structure" time="0.041" /><testcase classname="tests.unit.test_support_resistance_consolidated.TestInstitutionalSupportResistanceSystem" name="test_context_manager" time="0.046" /><testcase classname="tests.unit.test_support_resistance_consolidated.TestInstitutionalSupportResistanceSystem" name="test_reset_method" time="0.052" /><testcase classname="tests.unit.test_support_resistance_consolidated.TestInstitutionalSupportResistanceSystem" name="test_health_check" time="0.058" /><testcase classname="tests.unit.test_support_resistance_consolidated.TestInstitutionalSupportResistanceSystem" name="test_create_market_monitor" time="0.052" /><testcase classname="tests.unit.test_support_resistance_consolidated.TestInstitutionalSupportResistanceSystem" name="test_create_monitor_without_analysis" time="0.004" /><testcase classname="tests.unit.test_support_resistance_consolidated.TestInstitutionalMarketMonitor" name="test_process_tick_no_signal" time="0.003" /><testcase classname="tests.unit.test_support_resistance_consolidated.TestInstitutionalMarketMonitor" name="test_process_tick_near_support" time="0.002" /><testcase classname="tests.unit.test_support_resistance_consolidated.TestInstitutionalMarketMonitor" name="test_process_tick_near_resistance" time="0.002" /><testcase classname="tests.unit.test_support_resistance_consolidated.TestInstitutionalMarketMonitor" name="test_deque_limits" time="0.005" /><testcase classname="tests.unit.test_support_resistance_consolidated.TestInstitutionalMarketMonitor" name="test_reset" time="0.003" /><testcase classname="tests.unit.test_support_resistance_consolidated.TestInstitutionalMarketMonitor" name="test_update_levels" time="0.002" /><testcase classname="tests.unit.test_support_resistance_consolidated.TestInstitutionalMarketMonitor" name="test_summary_report" time="0.003" /><testcase classname="tests.unit.test_support_resistance_consolidated.TestStatisticalUtils" name="test_clamp" time="0.002" /><testcase classname="tests.unit.test_support_resistance_consolidated.TestStatisticalUtils" name="test_safe_divide" time="0.002" /><testcase classname="tests.unit.test_support_resistance_consolidated.TestStatisticalUtils" name="test_confidence_interval" time="0.005" /><testcase classname="tests.unit.test_support_resistance_consolidated.TestStatisticalUtils" name="test_confidence_interval_empty" time="0.001" /><testcase classname="tests.unit.test_support_resistance_consolidated.TestStatisticalUtils" name="test_confidence_interval_single_value" time="0.002" /><testcase classname="tests.unit.test_support_resistance_consolidated.TestStatisticalUtils" name="test_cluster_prices" time="0.002" /><testcase classname="tests.unit.test_support_resistance_consolidated.TestStatisticalUtils" name="test_cache_thread_safety" time="0.884" /><testcase classname="tests.unit.test_support_resistance_consolidated.TestStatisticalUtils" name="test_cache_clear" time="0.005" /><testcase classname="tests.unit.test_support_resistance_consolidated.TestEdgeCases" name="test_single_row_dataframe" time="0.004" /><testcase classname="tests.unit.test_support_resistance_consolidated.TestEdgeCases" name="test_very_small_price_range" time="0.034" /><testcase classname="tests.unit.test_support_resistance_consolidated.TestEdgeCases" name="test_very_large_price_range" time="0.050" /><testcase classname="tests.unit.test_support_resistance_consolidated.TestEdgeCases" name="test_extreme_volume_values" time="0.046" /><testcase classname="tests.unit.test_support_resistance_consolidated.TestIntegration" name="test_full_pipeline" time="0.058" /><testcase classname="tests.unit.test_support_resistance_consolidated.TestIntegration" name="test_multiple_analyses_different_configs" time="0.090" /><testcase classname="tests.unit.test_support_resistance_consolidated.TestIntegration" name="test_system_reproducibility" time="0.085" /><testcase classname="tests.unit.test_support_resistance_consolidated.TestSpecificMetrics" name="test_support_below_current_price" time="0.050" /><testcase classname="tests.unit.test_support_resistance_consolidated.TestSpecificMetrics" name="test_resistance_above_current_price" time="0.047" /><testcase classname="tests.unit.test_support_resistance_consolidated.TestSpecificMetrics" name="test_poc_in_value_area" time="0.051" /><testcase classname="tests.unit.test_support_resistance_consolidated.TestSpecificMetrics" name="test_quality_rating_values" time="0.039" /><testcase classname="tests.unit.test_time_manager_async.TestNowNonBlocking" name="test_now_returns_ms" time="0.002" /><testcase classname="tests.unit.test_time_manager_async.TestNowNonBlocking" name="test_now_applies_offset" time="0.002" /><testcase classname="tests.unit.test_time_manager_async.TestNowNonBlocking" name="test_now_does_not_call_sync" time="0.002" /><testcase classname="tests.unit.test_time_manager_async.TestNowNonBlocking" name="test_now_sets_sync_needed_flag" time="0.002" /><testcase classname="tests.unit.test_time_manager_async.TestNowNonBlocking" name="test_now_does_not_set_flag_when_sync_not_needed" time="0.002" /><testcase classname="tests.unit.test_time_manager_async.TestNowNonBlocking" name="test_now_error_fallback" time="0.003" /><testcase classname="tests.unit.test_time_manager_async.TestNeedsSync" name="test_needs_sync_false_by_default" time="0.002" /><testcase classname="tests.unit.test_time_manager_async.TestNeedsSync" name="test_needs_sync_true_after_now_triggers" time="0.003" /><testcase classname="tests.unit.test_time_manager_async.TestSyncAsync" name="test_sync_async_calls_safe_in_executor" time="0.010" /><testcase classname="tests.unit.test_time_manager_async.TestSyncAsync" name="test_sync_async_clears_sync_needed" time="0.007" /><testcase classname="tests.unit.test_time_manager_async.TestSyncAsync" name="test_sync_async_dedup_concurrent" time="0.160" /><testcase classname="tests.unit.test_time_manager_async.TestSyncWithBinanceSafe" name="test_safe_calls_sync" time="0.003" /><testcase classname="tests.unit.test_time_manager_async.TestSyncWithBinanceSafe" name="test_safe_handles_exception" time="0.007" /><testcase classname="tests.unit.test_time_manager_async.TestSyncWithBinanceSafe" name="test_safe_sets_failed_when_no_previous_sync" time="0.003" /><testcase classname="tests.unit.test_time_manager_async.TestPeriodicSync" name="test_periodic_sync_calls_sync_async" time="0.372" /><testcase classname="tests.unit.test_time_manager_async.TestPeriodicSync" name="test_periodic_sync_survives_error" time="0.447" /><testcase classname="tests.unit.test_time_manager_async.TestPeriodicSync" name="test_periodic_sync_cancellable" time="0.162" /><testcase classname="tests.unit.test_time_manager_async.TestValidateOffsetNoRecursion" name="test_offset_ok" time="0.003" /><testcase classname="tests.unit.test_time_manager_async.TestValidateOffsetNoRecursion" name="test_offset_degraded_under_10s" time="0.003" /><testcase classname="tests.unit.test_time_manager_async.TestValidateOffsetNoRecursion" name="test_offset_high_10s_to_60s" time="0.003" /><testcase classname="tests.unit.test_time_manager_async.TestValidateOffsetNoRecursion" name="test_offset_critical" time="0.004" /><testcase classname="tests.unit.test_time_manager_async.TestValidateOffsetNoRecursion" name="test_offset_critical_ntp_success" time="0.002" /><testcase classname="tests.unit.test_time_manager_async.TestValidateOffsetNoRecursion" name="test_no_recursive_sync_call" time="0.002" /><testcase classname="tests.unit.test_time_manager_async.TestValidateOffsetNoRecursion" name="test_offset_history_appended" time="0.002" /><testcase classname="tests.unit.test_time_manager_async.TestValidateOffsetNoRecursion" name="test_offset_history_max_10" time="0.007" /><testcase classname="tests.unit.test_time_manager_async.TestE2EFlow" name="test_now_flags_then_sync_clears" time="0.009" /><testcase classname="tests.unit.test_time_manager_async.TestE2EFlow" name="test_now_does_not_block_event_loop" time="0.014" /><testcase classname="tests.unit.test_time_manager_async.TestE2EFlow" name="test_periodic_picks_up_sync_needed" time="0.122" /><testcase classname="tests.unit.test_yfinance_cache.TestCacheEntry" name="test_valid_entry" time="0.002" /><testcase classname="tests.unit.test_yfinance_cache.TestCacheEntry" name="test_expired_entry" time="0.001" /><testcase classname="tests.unit.test_yfinance_cache.TestCacheEntry" name="test_age_seconds" time="0.002" /><testcase classname="tests.unit.test_yfinance_cache.TestCacheHitMiss" name="test_miss_calls_fetcher" time="0.005" /><testcase classname="tests.unit.test_yfinance_cache.TestCacheHitMiss" name="test_hit_skips_fetcher" time="0.006" /><testcase classname="tests.unit.test_yfinance_cache.TestCacheHitMiss" name="test_expired_calls_fetcher_again" time="0.167" /><testcase classname="tests.unit.test_yfinance_cache.TestCacheHitMiss" name="test_get_without_fetcher_returns_none" time="0.004" /><testcase classname="tests.unit.test_yfinance_cache.TestCacheHitMiss" name="test_get_sync_returns_cached" time="0.003" /><testcase classname="tests.unit.test_yfinance_cache.TestCacheHitMiss" name="test_get_sync_returns_none_when_expired" time="0.022" /><testcase classname="tests.unit.test_yfinance_cache.TestDeduplication" name="test_concurrent_fetches_deduplicated" time="0.004" /><testcase classname="tests.unit.test_yfinance_cache.TestDeduplication" name="test_different_keys_fetch_independently" time="0.006" /><testcase classname="tests.unit.test_yfinance_cache.TestStaleWhileRevalidate" name="test_returns_stale_on_fetch_error" time="0.038" /><testcase classname="tests.unit.test_yfinance_cache.TestStaleWhileRevalidate" name="test_returns_none_on_error_without_stale" time="0.006" /><testcase classname="tests.unit.test_yfinance_cache.TestStaleWhileRevalidate" name="test_returns_stale_on_none_result" time="0.041" /><testcase classname="tests.unit.test_yfinance_cache.TestCacheOperations" name="test_set_and_get_sync" time="0.002" /><testcase classname="tests.unit.test_yfinance_cache.TestCacheOperations" name="test_set_with_custom_ttl" time="0.023" /><testcase classname="tests.unit.test_yfinance_cache.TestCacheOperations" name="test_invalidate" time="0.002" /><testcase classname="tests.unit.test_yfinance_cache.TestCacheOperations" name="test_invalidate_nonexistent_key" time="0.002" /><testcase classname="tests.unit.test_yfinance_cache.TestCacheOperations" name="test_clear" time="0.002" /><testcase classname="tests.unit.test_yfinance_cache.TestStats" name="test_stats_count_hits_and_misses" time="0.005" /><testcase classname="tests.unit.test_yfinance_cache.TestStats" name="test_stats_count_errors" time="0.005" /><testcase classname="tests.unit.test_yfinance_cache.TestStats" name="test_stats_valid_entries" time="0.023" /><testcase classname="tests.unit.test_yfinance_cache.TestTTLDefaults" name="test_known_keys_have_ttl" time="0.002" /><testcase classname="tests.unit.test_yfinance_cache.TestTTLDefaults" name="test_default_ttl_exists" time="0.002" /><testcase classname="tests.unit.test_yfinance_cache.TestSingleton" name="test_returns_same_instance" time="0.003" /><testcase classname="tests.unit.test_yfinance_cache.TestSingleton" name="test_reset_clears_instance" time="0.003" /><testcase classname="tests.unit.test_yfinance_cache.TestSingleton" name="test_shared_across_modules" time="0.003" /><testcase classname="tests.unit.test_yfinance_cache.TestE2EScenario" name="test_prefetch_then_read" time="0.006" /><testcase classname="tests.unit.test_yfinance_cache.TestE2EScenario" name="test_two_windows_second_uses_cache" time="0.005" /><testcase classname="tests.unit.test_yfinance_cache.TestE2EScenario" name="test_parallel_fetch_performance" time="0.127" /></testsuite></testsuites>