============================= test session starts =============================
platform win32 -- Python 3.12.8, pytest-9.0.1, pluggy-1.6.0
rootdir: c:\Users\Micro\Documents\Visual Studio\robo_sistema.binace.api
configfile: pytest.ini
testpaths: tests
plugins: anyio-4.12.0, asyncio-1.3.0, cov-7.0.0, mock-3.15.1
asyncio: mode=Mode.AUTO, debug=False, asyncio_default_fixture_loop_scope=None, asyncio_default_test_loop_scope=function

----------------------------- live log collection -----------------------------
2025-12-19 22:27:15 [WARNING] root: \u26a0\ufe0f Config n\xe3o carregado (cannot import name 'ORDERBOOK_CIRCUIT_BREAKER_FAILURE_THRESHOLD' from 'config' (C:\\Users\\Micro\\Documents\\Visual Studio\\robo_sistema.binace.api\\config.py)), usando valores seguros\n2025-12-19 22:27:19 [INFO] support_resistance.system: Iniciando análise institucional | {"data_points": 200, "num_levels": 3}
2025-12-19 22:27:19 [INFO] support_resistance.system: Calculando pivot points multi-timeframe... | {"data_points": 200, "num_levels": 3}
2025-12-19 22:27:19 [INFO] support_resistance.system: Analisando volume profile... | {"data_points": 200, "num_levels": 3}
2025-12-19 22:27:19 [INFO] support_resistance.system: Detectando níveis de suporte e resistência... | {"data_points": 200, "num_levels": 3}
2025-12-19 22:27:19 [INFO] support_resistance.system: Analisando confluência de níveis... | {"data_points": 200, "num_levels": 3}
2025-12-19 22:27:19 [INFO] support_resistance.system: Gerando relatório consolidado... | {"data_points": 200, "num_levels": 3}
2025-12-19 22:27:19 [INFO] support_resistance.system: Iniciando análise institucional | {"data_points": 200, "num_levels": 3}
2025-12-19 22:27:19 [INFO] support_resistance.system: Calculando pivot points multi-timeframe... | {"data_points": 200, "num_levels": 3}
2025-12-19 22:27:19 [INFO] support_resistance.system: Analisando volume profile... | {"data_points": 200, "num_levels": 3}
2025-12-19 22:27:19 [INFO] support_resistance.system: Detectando níveis de suporte e resistência... | {"data_points": 200, "num_levels": 3}
2025-12-19 22:27:19 [INFO] support_resistance.system: Analisando confluência de níveis... | {"data_points": 200, "num_levels": 3}
2025-12-19 22:27:19 [INFO] support_resistance.system: Gerando relatório consolidado... | {"data_points": 200, "num_levels": 3}
collected 466 items

tests/test_ai_analyzer_mock.py::test_ai_analyzer_mock_mode 
-------------------------------- live log call --------------------------------
2025-12-19 22:27:19 [INFO] root: ================================================================================
2025-12-19 22:27:19 [INFO] root: \U0001f550 TIMEMANAGER v2.1.2 - INICIALIZANDO\n2025-12-19 22:27:19 [INFO] root:    Tempo local:     1766194039258 ms
2025-12-19 22:27:19 [INFO] root:    Timezone UTC:    UTC
2025-12-19 22:27:19 [INFO] root:    Timezone NY:     America/New_York
2025-12-19 22:27:19 [INFO] root:    Timezone SP:     America/Sao_Paulo
2025-12-19 22:27:19 [INFO] root:    ZoneInfo:        \u2705 Dispon\xedvel\n2025-12-19 22:27:19 [INFO] root:    Max offset:      600 ms
2025-12-19 22:27:19 [INFO] root:    Sync samples:    5
2025-12-19 22:27:19 [INFO] root:    Sync interval:   1800 s (30 min)
2025-12-19 22:27:19 [INFO] root: \U0001f504 Tentativa 1/3\n2025-12-19 22:27:19 [INFO] root: \U0001f504 Iniciando sincroniza\xe7\xe3o com Binance (5 amostras)...\n2025-12-19 22:27:25 [INFO] root: \u2705 Melhor amostra selecionada: RTT=1195ms, Offset=-1147ms\n2025-12-19 22:27:25 [WARNING] root: \u26a0\ufe0f Offset 1147ms > 600ms (tentativa 1/3)\n2025-12-19 22:27:25 [INFO] root: \U0001f504 Tentando re-sincroniza\xe7\xe3o...\n2025-12-19 22:27:25 [INFO] root: \U0001f504 Iniciando sincroniza\xe7\xe3o com Binance (5 amostras)...\n2025-12-19 22:27:32 [INFO] root: \u2705 Melhor amostra selecionada: RTT=1192ms, Offset=-1147ms\n2025-12-19 22:27:32 [WARNING] root: \u26a0\ufe0f Offset 1147ms > 600ms (tentativa 2/3)\n2025-12-19 22:27:32 [INFO] root: \U0001f504 Tentando re-sincroniza\xe7\xe3o...\n2025-12-19 22:27:32 [INFO] root: \U0001f504 Iniciando sincroniza\xe7\xe3o com Binance (5 amostras)...\n2025-12-19 22:27:38 [INFO] root: \u2705 Melhor amostra selecionada: RTT=1194ms, Offset=-1146ms\n2025-12-19 22:27:38 [WARNING] root: \u26a0\ufe0f Offset 1146ms > 600ms (tentativa 3/3)\n2025-12-19 22:27:38 [INFO] root: \U0001f504 Tentando re-sincroniza\xe7\xe3o...\n2025-12-19 22:27:38 [INFO] root: \U0001f504 Iniciando sincroniza\xe7\xe3o com Binance (5 amostras)...\n2025-12-19 22:27:45 [INFO] root: \u2705 Melhor amostra selecionada: RTT=1207ms, Offset=-1143ms\n2025-12-19 22:27:45 [ERROR] root: \u274c Offset 1143ms muito alto e n\xe3o corrig\xedvel.\n2025-12-19 22:27:45 [ERROR] root:    Sistema continuará mas pode haver problemas.
2025-12-19 22:27:45 [WARNING] root: \u26a0\ufe0f Re-sync n\xe3o melhorou: -1146ms \u2192 -1143ms\n2025-12-19 22:27:45 [WARNING] root: \u26a0\ufe0f Re-sync n\xe3o melhorou: -1147ms \u2192 -1143ms\n2025-12-19 22:27:45 [INFO] root: \u2705 Sincroniza\xe7\xe3o bem-sucedida na tentativa 1\n2025-12-19 22:27:45 [INFO] root: 
2025-12-19 22:27:45 [INFO] root: \U0001f50d DIAGN\xd3STICO DO SISTEMA DE TEMPO\n2025-12-19 22:27:45 [INFO] root: --------------------------------------------------------------------------------
2025-12-19 22:27:45 [INFO] root: \u23f0 Timestamps:\n2025-12-19 22:27:45 [INFO] root:    Local time (ms):  1766194065210
2025-12-19 22:27:45 [INFO] root:    Synced time (ms): 1766194064068
2025-12-19 22:27:45 [INFO] root:    Current offset:   -1142 ms (-1.14s)
2025-12-19 22:27:45 [INFO] root: \U0001f30d Timezones:\n2025-12-19 22:27:45 [INFO] root:    UTC: 2025-12-20 01:27:45 UTC
2025-12-19 22:27:45 [INFO] root:    NY:  2025-12-19 20:27:45 EST
2025-12-19 22:27:45 [INFO] root:    SP:  2025-12-19 22:27:45 -03
2025-12-19 22:27:45 [INFO] root:    Offset NY vs UTC: -5.0 horas
2025-12-19 22:27:45 [INFO] root:    Offset SP vs UTC: -3.0 horas
2025-12-19 22:27:45 [INFO] root:    \u2705 Offset NY correto: -5.0 horas\n2025-12-19 22:27:45 [INFO] root:    \u2705 Offset SP correto: -3.0 horas\n2025-12-19 22:27:45 [INFO] root: \U0001f4ca Estat\xedsticas de Sincroniza\xe7\xe3o:\n2025-12-19 22:27:45 [INFO] root:    Status:                ok
2025-12-19 22:27:45 [INFO] root:    Server offset:         -1143 ms
2025-12-19 22:27:45 [INFO] root:    Last RTT:              1207 ms
2025-12-19 22:27:45 [INFO] root:    Best RTT:              1192 ms
2025-12-19 22:27:45 [INFO] root:    Sync attempts:         4
2025-12-19 22:27:45 [INFO] root:    Sync failures:         0
2025-12-19 22:27:45 [INFO] root:    Auto corrections:      0
2025-12-19 22:27:45 [INFO] root:    Success rate:          100.0%
2025-12-19 22:27:45 [INFO] root:    ZoneInfo available:    \u2705 Yes\n2025-12-19 22:27:45 [INFO] root: ================================================================================
2025-12-19 22:27:45 [INFO] root: \U0001f9e0 IA Analyzer v2.3.0 inicializada - GroqCloud + Structured Output focado em regi\xf5es de entrada\n2025-12-19 22:27:45 [INFO] ai_analyzer: {"symbol": "AI", "event": "ai_ping_ok", "level": "INFO", "mode": "mock"}
2025-12-19 22:27:45 [WARNING] root: \u26a0\ufe0f Nenhuma fonte de orderbook v\xe1lida encontrada\n2025-12-19 22:27:45 [WARNING] root: \u26a0\ufe0f Orderbook INV\xc1LIDO para prompt: bid=$0.0, ask=$0.0\n2025-12-19 22:27:45 [INFO] root: \u2705 IA [mock] analisou: Teste - BTCUSDT\n2025-12-19 22:27:45 [INFO] ai_analyzer: {"symbol": "AI", "event": "ai_analyze_ok", "level": "INFO", "mode": "mock", "model": "qwen-plus", "tipo_evento": "Teste", "ativo": "BTCUSDT"}
PASSED                                                                   [  0%]
tests/test_ai_runner.py::TestAIRunner::test_ai_runner_initialization PASSED [  0%]
tests/test_ai_runner.py::TestAIRunner::test_analyze_with_ai PASSED       [  0%]
tests/test_ai_runner.py::TestAIRunner::test_ai_runner_with_retry_success PASSED [  0%]
tests/test_ai_runner.py::TestAIRunner::test_ai_runner_with_retry_failure PASSED [  1%]
tests/test_ai_runner.py::TestAIRunner::test_ai_runner_parse_response FAILED [  1%]
tests/test_ai_runner_comprehensive.py::TestAIRunnerComprehensive::test_initialization PASSED [  1%]
tests/test_ai_runner_comprehensive.py::TestAIRunnerComprehensive::test_initialization_without_api_key PASSED [  1%]
tests/test_ai_runner_comprehensive.py::TestAIRunnerComprehensive::test_config_validation PASSED [  1%]
tests/test_ai_runner_comprehensive.py::TestAIRunnerComprehensive::test_analyze_orderbook_success PASSED [  2%]
tests/test_ai_runner_comprehensive.py::TestAIRunnerComprehensive::test_analyze_orderbook_with_custom_instructions PASSED [  2%]
tests/test_ai_runner_comprehensive.py::TestAIRunnerComprehensive::test_analyze_orderbook_with_retry_success PASSED [  2%]
tests/test_ai_runner_comprehensive.py::TestAIRunnerComprehensive::test_analyze_orderbook_with_retry_failure PASSED [  2%]
tests/test_ai_runner_comprehensive.py::TestAIRunnerComprehensive::test_analyze_orderbook_rate_limited PASSED [  3%]
tests/test_ai_runner_comprehensive.py::TestAIRunnerComprehensive::test_analyze_orderbook_timeout PASSED [  3%]
tests/test_ai_runner_comprehensive.py::TestAIRunnerComprehensive::test_analyze_orderbook_circuit_breaker_open PASSED [  3%]
tests/test_ai_runner_comprehensive.py::TestAIRunnerComprehensive::test_prepare_prompt PASSED [  3%]
tests/test_ai_runner_comprehensive.py::TestAIRunnerComprehensive::test_prepare_prompt_with_minimal_data PASSED [  3%]
tests/test_ai_runner_comprehensive.py::TestAIRunnerComprehensive::test_parse_ai_response_valid_json PASSED [  4%]
tests/test_ai_runner_comprehensive.py::TestAIRunnerComprehensive::test_parse_ai_response_invalid_json PASSED [  4%]
tests/test_ai_runner_comprehensive.py::TestAIRunnerComprehensive::test_parse_ai_response_missing_fields PASSED [  4%]
tests/test_ai_runner_comprehensive.py::TestAIRunnerComprehensive::test_parse_ai_response_with_json_in_text PASSED [  4%]
tests/test_ai_runner_comprehensive.py::TestAIRunnerComprehensive::test_validate_signal PASSED [  4%]
tests/test_ai_runner_comprehensive.py::TestAIRunnerComprehensive::test_ai_runner_parse_response PASSED [  5%]
tests/test_ai_runner_comprehensive.py::TestAIRunnerComprehensive::test_batch_analysis FAILED [  5%]
tests/test_ai_runner_comprehensive.py::TestAIRunnerComprehensive::test_model_parameter_validation PASSED [  5%]
tests/test_ai_runner_comprehensive.py::TestAIRunnerComprehensive::test_streaming_analysis FAILED [  5%]
tests/test_ai_runner_comprehensive.py::TestAIRunnerComprehensive::test_streaming_analysis_error PASSED [  6%]
tests/test_ai_runner_comprehensive.py::TestAIRunnerComprehensive::test_cost_calculation PASSED [  6%]
tests/test_ai_runner_comprehensive.py::TestAIRunnerComprehensive::test_cache_mechanism FAILED [  6%]
tests/test_ai_runner_comprehensive.py::TestAIRunnerComprehensive::test_hash_orderbook_consistency PASSED [  6%]
tests/test_ai_runner_comprehensive.py::TestAIRunnerComprehensive::test_analyze_with_fallback_success PASSED [  6%]
tests/test_ai_runner_comprehensive.py::TestAIRunnerComprehensive::test_analyze_with_fallback_both_fail PASSED [  7%]
tests/test_ai_runner_comprehensive.py::TestAIRunnerComprehensive::test_analyze_with_fallback_no_fallback PASSED [  7%]
tests/test_ai_runner_comprehensive.py::TestAIRunnerComprehensive::test_prompt_template_management PASSED [  7%]
tests/test_ai_runner_comprehensive.py::TestAIRunnerComprehensive::test_get_performance_metrics_comprehensive PASSED [  7%]
tests/test_ai_runner_comprehensive.py::TestAIRunnerComprehensive::test_get_error_statistics PASSED [  7%]
tests/test_ai_runner_comprehensive.py::TestAIRunnerComprehensive::test_health_check PASSED [  8%]
tests/test_ai_runner_comprehensive.py::TestAIRunnerComprehensive::test_confidence_interpretation[0.95-VERY_HIGH] PASSED [  8%]
tests/test_ai_runner_comprehensive.py::TestAIRunnerComprehensive::test_confidence_interpretation[0.9-VERY_HIGH] PASSED [  8%]
tests/test_ai_runner_comprehensive.py::TestAIRunnerComprehensive::test_confidence_interpretation[0.85-HIGH] PASSED [  8%]
tests/test_ai_runner_comprehensive.py::TestAIRunnerComprehensive::test_confidence_interpretation[0.8-HIGH] PASSED [  9%]
tests/test_ai_runner_comprehensive.py::TestAIRunnerComprehensive::test_confidence_interpretation[0.75-HIGH] PASSED [  9%]
tests/test_ai_runner_comprehensive.py::TestAIRunnerComprehensive::test_confidence_interpretation[0.7-MEDIUM] PASSED [  9%]
tests/test_ai_runner_comprehensive.py::TestAIRunnerComprehensive::test_confidence_interpretation[0.65-MEDIUM] PASSED [  9%]
tests/test_ai_runner_comprehensive.py::TestAIRunnerComprehensive::test_confidence_interpretation[0.6-MEDIUM] PASSED [  9%]
tests/test_ai_runner_comprehensive.py::TestAIRunnerComprehensive::test_confidence_interpretation[0.55-LOW] PASSED [ 10%]
tests/test_ai_runner_comprehensive.py::TestAIRunnerComprehensive::test_confidence_interpretation[0.5-LOW] PASSED [ 10%]
tests/test_ai_runner_comprehensive.py::TestAIRunnerComprehensive::test_confidence_interpretation[0.45-LOW] PASSED [ 10%]
tests/test_ai_runner_comprehensive.py::TestAIRunnerComprehensive::test_confidence_interpretation[0.4-LOW] PASSED [ 10%]
tests/test_ai_runner_comprehensive.py::TestAIRunnerComprehensive::test_confidence_interpretation[0.35-VERY_LOW] PASSED [ 10%]
tests/test_ai_runner_comprehensive.py::TestAIRunnerComprehensive::test_confidence_interpretation[0.2-VERY_LOW] PASSED [ 11%]
tests/test_ai_runner_comprehensive.py::TestAIRunnerComprehensive::test_confidence_interpretation[1.0-VERY_HIGH] PASSED [ 11%]
tests/test_ai_runner_comprehensive.py::TestAIRunnerComprehensive::test_confidence_interpretation[0.0-VERY_LOW] PASSED [ 11%]
tests/test_ai_runner_comprehensive.py::TestAIRunnerComprehensive::test_switch_model FAILED [ 11%]
tests/test_ai_runner_comprehensive.py::TestAIRunnerComprehensive::test_concurrent_requests_handling PASSED [ 12%]
tests/test_ai_runner_comprehensive.py::TestAIRunnerComprehensive::test_circuit_breaker_logic PASSED [ 12%]
tests/test_ai_runner_comprehensive.py::TestAIRunnerComprehensive::test_compress_for_context PASSED [ 12%]
tests/test_ai_runner_comprehensive.py::TestAIRunnerComprehensive::test_generate_cache_key_consistency PASSED [ 12%]
tests/test_ai_runner_comprehensive.py::TestAIRunnerComprehensive::test_error_handling_and_logging PASSED [ 12%]
tests/test_ai_runner_comprehensive.py::TestAIRunnerComprehensive::test_performance_monitoring_under_load PASSED [ 13%]
tests/test_ai_runner_comprehensive.py::TestAIRunnerComprehensive::test_comprehensive_integration_scenario PASSED [ 13%]
tests/test_circuit_breaker.py::test_circuit_breaker_opens_and_blocks_then_recovers 
-------------------------------- live log call --------------------------------
2025-12-19 22:28:00 [WARNING] root: CircuitBreaker[t] closed -> open
2025-12-19 22:28:00 [WARNING] root: CircuitBreaker[t] open -> half_open
2025-12-19 22:28:00 [WARNING] root: CircuitBreaker[t] half_open -> closed
PASSED                                                                   [ 13%]
tests/test_circuit_breaker.py::test_half_open_failure_goes_back_to_open 
-------------------------------- live log call --------------------------------
2025-12-19 22:28:00 [WARNING] root: CircuitBreaker[t2] closed -> open
2025-12-19 22:28:00 [WARNING] root: CircuitBreaker[t2] open -> half_open
2025-12-19 22:28:00 [WARNING] root: CircuitBreaker[t2] half_open -> open
PASSED                                                                   [ 13%]
tests/test_data_pipeline.py::test_pipeline_initialization 
-------------------------------- live log call --------------------------------
2025-12-19 22:28:00 [INFO] pipeline.validation.BTCUSDT: \u2705 Pipeline carregado | trades=5 | method=vectorized | time_ms=6.82 | rate=1/ms\nPASSED                                                                   [ 13%]
tests/test_data_pipeline.py::test_pipeline_insufficient_data 
-------------------------------- live log call --------------------------------
2025-12-19 22:28:00 [WARNING] pipeline.validation.BTCUSDT: \u26a0\ufe0f Valida\xe7\xe3o vetorizada falhou: Dados insuficientes: 1 trades v\xe1lidos (m\xednimo: 2, recebidos: 1) | fallback=loop\n2025-12-19 22:28:00 [ERROR] pipeline.runtime.BTCUSDT: \u274c Erro ao carregar trades: Dados insuficientes: 1 trades v\xe1lidos (m\xednimo: 2, recebidos: 1)\nTraceback (most recent call last):\n  File "c:\\Users\\Micro\\Documents\\Visual Studio\\robo_sistema.binace.api\\data_pipeline\\validation\\validator.py", line 295, in validate_batch\n    df, stats = self._validate_vectorized(trades, min_trades)\n                ^^^^^^^^^^^^^^^^^^^^^^^^^^^^^^^^^^^^^^^^^^^^^\n  File "c:\\Users\\Micro\\Documents\\Visual Studio\\robo_sistema.binace.api\\data_pipeline\\validation\\validator.py", line 118, in _validate_vectorized\n    raise ValueError(\nValueError: Dados insuficientes: 1 trades v\xe1lidos (m\xednimo: 2, recebidos: 1)\n\nDuring handling of the above exception, another exception occurred:\n\nTraceback (most recent call last):\n  File "c:\\Users\\Micro\\Documents\\Visual Studio\\robo_sistema.binace.api\\data_pipeline\\pipeline.py", line 159, in _load_trades\n    self.df, validation_stats = self._validator.validate_batch(\n                                ^^^^^^^^^^^^^^^^^^^^^^^^^^^^^^^\n  File "c:\\Users\\Micro\\Documents\\Visual Studio\\robo_sistema.binace.api\\data_pipeline\\validation\\validator.py", line 302, in validate_batch\n    df, stats = self._validate_loop(trades, min_trades)\n                ^^^^^^^^^^^^^^^^^^^^^^^^^^^^^^^^^^^^^^^\n  File "c:\\Users\\Micro\\Documents\\Visual Studio\\robo_sistema.binace.api\\data_pipeline\\validation\\validator.py", line 206, in _validate_loop\n    raise ValueError(\nValueError: Dados insuficientes: 1 trades v\xe1lidos (m\xednimo: 2, recebidos: 1)\nPASSED                                                                   [ 14%]
tests/test_data_pipeline.py::test_pipeline_empty_data 
-------------------------------- live log call --------------------------------
2025-12-19 22:28:00 [WARNING] pipeline.validation.BTCUSDT: \u26a0\ufe0f Valida\xe7\xe3o vetorizada falhou: Lista de trades vazia | fallback=loop\n2025-12-19 22:28:00 [ERROR] pipeline.runtime.BTCUSDT: \u274c Erro ao carregar trades: Lista de trades vazia\nTraceback (most recent call last):\n  File "c:\\Users\\Micro\\Documents\\Visual Studio\\robo_sistema.binace.api\\data_pipeline\\validation\\validator.py", line 295, in validate_batch\n    df, stats = self._validate_vectorized(trades, min_trades)\n                ^^^^^^^^^^^^^^^^^^^^^^^^^^^^^^^^^^^^^^^^^^^^^\n  File "c:\\Users\\Micro\\Documents\\Visual Studio\\robo_sistema.binace.api\\data_pipeline\\validation\\validator.py", line 82, in _validate_vectorized\n    raise ValueError("Lista de trades vazia")\nValueError: Lista de trades vazia\n\nDuring handling of the above exception, another exception occurred:\n\nTraceback (most recent call last):\n  File "c:\\Users\\Micro\\Documents\\Visual Studio\\robo_sistema.binace.api\\data_pipeline\\pipeline.py", line 159, in _load_trades\n    self.df, validation_stats = self._validator.validate_batch(\n                                ^^^^^^^^^^^^^^^^^^^^^^^^^^^^^^^\n  File "c:\\Users\\Micro\\Documents\\Visual Studio\\robo_sistema.binace.api\\data_pipeline\\validation\\validator.py", line 302, in validate_batch\n    df, stats = self._validate_loop(trades, min_trades)\n                ^^^^^^^^^^^^^^^^^^^^^^^^^^^^^^^^^^^^^^^\n  File "c:\\Users\\Micro\\Documents\\Visual Studio\\robo_sistema.binace.api\\data_pipeline\\validation\\validator.py", line 179, in _validate_loop\n    raise ValueError("Lista de trades vazia")\nValueError: Lista de trades vazia\nPASSED                                                                   [ 14%]
tests/test_data_pipeline.py::test_enrich_metrics 
-------------------------------- live log call --------------------------------
2025-12-19 22:28:00 [INFO] pipeline.validation.BTCUSDT: \u2705 Pipeline carregado | trades=5 | method=vectorized | time_ms=4.67 | rate=1/ms\n2025-12-19 22:28:00 [INFO] pipeline.runtime.BTCUSDT: \u2705 Camada Enriched gerada\nPASSED                                                                   [ 14%]
tests/test_data_pipeline.py::test_add_context 
-------------------------------- live log call --------------------------------
2025-12-19 22:28:00 [INFO] pipeline.validation.BTCUSDT: \u2705 Pipeline carregado | trades=5 | method=vectorized | time_ms=4.84 | rate=1/ms\n2025-12-19 22:28:00 [INFO] pipeline.runtime.BTCUSDT: \u2705 Camada Enriched gerada\n2025-12-19 22:28:00 [INFO] pipeline.runtime.BTCUSDT: \u2705 Camada Contextual gerada\nPASSED                                                                   [ 14%]
tests/test_data_pipeline.py::test_detect_signals 
-------------------------------- live log call --------------------------------
2025-12-19 22:28:00 [INFO] pipeline.validation.BTCUSDT: \u2705 Pipeline carregado | trades=5 | method=vectorized | time_ms=4.44 | rate=1/ms\n2025-12-19 22:28:00 [WARNING] root: \u26a0\ufe0f INVARIANTE VIOLADA (Delta): Buy - Sell (0.0000) != Delta Armazenado (10.0000) em BTCUSDT\n2025-12-19 22:28:00 [WARNING] root: \u26a0\ufe0f INVARIANTE VIOLADA (Vol Sum): Buy(0.0000) + Sell(0.0000) != Total(100.0000) [Diff: -100.000000] em BTCUSDT\n2025-12-19 22:28:00 [INFO] pipeline.runtime.BTCUSDT: \u2705 Camada Signal gerada | signals=2\nPASSED                                                                   [ 15%]
tests/test_data_pipeline.py::test_extract_features_success 
-------------------------------- live log call --------------------------------
2025-12-19 22:28:00 [INFO] pipeline.validation.BTCUSDT: \u2705 Pipeline carregado | trades=5 | method=vectorized | time_ms=4.79 | rate=1/ms\n2025-12-19 22:28:00 [INFO] pipeline.ml.BTCUSDT: \u2705 ML features geradas | feature_count=2\nPASSED                                                                   [ 15%]
tests/test_data_pipeline.py::test_extract_features_missing_module 
-------------------------------- live log call --------------------------------
2025-12-19 22:28:00 [INFO] pipeline.validation.BTCUSDT: \u2705 Pipeline carregado | trades=5 | method=vectorized | time_ms=4.51 | rate=1/ms\n2025-12-19 22:28:00 [WARNING] pipeline.ml.BTCUSDT: \u26a0\ufe0f generate_ml_features n\xe3o dispon\xedvel\nPASSED                                                                   [ 15%]
tests/test_data_pipeline.py::test_enrich_fallback_on_error 
-------------------------------- live log call --------------------------------
2025-12-19 22:28:00 [INFO] pipeline.validation.BTCUSDT: \u2705 Pipeline carregado | trades=5 | method=vectorized | time_ms=4.85 | rate=1/ms\n2025-12-19 22:28:00 [ERROR] pipeline.runtime.BTCUSDT: \u274c Fallback completo: enrich\nTraceback (most recent call last):\n  File "c:\\Users\\Micro\\Documents\\Visual Studio\\robo_sistema.binace.api\\data_pipeline\\pipeline.py", line 232, in enrich\n    ohlc = self._metrics.calculate_ohlc(self.df)\n           ^^^^^^^^^^^^^^^^^^^^^^^^^^^^^^^^^^^^^\n  File "C:\\Users\\Micro\\AppData\\Local\\Programs\\Python\\Python312\\Lib\\unittest\\mock.py", line 1139, in __call__\n    return self._mock_call(*args, **kwargs)\n           ^^^^^^^^^^^^^^^^^^^^^^^^^^^^^^^^\n  File "C:\\Users\\Micro\\AppData\\Local\\Programs\\Python\\Python312\\Lib\\unittest\\mock.py", line 1143, in _mock_call\n    return self._execute_mock_call(*args, **kwargs)\n           ^^^^^^^^^^^^^^^^^^^^^^^^^^^^^^^^^^^^^^^^\n  File "C:\\Users\\Micro\\AppData\\Local\\Programs\\Python\\Python312\\Lib\\unittest\\mock.py", line 1198, in _execute_mock_call\n    raise effect\nException: Erro Cr\xedtico no OHLC\nPASSED                                                                   [ 15%]
tests/test_data_pipeline.py::test_get_final_features_integration 
-------------------------------- live log call --------------------------------
2025-12-19 22:28:00 [INFO] pipeline.validation.BTCUSDT: \u2705 Pipeline carregado | trades=5 | method=vectorized | time_ms=4.56 | rate=1/ms\n2025-12-19 22:28:00 [INFO] pipeline.runtime.BTCUSDT: \u2705 Camada Enriched gerada\n2025-12-19 22:28:00 [INFO] pipeline.runtime.BTCUSDT: \u2705 Camada Contextual gerada\n2025-12-19 22:28:00 [INFO] pipeline.ml.BTCUSDT: \u2705 ML features geradas | feature_count=4\nPASSED                                                                   [ 15%]
tests/test_data_validator.py::test_whale_volume_exceeds_total_should_fail 
-------------------------------- live log call --------------------------------
2025-12-19 22:28:00 [WARNING] DataValidator: Whale sell volume excede volume total de venda
PASSED                                                                   [ 16%]
tests/test_data_validator.py::test_whale_volume_within_limits_should_pass 
-------------------------------- live log call --------------------------------
2025-12-19 22:28:00 [WARNING] DataValidator: Volume total inconsistente: 100.00000000 != 10.00000000 + 8.00000000
PASSED                                                                   [ 16%]
tests/test_data_validator.py::test_whale_volume_with_fluxo_continuo_bypasses_check 
-------------------------------- live log call --------------------------------
2025-12-19 22:28:00 [WARNING] DataValidator: Volume total inconsistente: 100.00000000 != 10.00000000 + 40.00000000
PASSED                                                                   [ 16%]
tests/test_data_validator.py::test_timestamp_future_should_be_rejected 
-------------------------------- live log call --------------------------------
2025-12-19 22:28:00 [ERROR] DataValidator: \u274c Timestamp principal inv\xe1lido: 2147483648000\nPASSED                                                                   [ 16%]
tests/test_data_validator.py::test_timestamp_past_should_be_rejected 
-------------------------------- live log call --------------------------------
2025-12-19 22:28:00 [ERROR] DataValidator: \u274c Timestamp principal inv\xe1lido: 1000000000000\nPASSED                                                                   [ 16%]
tests/test_data_validator.py::test_delta_inconsistent_should_be_corrected 
-------------------------------- live log call --------------------------------
2025-12-19 22:28:00 [WARNING] DataValidator: Volume total inconsistente: 100.00000000 != 10.00000000 + 6.00000000
PASSED                                                                   [ 17%]
tests/test_data_validator.py::test_delta_enriched_snapshot_also_corrected PASSED [ 17%]
tests/test_data_validator.py::test_duplicate_events_should_be_ignored PASSED [ 17%]
tests/test_data_validator.py::test_similar_but_different_events_should_pass PASSED [ 17%]
tests/test_data_validator.py::test_invalid_window_missing_timestamp_should_be_rejected 
-------------------------------- live log call --------------------------------
2025-12-19 22:28:00 [ERROR] DataValidator: Estrutura inválida: evento não possui nenhum campo de timestamp.
PASSED                                                                   [ 18%]
tests/test_data_validator.py::test_event_with_timestamp_utc_should_pass PASSED [ 18%]
tests/test_data_validator.py::test_precision_corrections_btc_fields 
-------------------------------- live log call --------------------------------
2025-12-19 22:28:00 [WARNING] DataValidator: Volume total inconsistente: 100.00000000 != 0.62345679 + 0.50000001
PASSED                                                                   [ 18%]
tests/test_data_validator.py::test_precision_whale_volumes 
-------------------------------- live log call --------------------------------
2025-12-19 22:28:00 [WARNING] DataValidator: Volume total inconsistente: 100.00000000 != 10.00000000 + 8.00000000
PASSED                                                                   [ 18%]
tests/test_data_validator.py::test_temporal_consistency_in_order_events PASSED [ 18%]
tests/test_data_validator.py::test_temporal_consistency_out_of_order_within_tolerance PASSED [ 19%]
tests/test_data_validator.py::test_temporal_consistency_out_of_order_exceeds_tolerance 
-------------------------------- live log call --------------------------------
2025-12-19 22:28:00 [ERROR] DataValidator: \u274c Inconsist\xeancia temporal SIGNIFICATIVA: diff=5000ms (atual=1733918395000, \xfaltimo=1733918400000)\nPASSED                                                                   [ 19%]
tests/test_data_validator.py::test_correction_stats_tracking 
-------------------------------- live log call --------------------------------
2025-12-19 22:28:00 [WARNING] DataValidator: Volume total inconsistente: 100.00000000 != 10.00000000 + 6.00000000
PASSED                                                                   [ 19%]
tests/test_enrich_signal.py::test_enrich_signal_happy_path PASSED        [ 19%]
tests/test_enrich_signal.py::test_enrich_signal_discarded_when_validator_returns_empty 
-------------------------------- live log call --------------------------------
2025-12-19 22:28:00 [WARNING] root: Evento ABSORÇÃO / Demanda Forte descartado pela validação.
PASSED                                                                   [ 19%]
tests/test_event_bus.py::test_subscribe_and_publish_single 
------------------------------- live log setup --------------------------------
2025-12-19 22:28:00 [INFO] EventBus: \u2705 EventBus v2.1.2 iniciado (valida\xe7\xe3o inteligente)\n2025-12-19 22:28:00 [INFO] event_bus: {"symbol": "EventBus", "event": "event_bus_started", "level": "INFO", "max_queue_size": 100, "dedup_window": 1}
PASSED                                                                   [ 20%]
------------------------------ live log teardown ------------------------------
2025-12-19 22:28:01 [INFO] EventBus: \U0001f504 EventBus desligado\n2025-12-19 22:28:01 [INFO] event_bus: {"symbol": "EventBus", "event": "event_bus_shutdown", "level": "INFO"}

tests/test_event_bus.py::test_multiple_subscribers 
------------------------------- live log setup --------------------------------
2025-12-19 22:28:01 [INFO] EventBus: \u2705 EventBus v2.1.2 iniciado (valida\xe7\xe3o inteligente)\n2025-12-19 22:28:01 [INFO] event_bus: {"symbol": "EventBus", "event": "event_bus_started", "level": "INFO", "max_queue_size": 100, "dedup_window": 1}
PASSED                                                                   [ 20%]
------------------------------ live log teardown ------------------------------
2025-12-19 22:28:01 [INFO] EventBus: \U0001f504 EventBus desligado\n2025-12-19 22:28:01 [INFO] event_bus: {"symbol": "EventBus", "event": "event_bus_shutdown", "level": "INFO"}

tests/test_event_bus.py::test_different_topics 
------------------------------- live log setup --------------------------------
2025-12-19 22:28:01 [INFO] EventBus: \u2705 EventBus v2.1.2 iniciado (valida\xe7\xe3o inteligente)\n2025-12-19 22:28:01 [INFO] event_bus: {"symbol": "EventBus", "event": "event_bus_started", "level": "INFO", "max_queue_size": 100, "dedup_window": 1}
PASSED                                                                   [ 20%]
------------------------------ live log teardown ------------------------------
2025-12-19 22:28:02 [INFO] EventBus: \U0001f504 EventBus desligado\n2025-12-19 22:28:02 [INFO] event_bus: {"symbol": "EventBus", "event": "event_bus_shutdown", "level": "INFO"}

tests/test_event_bus.py::test_publish_no_subscribers 
------------------------------- live log setup --------------------------------
2025-12-19 22:28:02 [INFO] EventBus: \u2705 EventBus v2.1.2 iniciado (valida\xe7\xe3o inteligente)\n2025-12-19 22:28:02 [INFO] event_bus: {"symbol": "EventBus", "event": "event_bus_started", "level": "INFO", "max_queue_size": 100, "dedup_window": 1}
PASSED                                                                   [ 20%]
------------------------------ live log teardown ------------------------------
2025-12-19 22:28:02 [INFO] EventBus: \U0001f504 EventBus desligado\n2025-12-19 22:28:02 [INFO] event_bus: {"symbol": "EventBus", "event": "event_bus_shutdown", "level": "INFO"}

tests/test_event_bus.py::test_callback_data_integrity_and_normalization 
------------------------------- live log setup --------------------------------
2025-12-19 22:28:02 [INFO] EventBus: \u2705 EventBus v2.1.2 iniciado (valida\xe7\xe3o inteligente)\n2025-12-19 22:28:02 [INFO] event_bus: {"symbol": "EventBus", "event": "event_bus_started", "level": "INFO", "max_queue_size": 100, "dedup_window": 1}
PASSED                                                                   [ 21%]
------------------------------ live log teardown ------------------------------
2025-12-19 22:28:02 [INFO] EventBus: \U0001f504 EventBus desligado\n2025-12-19 22:28:02 [INFO] event_bus: {"symbol": "EventBus", "event": "event_bus_shutdown", "level": "INFO"}

tests/test_event_bus.py::test_shutdown_behavior 
------------------------------- live log setup --------------------------------
2025-12-19 22:28:02 [INFO] EventBus: \u2705 EventBus v2.1.2 iniciado (valida\xe7\xe3o inteligente)\n2025-12-19 22:28:02 [INFO] event_bus: {"symbol": "EventBus", "event": "event_bus_started", "level": "INFO", "max_queue_size": 100, "dedup_window": 1}
-------------------------------- live log call --------------------------------
2025-12-19 22:28:03 [INFO] EventBus: \U0001f504 EventBus desligado\n2025-12-19 22:28:03 [INFO] event_bus: {"symbol": "EventBus", "event": "event_bus_shutdown", "level": "INFO"}
PASSED                                                                   [ 21%]
------------------------------ live log teardown ------------------------------
2025-12-19 22:28:03 [INFO] EventBus: \U0001f504 EventBus desligado\n2025-12-19 22:28:03 [INFO] event_bus: {"symbol": "EventBus", "event": "event_bus_shutdown", "level": "INFO"}

tests/test_event_bus.py::test_deduplication 
------------------------------- live log setup --------------------------------
2025-12-19 22:28:03 [INFO] EventBus: \u2705 EventBus v2.1.2 iniciado (valida\xe7\xe3o inteligente)\n2025-12-19 22:28:03 [INFO] event_bus: {"symbol": "EventBus", "event": "event_bus_started", "level": "INFO", "max_queue_size": 100, "dedup_window": 1}
PASSED                                                                   [ 21%]
------------------------------ live log teardown ------------------------------
2025-12-19 22:28:03 [INFO] EventBus: \U0001f504 EventBus desligado\n2025-12-19 22:28:03 [INFO] event_bus: {"symbol": "EventBus", "event": "event_bus_shutdown", "level": "INFO"}

tests/test_event_bus.py::test_normalization_bypass 
------------------------------- live log setup --------------------------------
2025-12-19 22:28:03 [INFO] EventBus: \u2705 EventBus v2.1.2 iniciado (valida\xe7\xe3o inteligente)\n2025-12-19 22:28:03 [INFO] event_bus: {"symbol": "EventBus", "event": "event_bus_started", "level": "INFO", "max_queue_size": 100, "dedup_window": 1}
PASSED                                                                   [ 21%]
------------------------------ live log teardown ------------------------------
2025-12-19 22:28:04 [INFO] EventBus: \U0001f504 EventBus desligado\n2025-12-19 22:28:04 [INFO] event_bus: {"symbol": "EventBus", "event": "event_bus_shutdown", "level": "INFO"}

tests/test_flow_analyzer.py::TestUtilFunctions::test_to_decimal_from_int PASSED [ 21%]
tests/test_flow_analyzer.py::TestUtilFunctions::test_to_decimal_from_string PASSED [ 22%]
tests/test_flow_analyzer.py::TestUtilFunctions::test_to_decimal_from_none PASSED [ 22%]
tests/test_flow_analyzer.py::TestUtilFunctions::test_to_decimal_from_float PASSED [ 22%]
tests/test_flow_analyzer.py::TestUtilFunctions::test_to_decimal_from_decimal PASSED [ 22%]
tests/test_flow_analyzer.py::TestUtilFunctions::test_to_decimal_invalid_returns_zero 
-------------------------------- live log call --------------------------------
2025-12-19 22:28:04 [WARNING] root: \u26a0\ufe0f Convers\xe3o falhou para invalid: [<class 'decimal.ConversionSyntax'>]\nPASSED                                                                   [ 22%]
tests/test_flow_analyzer.py::TestUISafeRoundBTC::test_invariance_basic PASSED [ 23%]
tests/test_flow_analyzer.py::TestUISafeRoundBTC::test_invariance_zero_values PASSED [ 23%]
tests/test_flow_analyzer.py::TestUISafeRoundBTC::test_invariance_large_values PASSED [ 23%]
tests/test_flow_analyzer.py::TestUISafeRoundBTC::test_invariance_negative_handling PASSED [ 23%]
tests/test_flow_analyzer.py::TestAbsorptionClassification::test_classificar_absorcao_por_delta[-10.0-1.0-Absor\xe7\xe3o de Compra] PASSED [ 24%]
tests/test_flow_analyzer.py::TestAbsorptionClassification::test_classificar_absorcao_por_delta[10.0-1.0-Absor\xe7\xe3o de Venda] PASSED [ 24%]
tests/test_flow_analyzer.py::TestAbsorptionClassification::test_classificar_absorcao_por_delta[0.5-1.0-Neutra] PASSED [ 24%]
tests/test_flow_analyzer.py::TestAbsorptionClassification::test_classificar_absorcao_por_delta[-0.5-1.0-Neutra] PASSED [ 24%]
tests/test_flow_analyzer.py::TestAbsorptionClassification::test_classificar_absorcao_por_delta[0.0-1.0-Neutra] PASSED [ 24%]
tests/test_flow_analyzer.py::TestAbsorptionClassification::test_classificar_absorcao_por_delta[-1.0-1.0-Neutra] PASSED [ 25%]
tests/test_flow_analyzer.py::TestAbsorptionClassification::test_classificar_absorcao_por_delta[1.0-1.0-Neutra] PASSED [ 25%]
tests/test_flow_analyzer.py::TestAbsorptionClassification::test_classificar_absorcao_por_delta[-1.01-1.0-Absor\xe7\xe3o de Compra] PASSED [ 25%]
tests/test_flow_analyzer.py::TestAbsorptionClassification::test_classificar_absorcao_por_delta[1.01-1.0-Absor\xe7\xe3o de Venda] PASSED [ 25%]
tests/test_flow_analyzer.py::TestAbsorptionClassification::test_classificar_absorcao_contextual_compra 
-------------------------------- live log call --------------------------------
2025-12-19 22:28:04 [INFO] clock_sync: \U0001f550 ClockSync iniciado (sincronizando com Binance)\n2025-12-19 22:28:04 [INFO] root: \u2705 Liquidity Heatmap v2.1.0 inicializado | Janela: 2000 trades | Threshold: 0.300%\n2025-12-19 22:28:04 [INFO] root: \u2705 FlowAnalyzer v2.4.0 inicializado | Whale threshold: 5.00 BTC | Windows: [1, 5, 15] min | Reset interval: 4.0h | Max trades: 100000 | Time budget: 500.0ms\nPASSED                                                                   [ 25%]
tests/test_flow_analyzer.py::TestAbsorptionClassification::test_classificar_absorcao_contextual_venda PASSED [ 26%]
tests/test_flow_analyzer.py::TestAbsorptionClassification::test_classificar_absorcao_contextual_neutra_movimento_normal PASSED [ 26%]
tests/test_flow_analyzer.py::TestAbsorptionClassification::test_classificar_absorcao_contextual_neutra_delta_pequeno PASSED [ 26%]
tests/test_flow_analyzer.py::TestFlowAnalyzerState::test_initial_state PASSED [ 26%]
tests/test_flow_analyzer.py::TestFlowAnalyzerState::test_process_trade_cvd_calculation 
-------------------------------- live log call --------------------------------
2025-12-19 22:28:04 [WARNING] root: \u26a0\ufe0f Trade atrasado: diff=-146194083233ms\nPASSED                                                                   [ 27%]
tests/test_flow_analyzer.py::TestFlowAnalyzerState::test_process_trade_whale_detection PASSED [ 27%]
tests/test_flow_analyzer.py::TestFlowAnalyzerState::test_process_trade_invalid_trade PASSED [ 27%]
tests/test_flow_analyzer.py::TestFlowAnalyzerState::test_process_trade_batch PASSED [ 27%]
tests/test_flow_analyzer.py::TestFlowAnalyzerState::test_health_check PASSED [ 27%]
tests/test_flow_analyzer.py::TestFlowMetrics::test_get_flow_metrics_structure PASSED [ 28%]
tests/test_flow_analyzer.py::TestFlowMetrics::test_get_flow_metrics_values PASSED [ 28%]
tests/test_flow_analyzer.py::TestDynamicConfig::test_update_config_whale_threshold 
-------------------------------- live log call --------------------------------
2025-12-19 22:28:04 [INFO] root: \u2705 Configura\xe7\xe3o atualizada para v2\nPASSED                                                                   [ 28%]
tests/test_flow_analyzer.py::TestDynamicConfig::test_update_config_invalid_value 
-------------------------------- live log call --------------------------------
2025-12-19 22:28:04 [ERROR] root: \u274c Erro ao atualizar configura\xe7\xe3o: Invalid whale_threshold: whale_threshold must be > 0\nPASSED                                                                   [ 28%]
tests/test_flow_analyzer.py::TestDynamicConfig::test_update_config_absorcao_eps PASSED [ 28%]
tests/test_flow_analyzer.py::TestDynamicConfig::test_update_config_guard_mode PASSED [ 29%]
tests/test_flow_analyzer.py::TestDynamicConfig::test_update_config_invalid_guard_mode 
-------------------------------- live log call --------------------------------
2025-12-19 22:28:04 [ERROR] root: \u274c Erro ao atualizar configura\xe7\xe3o: Invalid absorcao_guard_mode: absorcao_guard_mode must be 'off', 'warn', or 'raise'\nPASSED                                                                   [ 29%]
tests/test_institutional_alerts.py::test_process_institutional_alerts_happy_path 
-------------------------------- live log call --------------------------------
2025-12-19 22:28:04 [INFO] root: \U0001f514 ALERTA: Tipo: VOLATILITY_EXPANSION | N\xedvel: 101.000 | Fator: 350.00%\nPASSED                                                                   [ 29%]
tests/test_institutional_alerts.py::test_process_institutional_alerts_respects_cooldown 
-------------------------------- live log call --------------------------------
2025-12-19 22:28:04 [INFO] root: \U0001f514 ALERTA: Tipo: SUPPLY_EXHAUSTION\nPASSED                                                                   [ 29%]
tests/test_integration_full_flow.py::TestFullTradingFlow::test_complete_trade_signal_flow 
------------------------------- live log setup --------------------------------
2025-12-19 22:28:04 [INFO] root: \u2705 Clock Sync inicializado\n2025-12-19 22:28:04 [INFO] root: \u2705 HealthMonitor iniciado. Warning ap\xf3s 90s, Critical ap\xf3s 180s de sil\xeancio.\n2025-12-19 22:28:04 [INFO] health_monitor: {"symbol": "SYSTEM", "event": "health_monitor_started", "level": "INFO", "warn_silence": 90, "critical_silence": 180, "check_interval": 30, "oci_enabled": false}
2025-12-19 22:28:04 [INFO] EventBus: \u2705 EventBus v2.1.2 iniciado (valida\xe7\xe3o inteligente)\n2025-12-19 22:28:04 [INFO] event_bus: {"symbol": "EventBus", "event": "event_bus_started", "level": "INFO", "max_queue_size": 1000, "dedup_window": 30}
2025-12-19 22:28:04 [INFO] root: FeatureStore Parquet inicializado em features
2025-12-19 22:28:04 [INFO] root: \u2705 OrderBook Analyzer v2.1.0 (engine 2.2.0) inicializado | Symbol: BTCUSDT | Alert: 500% | Wall STD: 2.0x | Top N: 20 | Cache TTL: 15.0s | Max Stale: 60.0s | Rate Limit: 10 req/min | Config loaded: \u274c (usando defaults) | History maxlen: 50 | Metrics: \u274c (desabilitadas)\n2025-12-19 22:28:04 [INFO] event_saver: \u2705 SQLite EventStore inicializado com sucesso\n2025-12-19 22:28:04 [INFO] event_saver: \U0001f550 Inicializando Clock Sync...\n2025-12-19 22:28:04 [WARNING] event_saver: \u26a0\ufe0f Clock Sync: sincroniza\xe7\xe3o inicial pendente\n2025-12-19 22:28:04 [INFO] event_saver: \U0001f550 Verifica\xe7\xe3o de Timezone:\n2025-12-19 22:28:04 [INFO] event_saver:    UTC: 2025-12-20 01:28:04 UTC
2025-12-19 22:28:04 [INFO] event_saver:    NY:  2025-12-19 20:28:04 (EST/EDT)
2025-12-19 22:28:04 [INFO] event_saver:    SP:  2025-12-19 22:28:04 (BRT)
2025-12-19 22:28:04 [INFO] event_saver:    Offset NY vs UTC: -5.0 horas
2025-12-19 22:28:04 [INFO] event_saver:    Offset SP vs UTC: -3.0 horas
2025-12-19 22:28:04 [INFO] event_saver: \u2705 EventSaver v5.0.0 inicializado | Buffer max: 10000 | Cleanup: 300s | File locking: HABILITADO (msvcrt)\n2025-12-19 22:28:04 [INFO] ContextCollector: \u2705 ContextCollector inicializado | Symbol: BTCUSDT | Alpha Vantage: ENABLED\n2025-12-19 22:28:04 [INFO] root: ============================== INICIALIZANDO IA ==============================
2025-12-19 22:28:04 [INFO] root: \U0001f9e0 Tentando inicializar AI Analyzer...\n2025-12-19 22:28:04 [INFO] ai_runner: {"symbol": "BTCUSDT", "event": "ai_init_start", "level": "INFO"}
2025-12-19 22:28:04 [INFO] root: \U0001f9e0 IA Analyzer v2.3.0 inicializada - GroqCloud + Structured Output focado em regi\xf5es de entrada\nFAILED                                                                   [ 30%]
tests/test_integration_full_flow.py::TestFullTradingFlow::test_flow_with_risk_rejection 
------------------------------- live log setup --------------------------------
2025-12-19 22:28:05 [INFO] health_monitor: {"symbol": "SYSTEM", "event": "health_monitor_started", "level": "INFO", "warn_silence": 90, "critical_silence": 180, "check_interval": 30, "oci_enabled": false}
2025-12-19 22:28:05 [INFO] EventBus: \u2705 EventBus v2.1.2 iniciado (valida\xe7\xe3o inteligente)\n2025-12-19 22:28:05 [INFO] event_bus: {"symbol": "EventBus", "event": "event_bus_started", "level": "INFO", "max_queue_size": 1000, "dedup_window": 30}
2025-12-19 22:28:05 [INFO] event_saver: \u2705 SQLite EventStore inicializado com sucesso\n2025-12-19 22:28:05 [INFO] event_saver: \U0001f550 Verifica\xe7\xe3o de Timezone:\n2025-12-19 22:28:05 [INFO] event_saver:    UTC: 2025-12-20 01:28:05 UTC
2025-12-19 22:28:05 [INFO] event_saver:    NY:  2025-12-19 20:28:05 (EST/EDT)
2025-12-19 22:28:05 [INFO] event_saver:    SP:  2025-12-19 22:28:05 (BRT)
2025-12-19 22:28:05 [INFO] event_saver:    Offset NY vs UTC: -5.0 horas
2025-12-19 22:28:05 [INFO] event_saver:    Offset SP vs UTC: -3.0 horas
2025-12-19 22:28:05 [INFO] event_saver: \u2705 EventSaver v5.0.0 inicializado | Buffer max: 10000 | Cleanup: 300s | File locking: HABILITADO (msvcrt)\n2025-12-19 22:28:05 [INFO] ContextCollector: \u2705 ContextCollector inicializado | Symbol: BTCUSDT | Alpha Vantage: ENABLED\n2025-12-19 22:28:05 [INFO] ai_runner: {"symbol": "BTCUSDT", "event": "ai_init_start", "level": "INFO"}
FAILED                                                                   [ 30%]
tests/test_integration_full_flow.py::TestFullTradingFlow::test_flow_with_execution_failure 
------------------------------- live log setup --------------------------------
2025-12-19 22:28:05 [INFO] health_monitor: {"symbol": "SYSTEM", "event": "health_monitor_started", "level": "INFO", "warn_silence": 90, "critical_silence": 180, "check_interval": 30, "oci_enabled": false}
2025-12-19 22:28:05 [INFO] EventBus: \u2705 EventBus v2.1.2 iniciado (valida\xe7\xe3o inteligente)\n2025-12-19 22:28:05 [INFO] event_bus: {"symbol": "EventBus", "event": "event_bus_started", "level": "INFO", "max_queue_size": 1000, "dedup_window": 30}
2025-12-19 22:28:05 [INFO] event_saver: \u2705 SQLite EventStore inicializado com sucesso\n2025-12-19 22:28:05 [INFO] event_saver: \U0001f550 Verifica\xe7\xe3o de Timezone:\n2025-12-19 22:28:05 [INFO] event_saver:    UTC: 2025-12-20 01:28:05 UTC
2025-12-19 22:28:05 [INFO] event_saver:    NY:  2025-12-19 20:28:05 (EST/EDT)
2025-12-19 22:28:05 [INFO] event_saver:    SP:  2025-12-19 22:28:05 (BRT)
2025-12-19 22:28:05 [INFO] event_saver:    Offset NY vs UTC: -5.0 horas
2025-12-19 22:28:05 [INFO] event_saver:    Offset SP vs UTC: -3.0 horas
2025-12-19 22:28:05 [INFO] event_saver: \u2705 EventSaver v5.0.0 inicializado | Buffer max: 10000 | Cleanup: 300s | File locking: HABILITADO (msvcrt)\n2025-12-19 22:28:05 [INFO] ContextCollector: \u2705 ContextCollector inicializado | Symbol: BTCUSDT | Alpha Vantage: ENABLED\n2025-12-19 22:28:05 [INFO] ai_runner: {"symbol": "BTCUSDT", "event": "ai_init_start", "level": "INFO"}
FAILED                                                                   [ 30%]
tests/test_integration_full_flow.py::TestFullTradingFlow::test_concurrent_market_data_processing 
------------------------------- live log setup --------------------------------
2025-12-19 22:28:05 [INFO] health_monitor: {"symbol": "SYSTEM", "event": "health_monitor_started", "level": "INFO", "warn_silence": 90, "critical_silence": 180, "check_interval": 30, "oci_enabled": false}
2025-12-19 22:28:05 [INFO] EventBus: \u2705 EventBus v2.1.2 iniciado (valida\xe7\xe3o inteligente)\n2025-12-19 22:28:05 [INFO] event_bus: {"symbol": "EventBus", "event": "event_bus_started", "level": "INFO", "max_queue_size": 1000, "dedup_window": 30}
2025-12-19 22:28:05 [INFO] event_saver: \u2705 SQLite EventStore inicializado com sucesso\n2025-12-19 22:28:05 [INFO] event_saver: \U0001f550 Verifica\xe7\xe3o de Timezone:\n2025-12-19 22:28:05 [INFO] event_saver:    UTC: 2025-12-20 01:28:05 UTC
2025-12-19 22:28:05 [INFO] event_saver:    NY:  2025-12-19 20:28:05 (EST/EDT)
2025-12-19 22:28:05 [INFO] event_saver:    SP:  2025-12-19 22:28:05 (BRT)
2025-12-19 22:28:05 [INFO] event_saver:    Offset NY vs UTC: -5.0 horas
2025-12-19 22:28:05 [INFO] event_saver:    Offset SP vs UTC: -3.0 horas
2025-12-19 22:28:05 [INFO] event_saver: \u2705 EventSaver v5.0.0 inicializado | Buffer max: 10000 | Cleanup: 300s | File locking: HABILITADO (msvcrt)\n2025-12-19 22:28:05 [INFO] ContextCollector: \u2705 ContextCollector inicializado | Symbol: BTCUSDT | Alpha Vantage: ENABLED\n2025-12-19 22:28:05 [INFO] ai_runner: {"symbol": "BTCUSDT", "event": "ai_init_start", "level": "INFO"}
FAILED                                                                   [ 30%]
tests/test_integration_full_flow.py::TestFullTradingFlow::test_system_health_monitoring 
------------------------------- live log setup --------------------------------
2025-12-19 22:28:05 [INFO] health_monitor: {"symbol": "SYSTEM", "event": "health_monitor_started", "level": "INFO", "warn_silence": 90, "critical_silence": 180, "check_interval": 30, "oci_enabled": false}
2025-12-19 22:28:05 [INFO] EventBus: \u2705 EventBus v2.1.2 iniciado (valida\xe7\xe3o inteligente)\n2025-12-19 22:28:05 [INFO] event_bus: {"symbol": "EventBus", "event": "event_bus_started", "level": "INFO", "max_queue_size": 1000, "dedup_window": 30}
2025-12-19 22:28:05 [INFO] event_saver: \u2705 SQLite EventStore inicializado com sucesso\n2025-12-19 22:28:05 [INFO] event_saver: \U0001f550 Verifica\xe7\xe3o de Timezone:\n2025-12-19 22:28:05 [INFO] event_saver:    UTC: 2025-12-20 01:28:05 UTC
2025-12-19 22:28:05 [INFO] event_saver:    NY:  2025-12-19 20:28:05 (EST/EDT)
2025-12-19 22:28:05 [INFO] event_saver:    SP:  2025-12-19 22:28:05 (BRT)
2025-12-19 22:28:05 [INFO] event_saver:    Offset NY vs UTC: -5.0 horas
2025-12-19 22:28:05 [INFO] event_saver:    Offset SP vs UTC: -3.0 horas
2025-12-19 22:28:05 [INFO] event_saver: \u2705 EventSaver v5.0.0 inicializado | Buffer max: 10000 | Cleanup: 300s | File locking: HABILITADO (msvcrt)\n2025-12-19 22:28:05 [INFO] ContextCollector: \u2705 ContextCollector inicializado | Symbol: BTCUSDT | Alpha Vantage: ENABLED\n2025-12-19 22:28:05 [INFO] root: \u2705 Liquidity Heatmap v2.1.0 inicializado | Janela: 2000 trades | Threshold: 0.300%\n2025-12-19 22:28:05 [INFO] ai_runner: {"symbol": "BTCUSDT", "event": "ai_init_start", "level": "INFO"}
FAILED                                                                   [ 30%]
tests/test_integration_full_flow.py::TestFullTradingFlow::test_endurance_test 
------------------------------- live log setup --------------------------------
2025-12-19 22:28:05 [INFO] root: \u2705 Clock Sync inicializado\n2025-12-19 22:28:05 [INFO] root: \u2705 HealthMonitor iniciado. Warning ap\xf3s 90s, Critical ap\xf3s 180s de sil\xeancio.\n2025-12-19 22:28:05 [INFO] health_monitor: {"symbol": "SYSTEM", "event": "health_monitor_started", "level": "INFO", "warn_silence": 90, "critical_silence": 180, "check_interval": 30, "oci_enabled": false}
2025-12-19 22:28:05 [INFO] EventBus: \u2705 EventBus v2.1.2 iniciado (valida\xe7\xe3o inteligente)\n2025-12-19 22:28:05 [INFO] event_bus: {"symbol": "EventBus", "event": "event_bus_started", "level": "INFO", "max_queue_size": 1000, "dedup_window": 30}
2025-12-19 22:28:05 [INFO] root: FeatureStore Parquet inicializado em features
2025-12-19 22:28:05 [INFO] root: \u2705 OrderBook Analyzer v2.1.0 (engine 2.2.0) inicializado | Symbol: BTCUSDT | Alert: 500% | Wall STD: 2.0x | Top N: 20 | Cache TTL: 15.0s | Max Stale: 60.0s | Rate Limit: 10 req/min | Config loaded: \u274c (usando defaults) | History maxlen: 50 | Metrics: \u274c (desabilitadas)\n2025-12-19 22:28:05 [INFO] event_saver: \u2705 SQLite EventStore inicializado com sucesso\n2025-12-19 22:28:05 [INFO] event_saver: \U0001f550 Verifica\xe7\xe3o de Timezone:\n2025-12-19 22:28:05 [INFO] event_saver:    UTC: 2025-12-20 01:28:05 UTC
2025-12-19 22:28:05 [INFO] event_saver:    NY:  2025-12-19 20:28:05 (EST/EDT)
2025-12-19 22:28:05 [INFO] event_saver:    SP:  2025-12-19 22:28:05 (BRT)
2025-12-19 22:28:05 [INFO] event_saver:    Offset NY vs UTC: -5.0 horas
2025-12-19 22:28:05 [INFO] event_saver:    Offset SP vs UTC: -3.0 horas
2025-12-19 22:28:05 [INFO] event_saver: \u2705 EventSaver v5.0.0 inicializado | Buffer max: 10000 | Cleanup: 300s | File locking: HABILITADO (msvcrt)\n2025-12-19 22:28:05 [INFO] ContextCollector: \u2705 ContextCollector inicializado | Symbol: BTCUSDT | Alpha Vantage: ENABLED\n2025-12-19 22:28:05 [INFO] root: \u2705 FlowAnalyzer v2.4.0 inicializado | Whale threshold: 5.00 BTC | Windows: [1, 5, 15] min | Reset interval: 4.0h | Max trades: 100000 | Time budget: 500.0ms\n2025-12-19 22:28:05 [INFO] ai_runner: {"symbol": "BTCUSDT", "event": "ai_init_start", "level": "INFO"}
FAILED                                                                   [ 31%]
tests/test_invariant_fix.py::test_invariant_fix 
-------------------------------- live log call --------------------------------
2025-12-19 22:28:05 [INFO] pipeline.validation.BTCUSDT: \u2705 Pipeline carregado | trades=3 | method=vectorized | time_ms=14.27 | rate=0/ms\n2025-12-19 22:28:05 [INFO] pipeline.runtime.BTCUSDT: \u2705 Camada Enriched gerada\n2025-12-19 22:28:05 [INFO] pipeline.runtime.BTCUSDT: \u2705 Camada Contextual gerada\n2025-12-19 22:28:05 [INFO] pipeline.runtime.BTCUSDT: \u2705 Camada Signal gerada | signals=1\nPASSED                                                                   [ 31%]
tests/test_market_orchestrator_comprehensive.py::TestMarketOrchestratorComprehensive::test_initialization ERROR [ 31%]
tests/test_market_orchestrator_comprehensive.py::TestMarketOrchestratorComprehensive::test_start_and_stop ERROR [ 31%]
tests/test_market_orchestrator_comprehensive.py::TestMarketOrchestratorComprehensive::test_process_market_data_success ERROR [ 31%]
tests/test_market_orchestrator_comprehensive.py::TestMarketOrchestratorComprehensive::test_process_market_data_without_ai ERROR [ 32%]
tests/test_market_orchestrator_comprehensive.py::TestMarketOrchestratorComprehensive::test_process_market_data_with_ai_error ERROR [ 32%]
tests/test_market_orchestrator_comprehensive.py::TestMarketOrchestratorComprehensive::test_process_market_data_orchestrator_not_running ERROR [ 32%]
tests/test_market_orchestrator_comprehensive.py::TestMarketOrchestratorComprehensive::test_process_market_data_with_exception ERROR [ 32%]
tests/test_market_orchestrator_comprehensive.py::TestMarketOrchestratorComprehensive::test_execute_trade_flow_success ERROR [ 33%]
tests/test_market_orchestrator_comprehensive.py::TestMarketOrchestratorComprehensive::test_execute_trade_flow_risk_rejection ERROR [ 33%]
tests/test_market_orchestrator_comprehensive.py::TestMarketOrchestratorComprehensive::test_execute_trade_flow_cooldown_active ERROR [ 33%]
tests/test_market_orchestrator_comprehensive.py::TestMarketOrchestratorComprehensive::test_execute_trade_flow_execution_failure ERROR [ 33%]
tests/test_market_orchestrator_comprehensive.py::TestMarketOrchestratorComprehensive::test_execute_trade_flow_with_exception ERROR [ 33%]
tests/test_market_orchestrator_comprehensive.py::TestMarketOrchestratorComprehensive::test_execute_trade_flow_orchestrator_not_running ERROR [ 34%]
tests/test_market_orchestrator_comprehensive.py::TestMarketOrchestratorComprehensive::test_add_position 
------------------------------- live log setup --------------------------------
2025-12-19 22:28:08 [INFO] root: \U0001f680 GroqCloud ATIVO | Modelo: llama-3.3-70b-versatile | Chave: gsk_wGzR2p...omic\n2025-12-19 22:28:08 [INFO] ai_analyzer: {"symbol": "AI", "event": "ai_provider_selected", "level": "INFO", "provider": "groq", "model": "llama-3.3-70b-versatile"}
2025-12-19 22:28:08 [INFO] ai_analyzer: {"symbol": "AI", "event": "ai_provider_selected", "level": "INFO", "provider": "groq", "model": "llama-3.3-70b-versatile"}
2025-12-19 22:28:08 [INFO] ai_analyzer: {"symbol": "AI", "event": "ai_provider_selected", "level": "INFO", "provider": "groq", "model": "llama-3.3-70b-versatile"}
2025-12-19 22:28:08 [INFO] ai_analyzer: {"symbol": "AI", "event": "ai_provider_selected", "level": "INFO", "provider": "groq", "model": "llama-3.3-70b-versatile"}
2025-12-19 22:28:08 [INFO] ai_analyzer: {"symbol": "AI", "event": "ai_provider_selected", "level": "INFO", "provider": "groq", "model": "llama-3.3-70b-versatile"}
ERROR                                                                    [ 34%]
------------------------------ live log teardown ------------------------------
2025-12-19 22:28:08 [INFO] root: \U0001fac0 Heartbeat do m\xf3dulo 'ai' iniciado (AIAnalyzer).\nERROR [ 34%]
tests/test_market_orchestrator_comprehensive.py::TestMarketOrchestratorComprehensive::test_update_position ERROR [ 34%]
tests/test_market_orchestrator_comprehensive.py::TestMarketOrchestratorComprehensive::test_update_position_with_risk_manager ERROR [ 34%]
tests/test_market_orchestrator_comprehensive.py::TestMarketOrchestratorComprehensive::test_remove_position ERROR [ 35%]
tests/test_market_orchestrator_comprehensive.py::TestMarketOrchestratorComprehensive::test_remove_position_without_exit_price ERROR [ 35%]
tests/test_market_orchestrator_comprehensive.py::TestMarketOrchestratorComprehensive::test_get_portfolio_summary ERROR [ 35%]
tests/test_market_orchestrator_comprehensive.py::TestMarketOrchestratorComprehensive::test_get_portfolio_summary_empty ERROR [ 35%]
tests/test_market_orchestrator_comprehensive.py::TestMarketOrchestratorComprehensive::test_can_execute_trade ERROR [ 36%]
tests/test_market_orchestrator_comprehensive.py::TestMarketOrchestratorComprehensive::test_get_cooldown_remaining ERROR [ 36%]
tests/test_market_orchestrator_comprehensive.py::TestMarketOrchestratorComprehensive::test_check_position_limits ERROR [ 36%]
tests/test_market_orchestrator_comprehensive.py::TestMarketOrchestratorComprehensive::test_check_daily_loss_limit ERROR [ 36%]
tests/test_market_orchestrator_comprehensive.py::TestMarketOrchestratorComprehensive::test_error_state_detection ERROR [ 36%]
tests/test_market_orchestrator_comprehensive.py::TestMarketOrchestratorComprehensive::test_error_recovery ERROR [ 37%]
tests/test_market_orchestrator_comprehensive.py::TestMarketOrchestratorComprehensive::test_get_performance_metrics ERROR [ 37%]
tests/test_market_orchestrator_comprehensive.py::TestMarketOrchestratorComprehensive::test_update_configuration ERROR [ 37%]
tests/test_market_orchestrator_comprehensive.py::TestMarketOrchestratorComprehensive::test_serialize_state ERROR [ 37%]
tests/test_market_orchestrator_comprehensive.py::TestMarketOrchestratorComprehensive::test_deserialize_state ERROR [ 37%]
tests/test_market_orchestrator_comprehensive.py::TestMarketOrchestratorComprehensive::test_serialize_deserialize_roundtrip ERROR [ 38%]
tests/test_market_orchestrator_comprehensive.py::TestMarketOrchestratorComprehensive::test_process_market_data_stream ERROR [ 38%]
tests/test_market_orchestrator_comprehensive.py::TestMarketOrchestratorComprehensive::test_process_market_data_stream_stopped ERROR [ 38%]
tests/test_market_orchestrator_comprehensive.py::TestMarketOrchestratorComprehensive::test_emergency_stop ERROR [ 38%]
tests/test_market_orchestrator_comprehensive.py::TestMarketOrchestratorComprehensive::test_emergency_stop_no_positions ERROR [ 39%]
tests/test_market_orchestrator_comprehensive.py::TestMarketOrchestratorComprehensive::test_emergency_stop_with_trade_executor_error ERROR [ 39%]
tests/test_market_orchestrator_comprehensive.py::TestMarketOrchestratorComprehensive::test_health_check ERROR [ 39%]
tests/test_market_orchestrator_comprehensive.py::TestMarketOrchestratorComprehensive::test_health_check_missing_critical_components 
------------------------------- live log setup --------------------------------
2025-12-19 22:28:11 [INFO] MLInference: \U0001f4ca Modelo treinado com 51 features\n2025-12-19 22:28:11 [INFO] MLInference: \U0001f4ca Modelo treinado com 51 features\n2025-12-19 22:28:11 [INFO] MLInference: \U0001f4ca Modelo treinado com 51 features\n2025-12-19 22:28:11 [INFO] MLInference: \U0001f4ca Modelo treinado com 51 features\n2025-12-19 22:28:11 [INFO] MLInference: \U0001f4ca Modelo treinado com 51 features\n2025-12-19 22:28:11 [INFO] MLInference: \U0001f4ca Modelo treinado com 51 features\n2025-12-19 22:28:11 [INFO] MLInference: \u2705 Modelo Quantitativo (XGBoost) carregado com sucesso.\n2025-12-19 22:28:11 [INFO] MLInference: \u2705 Modelo Quantitativo (XGBoost) carregado com sucesso.\n2025-12-19 22:28:11 [INFO] MLInference: \u2705 Modelo Quantitativo (XGBoost) carregado com sucesso.\n2025-12-19 22:28:11 [INFO] MLInference: \u2705 Modelo Quantitativo (XGBoost) carregado com sucesso.\n2025-12-19 22:28:11 [INFO] MLInference: \u2705 Modelo Quantitativo (XGBoost) carregado com sucesso.\nERROR                                                                    [ 39%]2025-12-19 22:28:11 [INFO] root: \U0001f916 Motor de Infer\xeancia Quantitativa (XGBoost) inicializado\n2025-12-19 22:28:12 [INFO] root: \u2705 ML Engine testado: 54.0%\n------------------------------- live log finish -------------------------------
2025-12-19 22:28:12 [INFO] ai_runner: {"symbol": "BTCUSDT", "event": "ml_engine_initialized", "level": "INFO", "status": "ok"}

tests/test_market_orchestrator_comprehensive.py::TestMarketOrchestratorComprehensive::test_health_check_missing_non_critical_components ------------------------------- live log setup --------------------------------
2025-12-19 22:28:12 [INFO] ai_runner: {"symbol": "BTCUSDT", "event": "ml_engine_initialized", "level": "INFO", "status": "ok"}
2025-12-19 22:28:12 [INFO] ai_runner: {"symbol": "BTCUSDT", "event": "ml_engine_initialized", "level": "INFO", "status": "ok"}
2025-12-19 22:28:12 [INFO] ai_runner: {"symbol": "BTCUSDT", "event": "ml_engine_initialized", "level": "INFO", "status": "ok"}
2025-12-19 22:28:12 [INFO] root: \u2705 M\xf3dulo da IA carregado. Realizando teste de an\xe1lise...\n2025-12-19 22:28:12 [INFO] ai_runner: {"symbol": "BTCUSDT", "event": "ml_engine_initialized", "level": "INFO", "status": "ok"}
ERROR                                                                    [ 39%]
tests/test_market_orchestrator_comprehensive.py::TestMarketOrchestratorComprehensive::test_health_check_not_running ERROR [ 40%]
tests/test_market_orchestrator_comprehensive.py::TestMarketOrchestratorComprehensive::test_generate_analytics_report ERROR [ 40%]
tests/test_market_orchestrator_comprehensive.py::TestMarketOrchestratorComprehensive::test_generate_analytics_report_no_trades ERROR [ 40%]
tests/test_market_orchestrator_comprehensive.py::TestMarketOrchestratorComprehensive::test_generate_analytics_report_with_filtering ERROR [ 40%]
tests/test_market_orchestrator_comprehensive.py::TestMarketOrchestratorComprehensive::test_memory_usage ERROR [ 40%]
tests/test_market_orchestrator_comprehensive.py::TestMarketOrchestratorComprehensive::test_concurrent_trade_requests ERROR [ 41%]
tests/test_market_orchestrator_comprehensive.py::TestMarketOrchestratorComprehensive::test_concurrent_market_data_processing ERROR [ 41%]
tests/test_market_orchestrator_comprehensive.py::TestMarketOrchestratorComprehensive::test_integration_scenario_complete_trading_cycle ERROR [ 41%]
tests/test_market_orchestrator_comprehensive.py::TestMarketOrchestratorComprehensive::test_integration_scenario_error_recovery ERROR [ 41%]
tests/test_market_orchestrator_comprehensive.py::TestMarketOrchestratorComprehensive::test_stress_test_high_frequency_updates ERROR [ 42%]
tests/test_market_orchestrator_comprehensive.py::TestMarketOrchestratorComprehensive::test_stress_test_memory_usage_with_many_positions ERROR [ 42%]
tests/test_market_orchestrator_comprehensive.py::TestMarketOrchestratorComprehensive::test_edge_case_empty_market_data ERROR [ 42%]
tests/test_market_orchestrator_comprehensive.py::TestMarketOrchestratorComprehensive::test_edge_case_invalid_trade_signal ERROR [ 42%]
tests/test_market_orchestrator_comprehensive.py::TestMarketOrchestratorComprehensive::test_edge_case_extreme_values ERROR [ 42%]
tests/test_market_orchestrator_comprehensive.py::TestMarketOrchestratorComprehensive::test_edge_case_unicode_symbols ERROR [ 43%]
tests/test_market_orchestrator_comprehensive.py::TestMarketOrchestratorComprehensive::test_robustness_against_none_values ERROR [ 43%]
tests/test_market_orchestrator_comprehensive.py::TestMarketOrchestratorComprehensive::test_robustness_against_type_errors ERROR [ 43%]
tests/test_market_orchestrator_comprehensive.py::TestMarketOrchestratorComprehensive::test_performance_large_portfolio_operations ERROR [ 43%]
tests/test_market_orchestrator_comprehensive.py::TestMarketOrchestratorComprehensive::test_performance_many_trade_history_operations ERROR [ 43%]
tests/test_orchestrator_initialization.py::test_orchestrator_initialization 
-------------------------------- live log call --------------------------------
2025-12-19 22:28:14 [INFO] root: \u2705 Clock Sync inicializado\n2025-12-19 22:28:14 [INFO] root: \u2705 HealthMonitor iniciado. Warning ap\xf3s 90s, Critical ap\xf3s 180s de sil\xeancio.\n2025-12-19 22:28:14 [INFO] health_monitor: {"symbol": "SYSTEM", "event": "health_monitor_started", "level": "INFO", "warn_silence": 90, "critical_silence": 180, "check_interval": 30, "oci_enabled": false}
2025-12-19 22:28:14 [INFO] EventBus: \u2705 EventBus v2.1.2 iniciado (valida\xe7\xe3o inteligente)\n2025-12-19 22:28:14 [INFO] event_bus: {"symbol": "EventBus", "event": "event_bus_started", "level": "INFO", "max_queue_size": 1000, "dedup_window": 30}
2025-12-19 22:28:14 [INFO] root: FeatureStore Parquet inicializado em features
2025-12-19 22:28:14 [INFO] root: \u2705 OrderBook Analyzer v2.1.0 (engine 2.2.0) inicializado | Symbol: BTCUSDT | Alert: 40% | Wall STD: 3.0x | Top N: 20 | Cache TTL: 15.0s | Max Stale: 60.0s | Rate Limit: 10 req/min | Config loaded: \u274c (usando defaults) | History maxlen: 50 | Metrics: \u274c (desabilitadas)\n2025-12-19 22:28:14 [INFO] event_saver: \u2705 SQLite EventStore inicializado com sucesso\n2025-12-19 22:28:14 [INFO] event_saver: \U0001f550 Verifica\xe7\xe3o de Timezone:\n2025-12-19 22:28:14 [INFO] event_saver:    UTC: 2025-12-20 01:28:14 UTC
2025-12-19 22:28:14 [INFO] event_saver:    NY:  2025-12-19 20:28:14 (EST/EDT)
2025-12-19 22:28:14 [INFO] event_saver:    SP:  2025-12-19 22:28:14 (BRT)
2025-12-19 22:28:14 [INFO] event_saver:    Offset NY vs UTC: -5.0 horas
2025-12-19 22:28:14 [INFO] event_saver:    Offset SP vs UTC: -3.0 horas
2025-12-19 22:28:14 [INFO] event_saver: \u2705 EventSaver v5.0.0 inicializado | Buffer max: 10000 | Cleanup: 300s | File locking: HABILITADO (msvcrt)\n2025-12-19 22:28:14 [INFO] ContextCollector: \u2705 ContextCollector inicializado | Symbol: BTCUSDT | Alpha Vantage: ENABLED\n2025-12-19 22:28:14 [INFO] root: \u2705 Liquidity Heatmap v2.1.0 inicializado | Janela: 2000 trades | Threshold: 0.300%\n2025-12-19 22:28:14 [INFO] root: \u2705 FlowAnalyzer v2.4.0 inicializado | Whale threshold: 5.00 BTC | Windows: [1, 5, 15] min | Reset interval: 4.0h | Max trades: 100000 | Time budget: 500.0ms\n2025-12-19 22:28:14 [INFO] root: ============================== INICIALIZANDO IA ==============================
2025-12-19 22:28:14 [INFO] root: \U0001f9e0 Tentando inicializar AI Analyzer...\n2025-12-19 22:28:14 [INFO] ai_runner: {"symbol": "BTCUSDT", "event": "ai_init_start", "level": "INFO"}

------------------------------ live log teardown ------------------------------
2025-12-19 22:28:14 [INFO] root: \U0001f9e0 IA Analyzer v2.3.0 inicializada - GroqCloud + Structured Output focado em regi\xf5es de entrada\n
tests/test_orderbook_analyze_core.py::test_analyze_with_external_valid_snapshot 
-------------------------------- live log call --------------------------------
2025-12-19 22:28:14 [INFO] orderbook_analyzer: {"symbol": "BTCUSDT", "event": "orderbook_event", "level": "INFO", "window_id": "?", "severity": "INFO", "data_source": "external", "bid_depth_usd": 2475.0, "ask_depth_usd": 2537.5, "imbalance": -0.012468827930174564, "spread_bps": 49.8753, "emergency_mode": false}
2025-12-19 22:28:14 [INFO] root: \U0001f4ca OrderBook OK - Janela #?: bid=$2,475, ask=$2,538\nPASSED                                                                   [ 44%]
tests/test_orderbook_analyze_core.py::test_analyze_with_partial_snapshot_rejected 
-------------------------------- live log call --------------------------------
2025-12-19 22:28:14 [ERROR] orderbook_analyzer: {"symbol": "BTCUSDT", "event": "orderbook_invalid", "level": "ERROR", "error": "validation_failed: orderbook vazio (bids=1, asks=0)", "severity": "ERROR", "fetch_errors": 0, "validation_failures": 0, "data_source": "unknown"}
PASSED                                                                   [ 44%]
tests/test_orderbook_analyze_core.py::test_analyze_when_fetch_fails_returns_invalid 
-------------------------------- live log call --------------------------------
2025-12-19 22:28:14 [ERROR] orderbook_analyzer: {"symbol": "BTCUSDT", "event": "orderbook_invalid", "level": "ERROR", "error": "fetch_failed", "severity": "ERROR", "fetch_errors": 0, "validation_failures": 0, "data_source": "unknown"}
PASSED                                                                   [ 44%]
tests/test_orderbook_analyze_core.py::test_analyze_uses_cache_on_second_call 
-------------------------------- live log call --------------------------------
2025-12-19 22:28:14 [INFO] orderbook_analyzer: {"symbol": "BTCUSDT", "event": "orderbook_event", "level": "INFO", "window_id": "?", "severity": "INFO", "data_source": "unknown", "bid_depth_usd": 2475.0, "ask_depth_usd": 2537.5, "imbalance": -0.012468827930174564, "spread_bps": 49.8753, "emergency_mode": false}
2025-12-19 22:28:14 [INFO] orderbook_analyzer: {"symbol": "BTCUSDT", "event": "orderbook_event", "level": "INFO", "window_id": "?", "severity": "INFO", "data_source": "unknown", "bid_depth_usd": 2475.0, "ask_depth_usd": 2537.5, "imbalance": -0.012468827930174564, "spread_bps": 49.8753, "emergency_mode": false}
PASSED                                                                   [ 45%]
tests/test_orderbook_analyzer.py::test_validate_snapshot_success 
------------------------------- live log setup --------------------------------
2025-12-19 22:28:14 [INFO] root: \u2705 OrderBook Analyzer v2.1.0 (engine 2.2.0) inicializado | Symbol: BTCUSDT | Alert: 4000% | Wall STD: 3.0x | Top N: 20 | Cache TTL: 15.0s | Max Stale: 60.0s | Rate Limit: 10 req/min | Config loaded: \u274c (usando defaults) | History maxlen: 50 | Metrics: \u274c (desabilitadas)\nPASSED                                                                   [ 45%]
tests/test_orderbook_analyzer.py::test_validate_snapshot_stale_data PASSED [ 45%]
tests/test_orderbook_analyzer.py::test_validate_snapshot_crossed_spread PASSED [ 45%]
tests/test_orderbook_analyzer.py::test_validate_snapshot_zero_volume PASSED [ 45%]
tests/test_orderbook_analyzer.py::test_metrics_calculation PASSED        [ 46%]
tests/test_orderbook_analyzer.py::test_market_impact_simulation PASSED   [ 46%]
tests/test_orderbook_analyzer.py::test_analyze_valid_flow 
-------------------------------- live log call --------------------------------
2025-12-19 22:28:15 [INFO] orderbook_analyzer: {"symbol": "BTCUSDT", "event": "orderbook_event", "level": "INFO", "window_id": "?", "severity": "INFO", "data_source": "external", "bid_depth_usd": 399880.0, "ask_depth_usd": 275130.0, "imbalance": 0.18481207685812062, "spread_bps": 1.9997999999999998, "emergency_mode": false}
2025-12-19 22:28:15 [INFO] root: \U0001f4ca OrderBook OK - Janela #?: bid=$399,880, ask=$275,130\nPASSED                                                                   [ 46%]
tests/test_orderbook_analyzer.py::test_analyze_critical_flags 
-------------------------------- live log call --------------------------------
2025-12-19 22:28:15 [INFO] orderbook_analyzer: {"symbol": "BTCUSDT", "event": "orderbook_event", "level": "INFO", "window_id": "?", "severity": "CRITICAL", "data_source": "external", "bid_depth_usd": 50000000.0, "ask_depth_usd": 5001.0, "imbalance": 0.9997999800059998, "spread_bps": 1.9997999999999998, "emergency_mode": false}
2025-12-19 22:28:15 [INFO] root: \U0001f4ca OrderBook OK - Janela #?: bid=$50,000,000, ask=$5,001\nPASSED                                                                   [ 46%]
tests/test_orderbook_analyzer.py::test_analyze_fetch_failure 
-------------------------------- live log call --------------------------------
2025-12-19 22:28:15 [ERROR] orderbook_analyzer: {"symbol": "BTCUSDT", "event": "orderbook_invalid", "level": "ERROR", "error": "fetch_failed", "severity": "ERROR", "fetch_errors": 0, "validation_failures": 0, "data_source": "unknown"}
PASSED                                                                   [ 46%]
tests/test_orderbook_analyzer.py::test_analyze_partial_data_rejection 
-------------------------------- live log call --------------------------------
2025-12-19 22:28:15 [ERROR] orderbook_analyzer: {"symbol": "BTCUSDT", "event": "orderbook_invalid", "level": "ERROR", "error": "validation_failed: orderbook vazio (bids=3, asks=0)", "severity": "ERROR", "fetch_errors": 0, "validation_failures": 0, "data_source": "unknown"}
PASSED                                                                   [ 47%]
tests/test_orderbook_analyzer.py::test_get_stats PASSED                  [ 47%]
tests/test_orderbook_analyzer_comprehensive.py::TestOrderBookAnalyzerComprehensive::test_initialization_with_valid_config PASSED [ 47%]
tests/test_orderbook_analyzer_comprehensive.py::TestOrderBookAnalyzerComprehensive::test_initialization_with_invalid_config FAILED [ 47%]
tests/test_orderbook_analyzer_comprehensive.py::TestOrderBookAnalyzerComprehensive::test_process_orderbook_update_success ERROR [ 48%]
tests/test_orderbook_analyzer_comprehensive.py::TestOrderBookAnalyzerComprehensive::test_process_orderbook_update_with_malformed_data ERROR [ 48%]
tests/test_orderbook_analyzer_comprehensive.py::TestOrderBookAnalyzerComprehensive::test_calculate_metrics_basic ERROR [ 48%]
tests/test_orderbook_analyzer_comprehensive.py::TestOrderBookAnalyzerComprehensive::test_calculate_advanced_metrics ERROR [ 48%]
tests/test_orderbook_analyzer_comprehensive.py::TestOrderBookAnalyzerComprehensive::test_analyze_with_ai_success ERROR [ 48%]
tests/test_orderbook_analyzer_comprehensive.py::TestOrderBookAnalyzerComprehensive::test_analyze_with_ai_failure ERROR [ 49%]
tests/test_orderbook_analyzer_comprehensive.py::TestOrderBookAnalyzerComprehensive::test_detect_market_manipulation ERROR [ 49%]
tests/test_orderbook_analyzer_comprehensive.py::TestOrderBookAnalyzerComprehensive::test_volume_profile_analysis ERROR [ 49%]
tests/test_orderbook_analyzer_comprehensive.py::TestOrderBookAnalyzerComprehensive::test_order_flow_analysis 
------------------------------- live log setup --------------------------------
2025-12-19 22:28:15 [INFO] root: \U0001f680 GroqCloud ATIVO | Modelo: llama-3.3-70b-versatile | Chave: gsk_wGzR2p...omic\n2025-12-19 22:28:15 [INFO] ai_analyzer: {"symbol": "AI", "event": "ai_provider_selected", "level": "INFO", "provider": "groq", "model": "llama-3.3-70b-versatile"}
2025-12-19 22:28:15 [INFO] root: \U0001fac0 Heartbeat do m\xf3dulo 'ai' iniciado (AIAnalyzer).\n2025-12-19 22:28:15 [INFO] MLInference: \U0001f4ca Modelo treinado com 51 features\n2025-12-19 22:28:15 [INFO] MLInference: \u2705 Modelo Quantitativo (XGBoost) carregado com sucesso.\n2025-12-19 22:28:15 [INFO] root: \U0001f916 Motor de Infer\xeancia Quantitativa (XGBoost) inicializado\nERROR                                                                    [ 49%]
------------------------------- live log finish -------------------------------
2025-12-19 22:28:15 [INFO] root: \u2705 ML Engine testado: 54.0%\n
tests/test_orderbook_analyzer_comprehensive.py::TestOrderBookAnalyzerComprehensive::test_market_depth_analysis ------------------------------- live log setup --------------------------------
2025-12-19 22:28:15 [INFO] root: \u2705 M\xf3dulo da IA carregado. Realizando teste de an\xe1lise...\nERROR                                                                    [ 50%]
tests/test_orderbook_analyzer_comprehensive.py::TestOrderBookAnalyzerComprehensive::test_technical_indicators ERROR [ 50%]
tests/test_orderbook_analyzer_comprehensive.py::TestOrderBookAnalyzerComprehensive::test_calculate_position_risk ERROR [ 50%]
tests/test_orderbook_analyzer_comprehensive.py::TestOrderBookAnalyzerComprehensive::test_detect_market_regime ERROR [ 50%]
tests/test_orderbook_analyzer_comprehensive.py::TestOrderBookAnalyzerComprehensive::test_generate_trading_signal ERROR [ 50%]
tests/test_orderbook_analyzer_comprehensive.py::TestOrderBookAnalyzerComprehensive::test_benchmark_performance ERROR [ 51%]
tests/test_orderbook_analyzer_comprehensive.py::TestOrderBookAnalyzerComprehensive::test_async_analysis ERROR [ 51%]
tests/test_orderbook_analyzer_comprehensive.py::TestOrderBookAnalyzerComprehensive::test_error_handling_and_recovery ERROR [ 51%]
tests/test_orderbook_analyzer_comprehensive.py::TestOrderBookAnalyzerComprehensive::test_memory_management ERROR [ 51%]
tests/test_orderbook_analyzer_comprehensive.py::TestOrderBookAnalyzerComprehensive::test_configuration_validation PASSED [ 51%]
tests/test_orderbook_analyzer_comprehensive.py::TestOrderBookAnalyzerComprehensive::test_serialization_deserialization ERROR [ 52%]
tests/test_orderbook_analyzer_comprehensive.py::TestOrderBookAnalyzerComprehensive::test_imbalance_based_signals[0.8-STRONG_BUY] ERROR [ 52%]
tests/test_orderbook_analyzer_comprehensive.py::TestOrderBookAnalyzerComprehensive::test_imbalance_based_signals[0.6-BUY] ERROR [ 52%]
tests/test_orderbook_analyzer_comprehensive.py::TestOrderBookAnalyzerComprehensive::test_imbalance_based_signals[0.2-NEUTRAL] ERROR [ 52%]
tests/test_orderbook_analyzer_comprehensive.py::TestOrderBookAnalyzerComprehensive::test_imbalance_based_signals[-0.2-NEUTRAL] ERROR [ 53%]
tests/test_orderbook_analyzer_comprehensive.py::TestOrderBookAnalyzerComprehensive::test_imbalance_based_signals[-0.6-SELL] ERROR [ 53%]
2025-12-19 22:28:16 [INFO] ai_analyzer: {"symbol": "AI", "event": "ai_ping_ok", "level": "INFO", "mode": "groq"}

------------------------------- live log setup --------------------------------
2025-12-19 22:28:16 [INFO] httpx: HTTP Request: POST https://api.groq.com/openai/v1/chat/completions "HTTP/1.1 200 OK"
2025-12-19 22:28:16 [INFO] httpx: HTTP Request: POST https://api.groq.com/openai/v1/chat/completions "HTTP/1.1 200 OK"
2025-12-19 22:28:16 [INFO] httpx: HTTP Request: POST https://api.groq.com/openai/v1/chat/completions "HTTP/1.1 200 OK"
ERROR                                                                    [ 53%]----------------------------- live log logreport ------------------------------
2025-12-19 22:28:16 [INFO] httpx: HTTP Request: POST https://api.groq.com/openai/v1/chat/completions "HTTP/1.1 200 OK"
[...]
FAILED tests/test_ai_runner_comprehensive.py::TestAIRunnerComprehensive::test_streaming_analysis
FAILED tests/test_ai_runner_comprehensive.py::TestAIRunnerComprehensive::test_cache_mechanism
FAILED tests/test_ai_runner_comprehensive.py::TestAIRunnerComprehensive::test_switch_model
FAILED tests/test_integration_full_flow.py::TestFullTradingFlow::test_complete_trade_signal_flow
FAILED tests/test_integration_full_flow.py::TestFullTradingFlow::test_flow_with_risk_rejection
FAILED tests/test_integration_full_flow.py::TestFullTradingFlow::test_flow_with_execution_failure
FAILED tests/test_integration_full_flow.py::TestFullTradingFlow::test_concurrent_market_data_processing
FAILED tests/test_integration_full_flow.py::TestFullTradingFlow::test_system_health_monitoring
FAILED tests/test_integration_full_flow.py::TestFullTradingFlow::test_endurance_test
FAILED tests/test_orderbook_analyzer_comprehensive.py::TestOrderBookAnalyzerComprehensive::test_initialization_with_invalid_config
FAILED tests/test_orderbook_analyzer_comprehensive.py::TestOrderBookAnalyzerComprehensive::test_configuration_persistence
FAILED tests/test_orderbook_core_comprehensive.py::TestOrderBookComprehensive::test_initialization
FAILED tests/test_orderbook_core_comprehensive.py::TestOrderBookComprehensive::test_update_with_missing_prices
FAILED tests/test_orderbook_core_comprehensive.py::TestOrderBookComprehensive::test_get_spread_edge_cases
FAILED tests/test_orderbook_core_comprehensive.py::TestOrderBookComprehensive::test_get_mid_price
FAILED tests/test_orderbook_core_comprehensive.py::TestOrderBookComprehensive::test_get_imbalance
FAILED tests/test_orderbook_core_comprehensive.py::TestOrderBookComprehensive::test_get_weighted_average_price
FAILED tests/test_orderbook_core_comprehensive.py::TestOrderBookComprehensive::test_snapshot_age_check
FAILED tests/test_orderbook_core_comprehensive.py::TestOrderBookComprehensive::test_snapshot_json_serialization
FAILED tests/test_orderbook_core_comprehensive.py::TestOrderBookComprehensive::test_concurrent_updates
FAILED tests/test_orderbook_core_comprehensive.py::TestOrderBookComprehensive::test_performance_benchmark
FAILED tests/test_orderbook_core_comprehensive.py::TestOrderBookComprehensive::test_circuit_breaker_integration
FAILED tests/test_orderbook_core_comprehensive.py::TestOrderBookComprehensive::test_error_handling
FAILED tests/test_orderbook_core_comprehensive.py::TestOrderBookComprehensive::test_decimal_precision_handling
FAILED tests/test_orderbook_core_comprehensive.py::TestOrderBookComprehensive::test_validation_edge_cases[50000.0-1.0-True]
FAILED tests/test_orderbook_core_comprehensive.py::TestOrderBookComprehensive::test_validation_edge_cases[1e-06-1.0-True]
FAILED tests/test_orderbook_core_comprehensive.py::TestOrderBookComprehensive::test_validation_edge_cases[50000.0-1e-06-True]
FAILED tests/test_orderbook_core_comprehensive.py::TestOrderBookComprehensive::test_validation_edge_cases[0.0-1.0-False]
FAILED tests/test_orderbook_core_comprehensive.py::TestOrderBookComprehensive::test_validation_edge_cases[50000.0-0.0-False]
FAILED tests/test_orderbook_core_comprehensive.py::TestOrderBookComprehensive::test_validation_edge_cases[-50000.0-1.0-False]
FAILED tests/test_orderbook_core_comprehensive.py::TestOrderBookComprehensive::test_validation_edge_cases[50000.0--1.0-False]
FAILED tests/test_orderbook_core_comprehensive.py::TestOrderBookComprehensive::test_validation_edge_cases[inf-1.0-False]
FAILED tests/test_orderbook_core_comprehensive.py::TestOrderBookComprehensive::test_validation_edge_cases[50000.0-inf-False]
FAILED tests/test_orderbook_core_comprehensive.py::TestOrderBookComprehensive::test_validation_edge_cases[nan-1.0-False]
FAILED tests/test_orderbook_core_comprehensive.py::TestOrderBookComprehensive::test_validation_edge_cases[50000.0-nan-False]
FAILED tests/test_orderbook_core_comprehensive.py::TestOrderBookComprehensive::test_custom_sorting_logic
FAILED tests/test_orderbook_core_comprehensive.py::TestOrderBookComprehensive::test_order_execution_updates_orderbook
FAILED tests/test_orderbook_core_comprehensive.py::TestOrderBookComprehensive::test_high_frequency_updates
FAILED tests/test_orderbook_core_comprehensive.py::TestOrderBookComprehensive::test_thread_safety_stress_test
FAILED tests/test_orderbook_core_comprehensive.py::TestOrderBookComprehensive::test_robustness_to_malformed_updates
FAILED tests/test_orderbook_core_comprehensive.py::TestOrderBookComprehensive::test_comprehensive_integration_scenario
FAILED tests/test_orderbook_helpers.py::test_to_float_list_basic - AttributeE...
FAILED tests/test_orderbook_helpers.py::test_sum_depth_usd_top_n - AttributeE...
FAILED tests/test_orderbook_validate_snapshot.py::TestOrderBookSnapshotValidation::test_snapshot_too_old
FAILED tests/test_orderbook_validate_snapshot.py::TestOrderBookSnapshotValidation::test_snapshot_fresh
FAILED tests/test_orderbook_validate_snapshot.py::TestOrderBookSnapshotValidation::test_snapshot_validation
FAILED tests/test_orderbook_validate_snapshot.py::TestOrderBookSnapshotValidation::test_snapshot_with_invalid_data
FAILED tests/test_orderbook_validate_snapshot.py::TestOrderBookSnapshotValidation::test_snapshot_serialization
FAILED tests/test_orderbook_validate_snapshot.py::TestOrderBookSnapshotValidation::test_snapshot_from_json
FAILED tests/test_orderbook_validate_snapshot.py::TestOrderBookSnapshotValidation::test_snapshot_age_validation[1-True]
FAILED tests/test_orderbook_validate_snapshot.py::TestOrderBookSnapshotValidation::test_snapshot_age_validation[3-True]
FAILED tests/test_orderbook_validate_snapshot.py::TestOrderBookSnapshotValidation::test_snapshot_age_validation[6-False]
FAILED tests/test_orderbook_validate_snapshot.py::TestOrderBookSnapshotValidation::test_snapshot_age_validation[10-False]
FAILED tests/test_performance_benchmarks.py::TestPerformanceBenchmarks::test_market_orchestrator_throughput
FAILED tests/test_performance_benchmarks.py::TestPerformanceBenchmarks::test_concurrent_performance
FAILED tests/test_risk_manager_comprehensive.py::TestRiskManagerComprehensive::test_remove_position
FAILED tests/test_risk_manager_comprehensive.py::TestRiskManagerComprehensive::test_check_trade_request_approved
FAILED tests/test_risk_manager_comprehensive.py::TestRiskManagerComprehensive::test_check_trade_request_position_limit
FAILED tests/test_risk_manager_comprehensive.py::TestRiskManagerComprehensive::test_calculate_position_risk_metrics
FAILED tests/test_risk_manager_comprehensive.py::TestRiskManagerComprehensive::test_error_handling_and_recovery
ERROR tests/test_market_orchestrator_comprehensive.py::TestMarketOrchestratorComprehensive::test_initialization
ERROR tests/test_market_orchestrator_comprehensive.py::TestMarketOrchestratorComprehensive::test_start_and_stop
ERROR tests/test_market_orchestrator_comprehensive.py::TestMarketOrchestratorComprehensive::test_process_market_data_success
ERROR tests/test_market_orchestrator_comprehensive.py::TestMarketOrchestratorComprehensive::test_process_market_data_without_ai
ERROR tests/test_market_orchestrator_comprehensive.py::TestMarketOrchestratorComprehensive::test_process_market_data_with_ai_error
ERROR tests/test_market_orchestrator_comprehensive.py::TestMarketOrchestratorComprehensive::test_process_market_data_orchestrator_not_running
ERROR tests/test_market_orchestrator_comprehensive.py::TestMarketOrchestratorComprehensive::test_process_market_data_with_exception
ERROR tests/test_market_orchestrator_comprehensive.py::TestMarketOrchestratorComprehensive::test_execute_trade_flow_success
ERROR tests/test_market_orchestrator_comprehensive.py::TestMarketOrchestratorComprehensive::test_execute_trade_flow_risk_rejection
ERROR tests/test_market_orchestrator_comprehensive.py::TestMarketOrchestratorComprehensive::test_execute_trade_flow_cooldown_active
ERROR tests/test_market_orchestrator_comprehensive.py::TestMarketOrchestratorComprehensive::test_execute_trade_flow_execution_failure
ERROR tests/test_market_orchestrator_comprehensive.py::TestMarketOrchestratorComprehensive::test_execute_trade_flow_with_exception
ERROR tests/test_market_orchestrator_comprehensive.py::TestMarketOrchestratorComprehensive::test_execute_trade_flow_orchestrator_not_running
ERROR tests/test_market_orchestrator_comprehensive.py::TestMarketOrchestratorComprehensive::test_add_position
ERROR tests/test_market_orchestrator_comprehensive.py::TestMarketOrchestratorComprehensive::test_add_position_duplicate
ERROR tests/test_market_orchestrator_comprehensive.py::TestMarketOrchestratorComprehensive::test_update_position
ERROR tests/test_market_orchestrator_comprehensive.py::TestMarketOrchestratorComprehensive::test_update_position_with_risk_manager
ERROR tests/test_market_orchestrator_comprehensive.py::TestMarketOrchestratorComprehensive::test_remove_position
ERROR tests/test_market_orchestrator_comprehensive.py::TestMarketOrchestratorComprehensive::test_remove_position_without_exit_price
ERROR tests/test_market_orchestrator_comprehensive.py::TestMarketOrchestratorComprehensive::test_get_portfolio_summary
ERROR tests/test_market_orchestrator_comprehensive.py::TestMarketOrchestratorComprehensive::test_get_portfolio_summary_empty
ERROR tests/test_market_orchestrator_comprehensive.py::TestMarketOrchestratorComprehensive::test_can_execute_trade
ERROR tests/test_market_orchestrator_comprehensive.py::TestMarketOrchestratorComprehensive::test_get_cooldown_remaining
ERROR tests/test_market_orchestrator_comprehensive.py::TestMarketOrchestratorComprehensive::test_check_position_limits
ERROR tests/test_market_orchestrator_comprehensive.py::TestMarketOrchestratorComprehensive::test_check_daily_loss_limit
ERROR tests/test_market_orchestrator_comprehensive.py::TestMarketOrchestratorComprehensive::test_error_state_detection
ERROR tests/test_market_orchestrator_comprehensive.py::TestMarketOrchestratorComprehensive::test_error_recovery
ERROR tests/test_market_orchestrator_comprehensive.py::TestMarketOrchestratorComprehensive::test_get_performance_metrics
ERROR tests/test_market_orchestrator_comprehensive.py::TestMarketOrchestratorComprehensive::test_update_configuration
ERROR tests/test_market_orchestrator_comprehensive.py::TestMarketOrchestratorComprehensive::test_serialize_state
ERROR tests/test_market_orchestrator_comprehensive.py::TestMarketOrchestratorComprehensive::test_deserialize_state
ERROR tests/test_market_orchestrator_comprehensive.py::TestMarketOrchestratorComprehensive::test_serialize_deserialize_roundtrip
ERROR tests/test_market_orchestrator_comprehensive.py::TestMarketOrchestratorComprehensive::test_process_market_data_stream
ERROR tests/test_market_orchestrator_comprehensive.py::TestMarketOrchestratorComprehensive::test_process_market_data_stream_stopped
ERROR tests/test_market_orchestrator_comprehensive.py::TestMarketOrchestratorComprehensive::test_emergency_stop
ERROR tests/test_market_orchestrator_comprehensive.py::TestMarketOrchestratorComprehensive::test_emergency_stop_no_positions
ERROR tests/test_market_orchestrator_comprehensive.py::TestMarketOrchestratorComprehensive::test_emergency_stop_with_trade_executor_error
ERROR tests/test_market_orchestrator_comprehensive.py::TestMarketOrchestratorComprehensive::test_health_check
ERROR tests/test_market_orchestrator_comprehensive.py::TestMarketOrchestratorComprehensive::test_health_check_missing_critical_components
ERROR tests/test_market_orchestrator_comprehensive.py::TestMarketOrchestratorComprehensive::test_health_check_missing_non_critical_components
ERROR tests/test_market_orchestrator_comprehensive.py::TestMarketOrchestratorComprehensive::test_health_check_not_running
ERROR tests/test_market_orchestrator_comprehensive.py::TestMarketOrchestratorComprehensive::test_generate_analytics_report
ERROR tests/test_market_orchestrator_comprehensive.py::TestMarketOrchestratorComprehensive::test_generate_analytics_report_no_trades
ERROR tests/test_market_orchestrator_comprehensive.py::TestMarketOrchestratorComprehensive::test_generate_analytics_report_with_filtering
ERROR tests/test_market_orchestrator_comprehensive.py::TestMarketOrchestratorComprehensive::test_memory_usage
ERROR tests/test_market_orchestrator_comprehensive.py::TestMarketOrchestratorComprehensive::test_concurrent_trade_requests
ERROR tests/test_market_orchestrator_comprehensive.py::TestMarketOrchestratorComprehensive::test_concurrent_market_data_processing
ERROR tests/test_market_orchestrator_comprehensive.py::TestMarketOrchestratorComprehensive::test_integration_scenario_complete_trading_cycle
ERROR tests/test_market_orchestrator_comprehensive.py::TestMarketOrchestratorComprehensive::test_integration_scenario_error_recovery
ERROR tests/test_market_orchestrator_comprehensive.py::TestMarketOrchestratorComprehensive::test_stress_test_high_frequency_updates
ERROR tests/test_market_orchestrator_comprehensive.py::TestMarketOrchestratorComprehensive::test_stress_test_memory_usage_with_many_positions
ERROR tests/test_market_orchestrator_comprehensive.py::TestMarketOrchestratorComprehensive::test_edge_case_empty_market_data
ERROR tests/test_market_orchestrator_comprehensive.py::TestMarketOrchestratorComprehensive::test_edge_case_invalid_trade_signal
ERROR tests/test_market_orchestrator_comprehensive.py::TestMarketOrchestratorComprehensive::test_edge_case_extreme_values
ERROR tests/test_market_orchestrator_comprehensive.py::TestMarketOrchestratorComprehensive::test_edge_case_unicode_symbols
ERROR tests/test_market_orchestrator_comprehensive.py::TestMarketOrchestratorComprehensive::test_robustness_against_none_values
ERROR tests/test_market_orchestrator_comprehensive.py::TestMarketOrchestratorComprehensive::test_robustness_against_type_errors
ERROR tests/test_market_orchestrator_comprehensive.py::TestMarketOrchestratorComprehensive::test_performance_large_portfolio_operations
ERROR tests/test_market_orchestrator_comprehensive.py::TestMarketOrchestratorComprehensive::test_performance_many_trade_history_operations
ERROR tests/test_orderbook_analyzer_comprehensive.py::TestOrderBookAnalyzerComprehensive::test_process_orderbook_update_success
ERROR tests/test_orderbook_analyzer_comprehensive.py::TestOrderBookAnalyzerComprehensive::test_process_orderbook_update_with_malformed_data
ERROR tests/test_orderbook_analyzer_comprehensive.py::TestOrderBookAnalyzerComprehensive::test_calculate_metrics_basic
ERROR tests/test_orderbook_analyzer_comprehensive.py::TestOrderBookAnalyzerComprehensive::test_calculate_advanced_metrics
ERROR tests/test_orderbook_analyzer_comprehensive.py::TestOrderBookAnalyzerComprehensive::test_analyze_with_ai_success
ERROR tests/test_orderbook_analyzer_comprehensive.py::TestOrderBookAnalyzerComprehensive::test_analyze_with_ai_failure
ERROR tests/test_orderbook_analyzer_comprehensive.py::TestOrderBookAnalyzerComprehensive::test_detect_market_manipulation
ERROR tests/test_orderbook_analyzer_comprehensive.py::TestOrderBookAnalyzerComprehensive::test_volume_profile_analysis
ERROR tests/test_orderbook_analyzer_comprehensive.py::TestOrderBookAnalyzerComprehensive::test_order_flow_analysis
ERROR tests/test_orderbook_analyzer_comprehensive.py::TestOrderBookAnalyzerComprehensive::test_market_depth_analysis
ERROR tests/test_orderbook_analyzer_comprehensive.py::TestOrderBookAnalyzerComprehensive::test_technical_indicators
ERROR tests/test_orderbook_analyzer_comprehensive.py::TestOrderBookAnalyzerComprehensive::test_calculate_position_risk
ERROR tests/test_orderbook_analyzer_comprehensive.py::TestOrderBookAnalyzerComprehensive::test_detect_market_regime
ERROR tests/test_orderbook_analyzer_comprehensive.py::TestOrderBookAnalyzerComprehensive::test_generate_trading_signal
ERROR tests/test_orderbook_analyzer_comprehensive.py::TestOrderBookAnalyzerComprehensive::test_benchmark_performance
ERROR tests/test_orderbook_analyzer_comprehensive.py::TestOrderBookAnalyzerComprehensive::test_async_analysis
ERROR tests/test_orderbook_analyzer_comprehensive.py::TestOrderBookAnalyzerComprehensive::test_error_handling_and_recovery
ERROR tests/test_orderbook_analyzer_comprehensive.py::TestOrderBookAnalyzerComprehensive::test_memory_management
ERROR tests/test_orderbook_analyzer_comprehensive.py::TestOrderBookAnalyzerComprehensive::test_serialization_deserialization
ERROR tests/test_orderbook_analyzer_comprehensive.py::TestOrderBookAnalyzerComprehensive::test_imbalance_based_signals[0.8-STRONG_BUY]
ERROR tests/test_orderbook_analyzer_comprehensive.py::TestOrderBookAnalyzerComprehensive::test_imbalance_based_signals[0.6-BUY]
ERROR tests/test_orderbook_analyzer_comprehensive.py::TestOrderBookAnalyzerComprehensive::test_imbalance_based_signals[0.2-NEUTRAL]
ERROR tests/test_orderbook_analyzer_comprehensive.py::TestOrderBookAnalyzerComprehensive::test_imbalance_based_signals[-0.2-NEUTRAL]
ERROR tests/test_orderbook_analyzer_comprehensive.py::TestOrderBookAnalyzerComprehensive::test_imbalance_based_signals[-0.6-SELL]
ERROR tests/test_orderbook_analyzer_comprehensive.py::TestOrderBookAnalyzerComprehensive::test_imbalance_based_signals[-0.8-STRONG_SELL]
ERROR tests/test_orderbook_analyzer_comprehensive.py::TestOrderBookAnalyzerComprehensive::test_concurrent_access_safety
ERROR tests/test_orderbook_analyzer_comprehensive.py::TestOrderBookAnalyzerComprehensive::test_edge_cases_and_boundary_conditions
ERROR tests/test_orderbook_analyzer_comprehensive.py::TestOrderBookAnalyzerComprehensive::test_metric_history_tracking
ERROR tests/test_orderbook_analyzer_comprehensive.py::TestOrderBookAnalyzerComprehensive::test_price_history_accuracy
ERROR tests/test_orderbook_analyzer_comprehensive.py::TestOrderBookAnalyzerComprehensive::test_analyzer_lifecycle
ERROR tests/test_orderbook_analyzer_comprehensive.py::TestOrderBookAnalyzerComprehensive::test_comprehensive_integration
ERROR tests/test_orderbook_core_comprehensive.py::TestOrderBookComprehensive::test_update_with_valid_data
ERROR tests/test_orderbook_core_comprehensive.py::TestOrderBookComprehensive::test_update_with_invalid_sequence
ERROR tests/test_orderbook_core_comprehensive.py::TestOrderBookComprehensive::test_get_best_bid_ask
ERROR tests/test_orderbook_core_comprehensive.py::TestOrderBookComprehensive::test_get_volume_at_price
ERROR tests/test_orderbook_core_comprehensive.py::TestOrderBookComprehensive::test_get_total_volume
ERROR tests/test_orderbook_core_comprehensive.py::TestOrderBookComprehensive::test_get_price_levels
ERROR tests/test_orderbook_core_comprehensive.py::TestOrderBookComprehensive::test_snapshot_creation
ERROR tests/test_orderbook_core_comprehensive.py::TestOrderBookComprehensive::test_snapshot_validation
ERROR tests/test_orderbook_core_comprehensive.py::TestOrderBookComprehensive::test_reset_orderbook
ERROR tests/test_orderbook_core_comprehensive.py::TestOrderBookComprehensive::test_max_depth_enforcement
ERROR tests/test_orderbook_core_comprehensive.py::TestOrderBookComprehensive::test_memory_efficiency
ERROR tests/test_orderbook_core_comprehensive.py::TestOrderBookComprehensive::test_state_consistency_after_errors
ERROR tests/test_orderbook_core_comprehensive.py::TestOrderBookComprehensive::test_cleanup_old_orders
ERROR tests/test_orderbook_core_comprehensive.py::TestOrderBookComprehensive::test_get_statistics_comprehensive
ERROR tests/test_orderbook_core_comprehensive.py::TestOrderBookComprehensive::test_liquidity_profile_analysis
ERROR tests/test_orderbook_core_comprehensive.py::TestOrderBookComprehensive::test_market_impact_analysis
ERROR tests/test_orderbook_core_comprehensive.py::TestOrderBookComprehensive::test_order_simulation
ERROR tests/test_orderbook_core_comprehensive.py::TestOrderBookComprehensive::test_memory_cleanup_on_reset
====== 62 failed, 295 passed, 1 skipped, 108 errors in 115.32s (0:01:55) ======
